
Copyright (C) 1994-2025 Synopsys, Inc.
This Synopsys software and all associated documentation are proprietary to Synopsys, Inc.
and may only be used pursuant to the terms and conditions of a written license agreement
with Synopsys, Inc. All other use, reproduction, modification, or distribution of the
Synopsys software or the associated documentation is strictly prohibited.
Tool: Synplify Pro (R)
Build: W-2025.03M-SP1-1
Install: /home/hagen/microchip/Libero_SoC_2025.2/Libero_SoC/Synplify_Pro
OS: Ubuntu 24.04.4 LTS
Hostname: 9YN89W3
max virtual memory: unlimited (bytes)
max user processes: 125189
max stack size: unlimited (bytes)


Implementation : synthesis
Synopsys HDL compiler and linker, Version comp202503synp2, Build 108R, Built Nov 18 2025 07:05:42, @6340609

Modified Files: 2
FID:  path (prevtimestamp, timestamp)
5        /home/hagen/school/fpga_comparison_project/libero_project/libero_project/component/syn_comps.v (2026-03-22 11:05:51, 2026-03-22 11:13:11)
9        /home/hagen/school/fpga_comparison_project/libero_project/libero_project/hdl/spi_controller_tmr.sv (N/A, 2026-03-22 10:55:00)

*******************************************************************
Modules that may have changed as a result of file changes: 3
MID:  lib.cell.view
0        work.MCHP_BLIC.verilog may have changed because the following files changed:
                        /home/hagen/school/fpga_comparison_project/libero_project/libero_project/component/syn_comps.v (2026-03-22 11:05:51, 2026-03-22 11:13:11) <-- (module definition)
3        work.spi_controller.verilog may have changed because the following files changed:
                        /home/hagen/school/fpga_comparison_project/libero_project/libero_project/hdl/spi_controller_tmr.sv (N/A, 2026-03-22 10:55:00) <-- (may instantiate this module)
4        work.spi_controller_tmr.verilog may have changed because the following files changed:
                        /home/hagen/school/fpga_comparison_project/libero_project/libero_project/hdl/spi_controller_tmr.sv (N/A, 2026-03-22 10:55:00) <-- (module definition)

*******************************************************************
Unmodified files: 6
FID:  path (timestamp)
0        /home/hagen/microchip/Libero_SoC_2025.2/Libero_SoC/Synplify_Pro/lib/generic/rtg4.v (2025-11-18 08:41:06)
1        /home/hagen/microchip/Libero_SoC_2025.2/Libero_SoC/Synplify_Pro/lib/vlog/hypermods.v (2025-11-18 08:43:31)
2        /home/hagen/microchip/Libero_SoC_2025.2/Libero_SoC/Synplify_Pro/lib/vlog/scemi_objects.v (2025-11-18 08:43:31)
3        /home/hagen/microchip/Libero_SoC_2025.2/Libero_SoC/Synplify_Pro/lib/vlog/scemi_pipes.svh (2025-11-18 08:43:31)
4        /home/hagen/microchip/Libero_SoC_2025.2/Libero_SoC/Synplify_Pro/lib/vlog/umr_capim.v (2025-11-18 08:43:31)
8        /home/hagen/school/fpga_comparison_project/libero_project/libero_project/hdl/spi_controller.sv (2026-03-22 10:55:00)

*******************************************************************
Unchanged modules: 0
MID:  lib.cell.view
