
Copyright (C) 1994-2025 Synopsys, Inc.
This Synopsys software and all associated documentation are proprietary to Synopsys, Inc.
and may only be used pursuant to the terms and conditions of a written license agreement
with Synopsys, Inc. All other use, reproduction, modification, or distribution of the
Synopsys software or the associated documentation is strictly prohibited.
Tool: Synplify Pro (R)
Build: W-2025.03LR-SP1
Install: C:\lscc\radiant\2025.2\synpbase
OS: Windows 10 or later
Hostname: DESKTOP-9LKF312

Implementation : impl_1
Synopsys HDL compiler and linker, Version comp202503synp2, Build 178R, Built Nov 11 2025 09:38:30, @

Modified Files: 0
FID:  path (prevtimestamp, timestamp)

*******************************************************************
Modules that may have changed as a result of file changes: 0
MID:  lib.cell.view

*******************************************************************
Unmodified files: 53
FID:  path (timestamp)
0        C:\Users\carol\repos\fpga_comparison_project\down_counter.sv (2026-03-22 10:18:37)
1        C:\Users\carol\repos\fpga_comparison_project\spi_controller.sv (2026-03-22 10:18:37)
2        C:\Users\carol\repos\fpga_comparison_project\spi_controller_tmr.sv (2026-03-22 10:18:37)
3        C:\Users\carol\repos\fpga_comparison_project\up_counter.sv (2026-03-22 10:18:37)
4        C:\lscc\radiant\2025.2\ip\pmi\../LFMXO4/ram_dp/rtl/lscc_lfmxo4_ram_dp.v (2025-11-12 07:20:48)
5        C:\lscc\radiant\2025.2\ip\pmi\../LFMXO4/ram_dp_true/rtl/lscc_lfmxo4_ram_dp_true.v (2025-10-17 21:21:40)
6        C:\lscc\radiant\2025.2\ip\pmi\../LFMXO4/ram_dq/rtl/lscc_lfmxo4_ram_dq.v (2025-11-13 19:20:42)
7        C:\lscc\radiant\2025.2\ip\pmi\../common/adder/rtl/lscc_adder.v (2025-10-17 21:21:42)
8        C:\lscc\radiant\2025.2\ip\pmi\../common/adder_subtractor/rtl/lscc_add_sub.v (2025-10-17 21:21:42)
9        C:\lscc\radiant\2025.2\ip\pmi\../common/complex_mult/rtl/lscc_complex_mult.v (2025-10-17 21:21:42)
10       C:\lscc\radiant\2025.2\ip\pmi\../common/counter/rtl/lscc_cntr.v (2025-10-17 21:21:42)
11       C:\lscc\radiant\2025.2\ip\pmi\../common/distributed_dpram/rtl/lscc_distributed_dpram.v (2025-10-17 21:21:42)
12       C:\lscc\radiant\2025.2\ip\pmi\../common/distributed_rom/rtl/lscc_distributed_rom.v (2025-10-17 21:21:42)
13       C:\lscc\radiant\2025.2\ip\pmi\../common/distributed_spram/rtl/lscc_distributed_spram.v (2025-10-17 21:21:42)
14       C:\lscc\radiant\2025.2\ip\pmi\../common/fifo/rtl/lscc_fifo.v (2025-10-17 21:21:42)
15       C:\lscc\radiant\2025.2\ip\pmi\../common/fifo_dc/rtl/lscc_fifo_dc.v (2025-10-17 21:21:43)
16       C:\lscc\radiant\2025.2\ip\pmi\../common/mult_accumulate/rtl/lscc_mult_accumulate.v (2025-10-17 21:21:44)
17       C:\lscc\radiant\2025.2\ip\pmi\../common/mult_add_sub/rtl/lscc_mult_add_sub.v (2025-10-17 21:21:44)
18       C:\lscc\radiant\2025.2\ip\pmi\../common/mult_add_sub_sum/rtl/lscc_mult_add_sub_sum.v (2025-10-17 21:21:44)
19       C:\lscc\radiant\2025.2\ip\pmi\../common/multiplier/rtl/lscc_multiplier.v (2025-10-17 21:21:44)
20       C:\lscc\radiant\2025.2\ip\pmi\../common/ram_dp/rtl/lscc_ram_dp.v (2025-10-17 21:21:44)
21       C:\lscc\radiant\2025.2\ip\pmi\../common/ram_dp_true/rtl/lscc_ram_dp_true.v (2025-10-17 21:21:45)
22       C:\lscc\radiant\2025.2\ip\pmi\../common/ram_dq/rtl/lscc_ram_dq.v (2025-10-17 21:21:45)
23       C:\lscc\radiant\2025.2\ip\pmi\../common/ram_shift_reg/rtl/lscc_shift_register.v (2025-10-17 21:21:45)
24       C:\lscc\radiant\2025.2\ip\pmi\../common/rom/rtl/lscc_rom.v (2025-10-17 21:21:45)
25       C:\lscc\radiant\2025.2\ip\pmi\../common/subtractor/rtl/lscc_subtractor.v (2025-10-17 21:21:45)
26       C:\lscc\radiant\2025.2\ip\pmi\pmi_add.v (2025-10-17 21:21:47)
27       C:\lscc\radiant\2025.2\ip\pmi\pmi_addsub.v (2025-10-17 21:21:47)
28       C:\lscc\radiant\2025.2\ip\pmi\pmi_complex_mult.v (2025-10-17 21:21:47)
29       C:\lscc\radiant\2025.2\ip\pmi\pmi_counter.v (2025-10-17 21:21:47)
30       C:\lscc\radiant\2025.2\ip\pmi\pmi_distributed_dpram.v (2025-10-17 21:21:47)
31       C:\lscc\radiant\2025.2\ip\pmi\pmi_distributed_rom.v (2025-10-17 21:21:47)
32       C:\lscc\radiant\2025.2\ip\pmi\pmi_distributed_shift_reg.v (2025-10-17 21:21:47)
33       C:\lscc\radiant\2025.2\ip\pmi\pmi_distributed_spram.v (2025-10-17 21:21:47)
34       C:\lscc\radiant\2025.2\ip\pmi\pmi_fifo.v (2025-10-17 21:21:47)
35       C:\lscc\radiant\2025.2\ip\pmi\pmi_fifo_dc.v (2025-10-17 21:21:47)
36       C:\lscc\radiant\2025.2\ip\pmi\pmi_lfd2nx1.v (2025-10-17 21:21:47)
37       C:\lscc\radiant\2025.2\ip\pmi\pmi_mac.v (2025-10-17 21:21:47)
38       C:\lscc\radiant\2025.2\ip\pmi\pmi_mult.v (2025-10-17 21:21:47)
39       C:\lscc\radiant\2025.2\ip\pmi\pmi_multaddsub.v (2025-10-17 21:21:47)
40       C:\lscc\radiant\2025.2\ip\pmi\pmi_multaddsubsum.v (2025-10-17 21:21:47)
41       C:\lscc\radiant\2025.2\ip\pmi\pmi_ram_dp.v (2025-10-17 21:21:47)
42       C:\lscc\radiant\2025.2\ip\pmi\pmi_ram_dp_be.v (2025-10-17 21:21:47)
43       C:\lscc\radiant\2025.2\ip\pmi\pmi_ram_dp_true.v (2025-10-17 21:21:47)
44       C:\lscc\radiant\2025.2\ip\pmi\pmi_ram_dq.v (2025-10-17 21:21:47)
45       C:\lscc\radiant\2025.2\ip\pmi\pmi_ram_dq_be.v (2025-10-17 21:21:47)
46       C:\lscc\radiant\2025.2\ip\pmi\pmi_rom.v (2025-10-17 21:21:47)
47       C:\lscc\radiant\2025.2\ip\pmi\pmi_sub.v (2025-10-17 21:21:47)
48       C:\lscc\radiant\2025.2\synpbase\lib\lucent\lfd2nx1.v (2025-12-03 22:17:44)
49       C:\lscc\radiant\2025.2\synpbase\lib\lucent\pmi_def.v (2025-11-11 06:43:29)
50       C:\lscc\radiant\2025.2\synpbase\lib\vlog\hypermods.v (2025-11-11 09:28:53)
51       C:\lscc\radiant\2025.2\synpbase\lib\vlog\scemi_objects.v (2025-11-11 09:28:53)
52       C:\lscc\radiant\2025.2\synpbase\lib\vlog\scemi_pipes.svh (2025-11-11 09:28:53)

*******************************************************************
Unchanged modules: 86
MID:  lib.cell.view
0        work.down_counter.verilog
1        work.ebr_addr_pipe.verilog
2        work.ebr_read_mux.verilog
3        work.lscc_add_sub.verilog
4        work.lscc_adder.verilog
5        work.lscc_cntr.verilog
6        work.lscc_complex_mult.verilog
7        work.lscc_distributed_dpram.verilog
8        work.lscc_distributed_rom.verilog
9        work.lscc_distributed_spram.verilog
10       work.lscc_fifo.verilog
11       work.lscc_fifo_dc.verilog
12       work.lscc_fifo_dc_fwft_fabric.verilog
13       work.lscc_fifo_dc_hw_core.verilog
14       work.lscc_fifo_dc_main.verilog
15       work.lscc_fifo_fwft_fabric.verilog
16       work.lscc_fifo_hw_core.verilog
17       work.lscc_fifo_main.verilog
18       work.lscc_fifo_mem_core.verilog
19       work.lscc_fifo_mem_main.verilog
20       work.lscc_fifo_soft_mem.verilog
21       work.lscc_hard_fifo.verilog
22       work.lscc_hard_fifo_dc.verilog
23       work.lscc_lfmxo4_ram_dp.verilog
24       work.lscc_lfmxo4_ram_dp_core.verilog
25       work.lscc_lfmxo4_ram_dp_main.verilog
26       work.lscc_lfmxo4_ram_dp_true.verilog
27       work.lscc_lfmxo4_ram_dp_true_core.verilog
28       work.lscc_lfmxo4_ram_dp_true_inst.verilog
29       work.lscc_lfmxo4_ram_dp_true_main.verilog
30       work.lscc_lfmxo4_ram_dq.verilog
31       work.lscc_lfmxo4_ram_dq_core.verilog
32       work.lscc_lfmxo4_ram_dq_inst.verilog
33       work.lscc_lfmxo4_ram_dq_main.verilog
34       work.lscc_lfmxo4_write_through.verilog
35       work.lscc_lfxo4_ram_dp_true_addr_pipe.verilog
36       work.lscc_lfxo4_ram_dp_true_read_mux.verilog
37       work.lscc_mult_accumulate.verilog
38       work.lscc_mult_add_sub.verilog
39       work.lscc_mult_add_sub_sum.verilog
40       work.lscc_multiplier.verilog
41       work.lscc_multiplier_dsp.verilog
42       work.lscc_multiplier_lut.verilog
43       work.lscc_ram_dp.verilog
44       work.lscc_ram_dp_core.verilog
45       work.lscc_ram_dp_main.verilog
46       work.lscc_ram_dp_true.verilog
47       work.lscc_ram_dp_true_core.verilog
48       work.lscc_ram_dp_true_inst.verilog
49       work.lscc_ram_dp_true_main.verilog
50       work.lscc_ram_dq.verilog
51       work.lscc_ram_dq_core.verilog
52       work.lscc_ram_dq_inst.verilog
53       work.lscc_ram_dq_main.verilog
54       work.lscc_reset_async.verilog
55       work.lscc_rom.verilog
56       work.lscc_rom_inst.verilog
57       work.lscc_rom_inst_core.verilog
58       work.lscc_shift_register.verilog
59       work.lscc_soft_fifo.verilog
60       work.lscc_soft_fifo_dc.verilog
61       work.lscc_subtractor.verilog
62       work.lscc_write_through.verilog
63       work.pmi_add.verilog
64       work.pmi_addsub.verilog
65       work.pmi_complex_mult.verilog
66       work.pmi_counter.verilog
67       work.pmi_distributed_dpram.verilog
68       work.pmi_distributed_rom.verilog
69       work.pmi_distributed_shift_reg.verilog
70       work.pmi_distributed_spram.verilog
71       work.pmi_fifo.verilog
72       work.pmi_fifo_dc.verilog
73       work.pmi_mac.verilog
74       work.pmi_mult.verilog
75       work.pmi_multaddsub.verilog
76       work.pmi_multaddsubsum.verilog
77       work.pmi_ram_dp.verilog
78       work.pmi_ram_dp_be.verilog
79       work.pmi_ram_dp_true.verilog
80       work.pmi_ram_dq.verilog
81       work.pmi_ram_dq_be.verilog
82       work.pmi_rom.verilog
83       work.pmi_sub.verilog
84       work.spi_controller.verilog
85       work.up_counter.verilog
