Resource Usage Report for spi_controller_tmr 

Mapping to part: rt4g150cg1657std
Cell usage:
CLKINT          2 uses
CFG2           22 uses
CFG3           58 uses
CFG4           58 uses

Carry cells:
ARI1            0 uses - used for arithmetic functions
ARI1            15 uses - used for Wide-Mux implementation
Total ARI1      15 uses


Sequential Cells: 
SLE            114 uses

DSP Blocks:    0 of 462 (0%)

I/O ports: 28
I/O primitives: 28
INBUF          12 uses
OUTBUF         16 uses


Global Clock Buffers: 2

Total LUTs:    153

Extra resources required for RAM and MACC interface logic during P&R:

RAM64x18_RT Interface Logic : SLEs = 0; LUTs = 0;
RAM1K18_RT  Interface Logic : SLEs = 0; LUTs = 0;
MACC     Interface Logic : SLEs = 0; LUTs = 0;

Total number of SLEs after P&R:  114 + 0 + 0 + 0 = 114;
Total number of LUTs after P&R:  153 + 0 + 0 + 0 = 153;

