Resource Usage Report for spi_controller 

Mapping to part: rt4g150cg1657std
Cell usage:
CLKINT          2 uses
CFG2           8 uses
CFG3           14 uses
CFG4           12 uses

Carry cells:
ARI1            0 uses - used for arithmetic functions
ARI1            5 uses - used for Wide-Mux implementation
Total ARI1      5 uses


Sequential Cells: 
SLE            38 uses

DSP Blocks:    0 of 462 (0%)

I/O ports: 25
I/O primitives: 25
INBUF          12 uses
OUTBUF         13 uses


Global Clock Buffers: 2

Total LUTs:    39

Extra resources required for RAM and MACC interface logic during P&R:

RAM64x18_RT Interface Logic : SLEs = 0; LUTs = 0;
RAM1K18_RT  Interface Logic : SLEs = 0; LUTs = 0;
MACC     Interface Logic : SLEs = 0; LUTs = 0;

Total number of SLEs after P&R:  38 + 0 + 0 + 0 = 38;
Total number of LUTs after P&R:  39 + 0 + 0 + 0 = 39;

