Resource Report
Microchip Technology Inc. - Microchip Libero Software Release 2025.2 (Version 2025.2.0.14)
Date: Sun Mar 22 10:56:08 2026

Device Selection
+------------------------+----------------+
| Family                 | RTG4           |
| Device                 | RT4G150L       |
| Package                | 1657 FCG       |
| Speed Grade            | STD            |
| Temp                   | -55:25:125     |
| Voltage                | 1.26:1.20:1.14 |
| Core Voltage           | 1.2V           |
| Ramp Rate              |                |
| Default I/O technology | LVCMOS 2.5V    |
| Restrict Probe Pins    | No             |
| Restrict SPI Pins      | No             |
+------------------------+----------------+

Source Files
+---------+--------------------------------------------------------------------------------------------------+
| Topcell | up_counter                                                                                       |
| Format  | Verilog                                                                                          |
| Source  | /home/hagen/school/fpga_comparison_project/libero_project/libero_project/synthesis/up_counter.vm |
+---------+--------------------------------------------------------------------------------------------------+

Options
+----------------------------------------------------+-------+
| Enable Single Event Transient mitigation           | false |
| Enable Design Separation Methodology               | false |
| Limit the number of high fanout nets to display to | 10    |
+----------------------------------------------------+-------+

Resource Usage
+---------------------------+------+--------+------------+
| Type                      | Used | Total  | Percentage |
+---------------------------+------+--------+------------+
| 4LUT                      | 15   | 151824 | 0.01       |
| DFF                       | 8    | 151824 | 0.01       |
| I/O Register              | 0    | 2160   | 0.00       |
| User I/O                  | 12   | 720    | 1.67       |
| -- Single-ended I/O       | 12   | 720    | 1.67       |
| -- Differential I/O Pairs | 0    | 360    | 0.00       |
| RAM64x18                  | 0    | 210    | 0.00       |
| RAM1K18                   | 0    | 209    | 0.00       |
| MACC                      | 0    | 462    | 0.00       |
| H-Chip Globals            | 1    | 48     | 2.08       |
| CCC                       | 0    | 8      | 0.00       |
| RCOSC_50MHZ               | 0    | 1      | 0.00       |
| SERDESIF Blocks           | 0    | 6      | 0.00       |
| FDDR                      | 0    | 2      | 0.00       |
+---------------------------+------+--------+------------+

Detailed Logic Resource Usage
+--------------------------+------+-----+
| Type                     | 4LUT | DFF |
+--------------------------+------+-----+
| Fabric Logic             | 15   | 8   |
| RAM64x18 Interface Logic | 0    | 0   |
| RAM1K18 Interface Logic  | 0    | 0   |
| MACC Interface Logic     | 0    | 0   |
| Total Used               | 15   | 8   |
+--------------------------+------+-----+

Detailed Carry Chains Resource Usage
+--------+------+
| Length | Used |
| 9      | 1    |
| Total  | 1    |
+--------+------+

I/O Function
+-------------------------------+--------------+-------------+-----------------+
| Type                          | w/o register | w/ register | w/ DDR register |
+-------------------------------+--------------+-------------+-----------------+
| Input I/O                     | 3            | 0           | 0               |
| Output I/O                    | 9            | 0           | 0               |
| Bidirectional I/O             | 0            | 0           | 0               |
| Differential Input I/O Pairs  | 0            | 0           | 0               |
| Differential Output I/O Pairs | 0            | 0           | 0               |
+-------------------------------+--------------+-------------+-----------------+

I/O Technology
+--------------+--------+------+-------+--------+---------------+
| I/O Standard | Vddi   | Vref | Input | Output | Bidirectional |
+--------------+--------+------+-------+--------+---------------+
| LVCMOS25     |  2.50v |  N/A |  3    |  9     |  0            |
+--------------+--------+------+-------+--------+---------------+

Nets assigned to chip global resources
+--------+---------+-----------------------------------+
| Fanout | Type    | Name                              |
+--------+---------+-----------------------------------+
| 8      | INT_NET | Net   : clk_c                     |
|        |         | Driver: clk_ibuf_RNIVTI21/U0_RGB1 |
|        |         | Source: NETLIST                   |
+--------+---------+-----------------------------------+

Nets assigned to row global resources
+--------+------+------+
| Fanout | Type | Name |
+--------+------+------+
+--------+------+------+

High fanout nets
+--------+---------+--------------------------+
| Fanout | Type    | Name                     |
+--------+---------+--------------------------+
| 10     | INT_NET | Net   : rst_c            |
|        |         | Driver: rst_ibuf         |
| 8      | INT_NET | Net   : counte           |
|        |         | Driver: en_ibuf_RNIM99D8 |
| 3      | INT_NET | Net   : count_c[7]       |
|        |         | Driver: count_Z[7]       |
| 3      | INT_NET | Net   : count_c[6]       |
|        |         | Driver: count_Z[6]       |
| 3      | INT_NET | Net   : count_c[5]       |
|        |         | Driver: count_Z[5]       |
| 3      | INT_NET | Net   : count_c[4]       |
|        |         | Driver: count_Z[4]       |
| 3      | INT_NET | Net   : count_c[3]       |
|        |         | Driver: count_Z[3]       |
| 3      | INT_NET | Net   : count_c[2]       |
|        |         | Driver: count_Z[2]       |
| 3      | INT_NET | Net   : count_c[1]       |
|        |         | Driver: count_Z[1]       |
| 3      | INT_NET | Net   : count_c[0]       |
|        |         | Driver: count_Z[0]       |
+--------+---------+--------------------------+

High fanout nets (through buffer trees)
+--------+---------+--------------------------+
| Fanout | Type    | Name                     |
+--------+---------+--------------------------+
| 10     | INT_NET | Net   : rst_c            |
|        |         | Driver: rst_ibuf         |
| 8      | INT_NET | Net   : counte           |
|        |         | Driver: en_ibuf_RNIM99D8 |
| 3      | INT_NET | Net   : count_c[7]       |
|        |         | Driver: count_Z[7]       |
| 3      | INT_NET | Net   : count_c[6]       |
|        |         | Driver: count_Z[6]       |
| 3      | INT_NET | Net   : count_c[5]       |
|        |         | Driver: count_Z[5]       |
| 3      | INT_NET | Net   : count_c[4]       |
|        |         | Driver: count_Z[4]       |
| 3      | INT_NET | Net   : count_c[3]       |
|        |         | Driver: count_Z[3]       |
| 3      | INT_NET | Net   : count_c[2]       |
|        |         | Driver: count_Z[2]       |
| 3      | INT_NET | Net   : count_c[1]       |
|        |         | Driver: count_Z[1]       |
| 3      | INT_NET | Net   : count_c[0]       |
|        |         | Driver: count_Z[0]       |
+--------+---------+--------------------------+

