
///////////////////////////////////
// Efinity Synthesis Started 
// Apr 05, 2026 13:06:37
///////////////////////////////////

[EFX-0012 VERI-INFO] default VHDL library search path is now "/home/hagen/Downloads/efinity-2025.2.288.2.10-linux-x64/efinity/2025.2/sim_models/vhdl/packages/vhdl_2008" (VHDL-1504) 
[EFX-0012 VERI-INFO] compiling module 'spi_controller_tmr' (VERI-1018) (/home/hagen/school/fpga_comparison_project/spi_controller_tmr.sv:6)
[EFX-0012 VERI-INFO] compiling module 'spi_controller' (VERI-1018) (/home/hagen/school/fpga_comparison_project/spi_controller.sv:5)
[EFX-0000 INFO] ... Setting Synthesis Option: mode=speed
[EFX-0012 VERI-INFO] compiling module 'EFX_ADD' (VERI-1018) (/home/hagen/Downloads/efinity-2025.2.288.2.10-linux-x64/efinity/2025.2/sim_models/maplib/efinix_maplib.v:8)
[EFX-0012 VERI-INFO] compiling module 'EFX_FF' (VERI-1018) (/home/hagen/Downloads/efinity-2025.2.288.2.10-linux-x64/efinity/2025.2/sim_models/maplib/efinix_maplib.v:21)
[EFX-0012 VERI-INFO] compiling module 'EFX_COMB4' (VERI-1018) (/home/hagen/Downloads/efinity-2025.2.288.2.10-linux-x64/efinity/2025.2/sim_models/maplib/efinix_maplib.v:38)
[EFX-0012 VERI-INFO] compiling module 'EFX_GBUFCE' (VERI-1018) (/home/hagen/Downloads/efinity-2025.2.288.2.10-linux-x64/efinity/2025.2/sim_models/maplib/efinix_maplib.v:48)
[EFX-0012 VERI-INFO] compiling module 'EFX_LUT4' (VERI-1018) (/home/hagen/Downloads/efinity-2025.2.288.2.10-linux-x64/efinity/2025.2/sim_models/maplib/efinix_maplib.v:57)
[EFX-0012 VERI-INFO] compiling module 'EFX_MULT' (VERI-1018) (/home/hagen/Downloads/efinity-2025.2.288.2.10-linux-x64/efinity/2025.2/sim_models/maplib/efinix_maplib.v:65)
[EFX-0012 VERI-INFO] compiling module 'EFX_DSP48' (VERI-1018) (/home/hagen/Downloads/efinity-2025.2.288.2.10-linux-x64/efinity/2025.2/sim_models/maplib/efinix_maplib.v:100)
[EFX-0012 VERI-INFO] compiling module 'EFX_DSP24' (VERI-1018) (/home/hagen/Downloads/efinity-2025.2.288.2.10-linux-x64/efinity/2025.2/sim_models/maplib/efinix_maplib.v:156)
[EFX-0012 VERI-INFO] compiling module 'EFX_DSP12' (VERI-1018) (/home/hagen/Downloads/efinity-2025.2.288.2.10-linux-x64/efinity/2025.2/sim_models/maplib/efinix_maplib.v:209)
[EFX-0012 VERI-INFO] compiling module 'EFX_RAM_4K' (VERI-1018) (/home/hagen/Downloads/efinity-2025.2.288.2.10-linux-x64/efinity/2025.2/sim_models/maplib/efinix_maplib.v:262)
[EFX-0012 VERI-INFO] compiling module 'EFX_RAM_5K' (VERI-1018) (/home/hagen/Downloads/efinity-2025.2.288.2.10-linux-x64/efinity/2025.2/sim_models/maplib/efinix_maplib.v:322)
[EFX-0012 VERI-INFO] compiling module 'EFX_DPRAM_5K' (VERI-1018) (/home/hagen/Downloads/efinity-2025.2.288.2.10-linux-x64/efinity/2025.2/sim_models/maplib/efinix_maplib.v:394)
[EFX-0012 VERI-INFO] compiling module 'RAMB5' (VERI-1018) (/home/hagen/Downloads/efinity-2025.2.288.2.10-linux-x64/efinity/2025.2/sim_models/maplib/efinix_maplib.v:499)
[EFX-0012 VERI-INFO] compiling module 'EFX_RAM_10K' (VERI-1018) (/home/hagen/Downloads/efinity-2025.2.288.2.10-linux-x64/efinity/2025.2/sim_models/maplib/efinix_maplib.v:561)
[EFX-0012 VERI-INFO] compiling module 'EFX_RAM10' (VERI-1018) (/home/hagen/Downloads/efinity-2025.2.288.2.10-linux-x64/efinity/2025.2/sim_models/maplib/efinix_maplib.v:653)
[EFX-0012 VERI-INFO] compiling module 'EFX_DPRAM10' (VERI-1018) (/home/hagen/Downloads/efinity-2025.2.288.2.10-linux-x64/efinity/2025.2/sim_models/maplib/efinix_maplib.v:754)
[EFX-0012 VERI-INFO] compiling module 'EFX_SRL8' (VERI-1018) (/home/hagen/Downloads/efinity-2025.2.288.2.10-linux-x64/efinity/2025.2/sim_models/maplib/efinix_maplib.v:884)
[EFX-0000 INFO] ... Pre-synthesis checks begin
[EFX-0200 WARNING] Removing redundant signal : k[31]. (/home/hagen/school/fpga_comparison_project/spi_controller_tmr.sv:94)
[EFX-0200 WARNING] Removing redundant signal : k[30]. (/home/hagen/school/fpga_comparison_project/spi_controller_tmr.sv:94)
[EFX-0200 WARNING] Removing redundant signal : k[29]. (/home/hagen/school/fpga_comparison_project/spi_controller_tmr.sv:94)
[EFX-0200 WARNING] Removing redundant signal : k[28]. (/home/hagen/school/fpga_comparison_project/spi_controller_tmr.sv:94)
[EFX-0200 WARNING] Removing redundant signal : k[27]. (/home/hagen/school/fpga_comparison_project/spi_controller_tmr.sv:94)
[EFX-0200 WARNING] Removing redundant signal : k[26]. (/home/hagen/school/fpga_comparison_project/spi_controller_tmr.sv:94)
[EFX-0200 WARNING] Removing redundant signal : k[25]. (/home/hagen/school/fpga_comparison_project/spi_controller_tmr.sv:94)
[EFX-0200 WARNING] Removing redundant signal : k[24]. (/home/hagen/school/fpga_comparison_project/spi_controller_tmr.sv:94)
[EFX-0200 WARNING] Removing redundant signal : k[23]. (/home/hagen/school/fpga_comparison_project/spi_controller_tmr.sv:94)
[EFX-0200 WARNING] Removing redundant signal : k[22]. (/home/hagen/school/fpga_comparison_project/spi_controller_tmr.sv:94)
[EFX-0200 WARNING] Removing redundant signal : k[21]. (/home/hagen/school/fpga_comparison_project/spi_controller_tmr.sv:94)
[EFX-0200 WARNING] Removing redundant signal : k[20]. (/home/hagen/school/fpga_comparison_project/spi_controller_tmr.sv:94)
[EFX-0200 WARNING] Removing redundant signal : k[19]. (/home/hagen/school/fpga_comparison_project/spi_controller_tmr.sv:94)
[EFX-0200 WARNING] Removing redundant signal : k[18]. (/home/hagen/school/fpga_comparison_project/spi_controller_tmr.sv:94)
[EFX-0200 WARNING] Removing redundant signal : k[17]. (/home/hagen/school/fpga_comparison_project/spi_controller_tmr.sv:94)
[EFX-0200 WARNING] Removing redundant signal : k[16]. (/home/hagen/school/fpga_comparison_project/spi_controller_tmr.sv:94)
[EFX-0200 WARNING] Removing redundant signal : k[15]. (/home/hagen/school/fpga_comparison_project/spi_controller_tmr.sv:94)
[EFX-0200 WARNING] Removing redundant signal : k[14]. (/home/hagen/school/fpga_comparison_project/spi_controller_tmr.sv:94)
[EFX-0200 WARNING] Removing redundant signal : k[13]. (/home/hagen/school/fpga_comparison_project/spi_controller_tmr.sv:94)
[EFX-0200 WARNING] Removing redundant signal : k[12]. (/home/hagen/school/fpga_comparison_project/spi_controller_tmr.sv:94)
[EFX-0000 INFO] ... Pre-synthesis checks end (Real time : 0s CPU user time : 0s CPU sys time : 0s MEM : 339288KB)
[EFX-0000 INFO] ... NameSpace init begin
[EFX-0000 INFO] ... NameSpace init end (Real time : 0s CPU user time : 0s CPU sys time : 0s MEM : 339288KB)
[EFX-0000 INFO] ... Mapping design "spi_controller_tmr"
[EFX-0000 INFO] ... Hierarchical pre-synthesis "spi_controller" begin
[EFX-0000 INFO] ... Hierarchical pre-synthesis "spi_controller" end (Real time : 0s CPU user time : 1s CPU sys time : 0s MEM : 339288KB)
[EFX-0000 INFO] ... Hierarchical pre-synthesis "spi_controller_tmr" begin
[EFX-0673 INFO] Instance 'gen_cores[1].u_spi' is equivalent to 'gen_cores[0].u_spi', it will be optimized. (/home/hagen/school/fpga_comparison_project/spi_controller_tmr.sv:49)
[EFX-0673 INFO] Instance 'gen_cores[2].u_spi' is equivalent to 'gen_cores[0].u_spi', it will be optimized. (/home/hagen/school/fpga_comparison_project/spi_controller_tmr.sv:49)
[EFX-0000 INFO] ... Clock Enable Synthesis Performed on 13 flops.
[EFX-0000 INFO] ... Hierarchical pre-synthesis "spi_controller_tmr" end (Real time : 0s CPU user time : 1s CPU sys time : 0s MEM : 339288KB)
[EFX-0000 INFO] ... Flat optimizations begin
[EFX-0000 INFO] ... Flat optimizations end (Real time : 0s CPU user time : 1s CPU sys time : 0s MEM : 339288KB)
[EFX-0000 INFO] ... Flat synthesis begin
[EFX-0000 INFO] ... Flat synthesis end (Real time : 0s CPU user time : 1s CPU sys time : 0s MEM : 339288KB)
[EFX-0000 INFO] ... Flat optimizations begin
[EFX-0000 INFO] ... Flat optimizations end (Real time : 0s CPU user time : 1s CPU sys time : 0s MEM : 339288KB)
[EFX-0000 INFO] ... Check and break combinational loops begin
[EFX-0000 INFO] ... Check and break combinational loops end (Real time : 0s CPU user time : 1s CPU sys time : 0s MEM : 339288KB)
[EFX-0000 INFO] ... Sequential Optimization begin
[EFX-0000 INFO] ... Clock Network 'clk' with 35 loads will be considered for sequential optimization.
[EFX-0000 INFO] ... Sequential Optimization deduced 5 equivalent points.
[EFX-0000 INFO] ... Sequential Optimization end (Real time : 0s CPU user time : 1s CPU sys time : 0s MEM : 339288KB)
[EFX-0000 INFO] ... Setup for logic synthesis begin
[EFX-0000 INFO] ... Setup for logic synthesis end (Real time : 0s CPU user time : 1s CPU sys time : 0s MEM : 339288KB)
[EFX-0000 INFO] ... LUT mapping begin
[EFX-0000 INFO] ... LS, strategy: 3, nd: 29, ed: 85, lv: 3, pw: 77.62
[EFX-0000 INFO] ... LUT mapping end (Real time : 0s CPU user time : 1s CPU sys time : 0s MEM : 339288KB)
[EFX-0000 INFO] ... Post-synthesis Verific netlist creation begin
[EFX-0000 INFO] ... Post-synthesis Verific netlist creation end (Real time : 0s CPU user time : 1s CPU sys time : 0s MEM : 339288KB)
[EFX-0000 INFO] ... Postmap Retiming Optimization begin
[EFX-0000 INFO] ... Clock Network 'clk~clk' with 35 loads will be considered for retiming optimization.
[EFX-0000 INFO] ... Performed 0 retime moves.
[EFX-0000 INFO] ... Postmap Retiming Optimization end (Real time : 0s CPU user time : 1s CPU sys time : 0s MEM : 339288KB)
[EFX-0000 INFO] Resource Summary 
[EFX-0000 INFO] =============================== 
[EFX-0000 INFO] EFX_LUT4        : 	30
[EFX-0000 INFO] EFX_FF          : 	35
[EFX-0000 INFO] =============================== 
[EFX-0000 INFO] ... Post-Map Verilog Writer begin
[EFX-0000 INFO] ... Post-Map Verilog Writer end (Real time : 0s CPU user time : 1s CPU sys time : 0s MEM : 339288KB)
