           
           Efinix FPGA Placement and Routing.
           Version: 2025.2.288.2.10 
           Compiled: Dec 18 2025.
           
           Copyright (C) 2013 - 2025 Efinix, Inc. All rights reserved.

           
           The Tool Is Based on VPR of University of Toronto,
           a free open source code under MIT license.
           
INFO     : Reading core interface constraints file "/home/hagen/school/fpga_comparison_project/efinity_project/spi_controller_tmr/outflow/spi_controller_tmr.interface.csv" [DBMsg::CoreInterfaceConstraintsFileReading]
INFO     : Successfully read core interface constraints file "/home/hagen/school/fpga_comparison_project/efinity_project/spi_controller_tmr/outflow/spi_controller_tmr.interface.csv" [DBMsg::CoreInterfaceConstraintsFileLoadSuccess]
INFO     : Packed 11 lut->ffs and 0 ff->luts out of 35 (24 were lonely) [PackerMsg::CellPackingStatistics]
INFO     : XLR count after merging: 56
INFO     : Netlist has 32 luts, 35 ffs and 0 adders [PackerMsg::NetlistStatistics]
INFO     : Packed into 56 clusters with 1.9642857(1.0535715) inputs(outputs) per cluster for a total of 110(59) inputs(outputs) [PackerMsg::ClusterPackingStatistics]
INFO     : Packed into 56 xlrs with 1.9642857(1.0535715) inputs(outputs) per xlr for a total of 110(59) inputs(outputs) [PackerMsg::XLRPackingStatistics]
INFO     : Packed 0 fracturable DSPs into 0 clusters [PackerMsg::DSPPackingStatistics]
INFO     : Packing took 0.168824322 seconds [FlowMsg::StageDuration]
INFO     :     Packing took 0.17 seconds (approximately) in total CPU time [FlowMsg::StageDuration::CPUTime]
INFO     : Packing virtual memory usage: begin = 191.436 MB, end = 234.936 MB, delta = 43.5 MB [FlowMsg::VMUsage]
INFO     : Packing resident set memory usage: begin = 109.052 MB, end = 117.364 MB, delta = 8.312 MB [FlowMsg::RSSUsage]
INFO     :     Packing peak resident set memory usage = 339.288 MB [FlowMsg::RSSUsage::Peak]
INFO     : No SDC file found.  Using default timing constraint of 1 ns.
INFO     : NOTE:  Use --sdc_file <SDC_FILE> to override this behavior.
INFO     : Creating clock 'clk' with 1 sources
INFO     : Reading core interface constraints file "/home/hagen/school/fpga_comparison_project/efinity_project/spi_controller_tmr/outflow/spi_controller_tmr.interface.csv" [DBMsg::CoreInterfaceConstraintsFileReading]
INFO     : Successfully read core interface constraints file "/home/hagen/school/fpga_comparison_project/efinity_project/spi_controller_tmr/outflow/spi_controller_tmr.interface.csv" [DBMsg::CoreInterfaceConstraintsFileLoadSuccess]
WARNING  : IO cell "start" has no assigned placement; it will be placed randomly
WARNING  : IO cell "tx_data[6]" has no assigned placement; it will be placed randomly
WARNING  : IO cell "rx_data[1]" has no assigned placement; it will be placed randomly
WARNING  : IO cell "miso" has no assigned placement; it will be placed randomly
WARNING  : IO cell "tx_data[5]" has no assigned placement; it will be placed randomly
WARNING  : IO cell "tx_data[1]" has no assigned placement; it will be placed randomly
WARNING  : IO cell "rx_data[7]" has no assigned placement; it will be placed randomly
WARNING  : IO cell "rx_data[3]" has no assigned placement; it will be placed randomly
WARNING  : IO cell "busy" has no assigned placement; it will be placed randomly
WARNING  : IO cell "mosi" has no assigned placement; it will be placed randomly
WARNING  : IO cell "clk" has no assigned placement; it will be placed randomly
WARNING  : IO cell "cs_n" has no assigned placement; it will be placed randomly
WARNING  : IO cell "tx_data[7]" has no assigned placement; it will be placed randomly
WARNING  : IO cell "tx_data[0]" has no assigned placement; it will be placed randomly
WARNING  : IO cell "rx_data[6]" has no assigned placement; it will be placed randomly
WARNING  : IO cell "rx_data[5]" has no assigned placement; it will be placed randomly
WARNING  : IO cell "rx_data[2]" has no assigned placement; it will be placed randomly
WARNING  : IO cell "rx_data[0]" has no assigned placement; it will be placed randomly
WARNING  : IO cell "done" has no assigned placement; it will be placed randomly
WARNING  : IO cell "sclk" has no assigned placement; it will be placed randomly
WARNING  : IO cell "rst_n" has no assigned placement; it will be placed randomly
WARNING  : IO cell "tx_data[4]" has no assigned placement; it will be placed randomly
WARNING  : IO cell "tx_data[3]" has no assigned placement; it will be placed randomly
WARNING  : IO cell "tx_data[2]" has no assigned placement; it will be placed randomly
WARNING  : IO cell "rx_data[4]" has no assigned placement; it will be placed randomly
WARNING  : IO cell "fault[2]" has no assigned placement; it will be placed randomly
WARNING  : IO cell "fault[1]" has no assigned placement; it will be placed randomly
WARNING  : IO cell "fault[0]" has no assigned placement; it will be placed randomly
INFO     : 28 IO cells will have random placement
INFO     : Counting 1 clocks that are not assigned to clock resources as global clocks.
INFO     : Reading core interface constraints file "/home/hagen/school/fpga_comparison_project/efinity_project/spi_controller_tmr/outflow/spi_controller_tmr.interface.csv" [DBMsg::CoreInterfaceConstraintsFileReading]
INFO     : Successfully read core interface constraints file "/home/hagen/school/fpga_comparison_project/efinity_project/spi_controller_tmr/outflow/spi_controller_tmr.interface.csv" [DBMsg::CoreInterfaceConstraintsFileLoadSuccess]
INFO     : Counting 1 clocks that are not assigned to clock resources as global clocks.
INFO     : Starting Global Placer with 10 threads ...
            ----------     -------  --------------     -------
             Iteration       WHPWL Worst Slack (ps) Convergence
            ----------     -------  --------------     -------
INFO     :           1        3660             -80        77.2%
INFO     :           2        3432             -80        84.0%
INFO     :           3        3233             -80        88.1%
INFO     :           4        3042            -120        91.2%
INFO     :           5        3018             -80        92.6%
INFO     :           6        2922             -80        93.8%
INFO     :           7        2894             -80        93.8%
INFO     :           8        2888             -80        94.7%
INFO     :           9        2835             -80        95.7%
INFO     :          10        2845            -123        97.0%
INFO     :          11        2824            -257        98.1%
INFO     :          12        2821            -272        99.0%
INFO     :          13        2821            -323        99.5%
INFO     :          14        2817            -367        99.9%
INFO     :          15        2820            -509        99.9%
INFO     :          16        2821            -424        99.9%
INFO     : Starting Annealer
            ----------     -------  --------------     -------
             Iteration       WHPWL  Delay Max (ps)     R Limit
            ----------     -------  --------------     -------
INFO     :           0         192            1387        30.0
INFO     :           1         179            1109        28.1
INFO     :           2         188            1099        26.0
INFO     :           3         189            1088        24.1
INFO     :           4         213            1088        22.4
INFO     :           5         210            1084        20.6
INFO     :           6         191            1055        19.1
INFO     :           7         174            1055        17.7
INFO     :           8         182            1055        16.3
INFO     :           9         188            1045        15.1
INFO     :          10         173            1051        13.9
INFO     :          11         163            1010        12.8
INFO     :          12         162            1010        11.8
INFO     :          13         155             995        10.8
INFO     :          14         150            1010        10.0
INFO     :          15         155            1010         9.2
INFO     :          16         155            1010         8.4
INFO     :          17         154            1010         7.8
INFO     :          18         155            1010         7.1
INFO     :          19         159            1010         6.6
INFO     :          20         160            1010         6.0
INFO     :          21         161            1010         5.5
INFO     :          22         159            1005         5.1
INFO     :          23         153             918         4.7
INFO     :          24         148             912         4.3
INFO     : Placement successful: 56 cells are placed
INFO     : Peak congestion smeared over 4x4 of the chip is 0.299756 at 139,98
INFO     : Peak congestion smeared over 1/16 of the chip is 0.0586321 at 148,99
INFO     : Peak congestion smeared over 1/4 of the chip is 0.00814651 at 190,141
INFO     : Congestion-weighted HPWL per net: 37.622
INFO     : Placement took 5.201501225 seconds [FlowMsg::StageDuration]
INFO     :     Placement took 6.04 seconds (approximately) in total CPU time [FlowMsg::StageDuration::CPUTime]
INFO     : Placement virtual memory usage: begin = 307.952 MB, end = 327.412 MB, delta = 19.46 MB [FlowMsg::VMUsage]
INFO     : Placement resident set memory usage: begin = 181.468 MB, end = 154.616 MB, delta = -26.852 MB [FlowMsg::RSSUsage]
INFO     :     Placement peak resident set memory usage = 339.288 MB [FlowMsg::RSSUsage::Peak]
INFO     : Post-placement cluster-level checks is successful
INFO     : Post-placement primitive-level checks is successful
