Resource Usage Report
Part: lfd2nx_25-9

Register bits: 8 of 23040 (0%)
PIC Latch:       0
I/O cells:       12

Details:
CCU2:           5
FD1P3IX:        8
GSR:            1
IB:             3
LUT4:           4
OB:             9
VHI:            1
VLO:            1

Resource Usage inside macros:
Registers: 0
LUTs: 0
EBRs: 0
LRAMs: 0
DSPs: 0
Distributed RAMs: 0
Carry Chains: 0
Blackboxes: 0

Mapping Summary:
Total number of registers: 8 + 0 = 8 of 23040 (0.03%)
Total number of LUTs: 4 + 0 = 4 
Total number of EBRs: 0 + 0 = 0 of 80 (0.00%)
Total number of LRAMs: 0 + 0 = 0 of 1 (0.00%)
Total number of DSPs: 0 + 0 = 0 of 20 (0.00%)
Total number of Distributed RAMs: 0 + 0 = 0 
Total number of Carry Chains: 5 + 0 = 5 
Total number of BlackBoxes: 3 + 0 = 3 
