           
           Efinix FPGA Placement and Routing.
           Version: 2025.2.288.2.10 
           Compiled: Dec 18 2025.
           
           Copyright (C) 2013 - 2025 Efinix, Inc. All rights reserved.

           
           The Tool Is Based on VPR of University of Toronto,
           a free open source code under MIT license.
           
INFO     : Reading core interface constraints file "/home/hagen/school/fpga_comparison_project/efinity_project/spi_controller/outflow/spi_controller.interface.csv" [DBMsg::CoreInterfaceConstraintsFileReading]
INFO     : Successfully read core interface constraints file "/home/hagen/school/fpga_comparison_project/efinity_project/spi_controller/outflow/spi_controller.interface.csv" [DBMsg::CoreInterfaceConstraintsFileLoadSuccess]
INFO     : Packed 19 lut->ffs and 0 ff->luts out of 35 (16 were lonely) [PackerMsg::CellPackingStatistics]
INFO     : XLR count after merging: 56
INFO     : Netlist has 40 luts, 35 ffs and 0 adders [PackerMsg::NetlistStatistics]
INFO     : Packed into 56 clusters with 2.232143(1.0535715) inputs(outputs) per cluster for a total of 125(59) inputs(outputs) [PackerMsg::ClusterPackingStatistics]
INFO     : Packed into 56 xlrs with 2.232143(1.0535715) inputs(outputs) per xlr for a total of 125(59) inputs(outputs) [PackerMsg::XLRPackingStatistics]
INFO     : Packed 0 fracturable DSPs into 0 clusters [PackerMsg::DSPPackingStatistics]
INFO     : Packing took 0.251555814 seconds [FlowMsg::StageDuration]
INFO     :     Packing took 0.25 seconds (approximately) in total CPU time [FlowMsg::StageDuration::CPUTime]
INFO     : Packing virtual memory usage: begin = 191.436 MB, end = 234.936 MB, delta = 43.5 MB [FlowMsg::VMUsage]
INFO     : Packing resident set memory usage: begin = 108.956 MB, end = 117.456 MB, delta = 8.5 MB [FlowMsg::RSSUsage]
INFO     :     Packing peak resident set memory usage = 307.68 MB [FlowMsg::RSSUsage::Peak]
INFO     : No SDC file found.  Using default timing constraint of 1 ns.
INFO     : NOTE:  Use --sdc_file <SDC_FILE> to override this behavior.
INFO     : Creating clock 'clk' with 1 sources
INFO     : Reading core interface constraints file "/home/hagen/school/fpga_comparison_project/efinity_project/spi_controller/outflow/spi_controller.interface.csv" [DBMsg::CoreInterfaceConstraintsFileReading]
INFO     : Successfully read core interface constraints file "/home/hagen/school/fpga_comparison_project/efinity_project/spi_controller/outflow/spi_controller.interface.csv" [DBMsg::CoreInterfaceConstraintsFileLoadSuccess]
WARNING  : IO cell "start" has no assigned placement; it will be placed randomly
WARNING  : IO cell "tx_data[6]" has no assigned placement; it will be placed randomly
WARNING  : IO cell "rx_data[1]" has no assigned placement; it will be placed randomly
WARNING  : IO cell "miso" has no assigned placement; it will be placed randomly
WARNING  : IO cell "tx_data[5]" has no assigned placement; it will be placed randomly
WARNING  : IO cell "tx_data[1]" has no assigned placement; it will be placed randomly
WARNING  : IO cell "rx_data[7]" has no assigned placement; it will be placed randomly
WARNING  : IO cell "rx_data[3]" has no assigned placement; it will be placed randomly
WARNING  : IO cell "busy" has no assigned placement; it will be placed randomly
WARNING  : IO cell "mosi" has no assigned placement; it will be placed randomly
WARNING  : IO cell "clk" has no assigned placement; it will be placed randomly
WARNING  : IO cell "cs_n" has no assigned placement; it will be placed randomly
WARNING  : IO cell "tx_data[7]" has no assigned placement; it will be placed randomly
WARNING  : IO cell "tx_data[0]" has no assigned placement; it will be placed randomly
WARNING  : IO cell "rx_data[6]" has no assigned placement; it will be placed randomly
WARNING  : IO cell "rx_data[5]" has no assigned placement; it will be placed randomly
WARNING  : IO cell "rx_data[2]" has no assigned placement; it will be placed randomly
WARNING  : IO cell "rx_data[0]" has no assigned placement; it will be placed randomly
WARNING  : IO cell "rst_n" has no assigned placement; it will be placed randomly
WARNING  : IO cell "tx_data[4]" has no assigned placement; it will be placed randomly
WARNING  : IO cell "tx_data[3]" has no assigned placement; it will be placed randomly
WARNING  : IO cell "tx_data[2]" has no assigned placement; it will be placed randomly
WARNING  : IO cell "rx_data[4]" has no assigned placement; it will be placed randomly
WARNING  : IO cell "done" has no assigned placement; it will be placed randomly
WARNING  : IO cell "sclk" has no assigned placement; it will be placed randomly
INFO     : 25 IO cells will have random placement
INFO     : Counting 1 clocks that are not assigned to clock resources as global clocks.
INFO     : Reading core interface constraints file "/home/hagen/school/fpga_comparison_project/efinity_project/spi_controller/outflow/spi_controller.interface.csv" [DBMsg::CoreInterfaceConstraintsFileReading]
INFO     : Successfully read core interface constraints file "/home/hagen/school/fpga_comparison_project/efinity_project/spi_controller/outflow/spi_controller.interface.csv" [DBMsg::CoreInterfaceConstraintsFileLoadSuccess]
INFO     : Counting 1 clocks that are not assigned to clock resources as global clocks.
INFO     : Starting Global Placer with 10 threads ...
            ----------     -------  --------------     -------
             Iteration       WHPWL Worst Slack (ps) Convergence
            ----------     -------  --------------     -------
INFO     :           1        3795             -80        78.3%
INFO     :           2        3487             -80        85.9%
INFO     :           3        3478             -80        87.2%
INFO     :           4        3316             -80        90.2%
INFO     :           5        3224             -80        91.4%
INFO     :           6        3181             -80        92.4%
INFO     :           7        3131             -80        93.5%
INFO     :           8        3093             -83        93.8%
INFO     :           9        3073             -80        95.5%
INFO     :          10        3029             -83        96.7%
INFO     :          11        3041            -210        98.1%
INFO     :          12        3041            -239        99.3%
INFO     :          13        3027            -438       100.1%
INFO     :          14        3016            -546       100.1%
INFO     :          15        3025            -546       100.1%
INFO     :          16        3034            -546       100.1%
INFO     : Starting Annealer
            ----------     -------  --------------     -------
             Iteration       WHPWL  Delay Max (ps)     R Limit
            ----------     -------  --------------     -------
INFO     :           0         207            1394        30.0
INFO     :           1         162            1176        28.1
INFO     :           2         160            1161        26.1
INFO     :           3         154            1050        24.3
INFO     :           4         168            1050        22.5
INFO     :           5         166            1060        20.8
INFO     :           6         171            1060        19.3
INFO     :           7         173            1060        17.8
INFO     :           8         155            1060        16.4
INFO     :           9         156            1093        15.2
INFO     :          10         155            1060        14.0
INFO     :          11         154            1032        13.0
INFO     :          12         156            1060        11.9
INFO     :          13         148            1060        11.0
INFO     :          14         145            1048        10.2
INFO     :          15         146            1048         9.4
INFO     :          16         153            1060         8.6
INFO     :          17         151            1060         8.0
INFO     :          18         143            1047         7.3
INFO     :          19         147            1048         6.8
INFO     :          20         163            1060         6.3
INFO     :          21         153            1048         5.8
INFO     :          22         160            1060         5.3
INFO     :          23         160            1048         4.9
INFO     :          24         159            1048         4.5
INFO     : Placement successful: 56 cells are placed
INFO     : Peak congestion smeared over 4x4 of the chip is 0.238338 at 141,103
INFO     : Peak congestion smeared over 1/16 of the chip is 0.0693243 at 150,96
INFO     : Peak congestion smeared over 1/4 of the chip is 0.00902643 at 192,139
INFO     : Congestion-weighted HPWL per net: 40.086
INFO     : Placement took 5.637414224 seconds [FlowMsg::StageDuration]
INFO     :     Placement took 6.49 seconds (approximately) in total CPU time [FlowMsg::StageDuration::CPUTime]
INFO     : Placement virtual memory usage: begin = 314.832 MB, end = 329.172 MB, delta = 14.34 MB [FlowMsg::VMUsage]
INFO     : Placement resident set memory usage: begin = 185.228 MB, end = 154.688 MB, delta = -30.54 MB [FlowMsg::RSSUsage]
INFO     :     Placement peak resident set memory usage = 307.68 MB [FlowMsg::RSSUsage::Peak]
INFO     : Post-placement cluster-level checks is successful
INFO     : Post-placement primitive-level checks is successful
