
Copyright (C) 1994-2025 Synopsys, Inc.
This Synopsys software and all associated documentation are proprietary to Synopsys, Inc.
and may only be used pursuant to the terms and conditions of a written license agreement
with Synopsys, Inc. All other use, reproduction, modification, or distribution of the
Synopsys software or the associated documentation is strictly prohibited.
Tool: Synplify Pro (R)
Build: W-2025.03M-SP1-1
Install: /home/hagen/microchip/Libero_SoC_2025.2/Libero_SoC/Synplify_Pro
OS: Ubuntu 24.04.4 LTS
Hostname: 9YN89W3
max virtual memory: unlimited (bytes)
max user processes: 125189
max stack size: 8388608 (bytes)


Implementation : synthesis

# Written on Sun Mar 22 11:05:54 2026

##### FILES SYNTAX CHECKED ##############################################
Constraint File(s):      "/home/hagen/school/fpga_comparison_project/libero_project/libero_project/designer/spi_controller/synthesis.fdc"

#Run constraint checker to find more issues with constraints.
#########################################################################



No issues found in constraint syntax.



Clock Summary
*************

          Start                  Requested     Requested     Clock        Clock                                          Clock
Level     Clock                  Frequency     Period        Type         Group                                          Load 
------------------------------------------------------------------------------------------------------------------------------
0 -       spi_controller|clk     100.0 MHz     10.000        inferred     Inferred_clkgroup_0, Inferred_clkgroup_0_1     38   
==============================================================================================================================


Clock Load Summary
******************

                       Clock     Source        Clock Pin       Non-clock Pin     Non-clock Pin
Clock                  Load      Pin           Seq Example     Seq Example       Comb Example 
----------------------------------------------------------------------------------------------
spi_controller|clk     38        clk(port)     done.C          -                 -            
==============================================================================================
