Option definition override for: enable_hydra_infer_clocks_from_latch_data

                               Synplify Pro (R) 

              Version W-2025.03M-SP1-1 for linux64 - Nov 18, 2025 

                    Copyright (c) 1988 - 2025 Synopsys, Inc.
   This software and the associated documentation are proprietary to Synopsys,
 Inc. This software may only be used in accordance with the terms and conditions
 of a written license agreement with Synopsys, Inc. All other use, reproduction,
   or distribution of this software is strictly prohibited.  Licensed Products
     communicate with Synopsys servers for the purpose of providing software
    updates, detecting software piracy and verifying that customers are using
    Licensed Products in conformity with the applicable License Key for such
  Licensed Products. Synopsys will use information gathered in connection with
    this process to deliver software updates and pursue software pirates and
                                   infringers.

 Inclusivity & Diversity - Visit SolvNetPlus to read the "Synopsys Statement on
            Inclusivity and Diversity" (Refer to article 000036315 at
                        https://solvnetplus.synopsys.com)

Starting:    /home/hagen/microchip/Libero_SoC_2025.2/Libero_SoC/Synplify_Pro/linux_a_64/mbin/synbatch
Install:     /home/hagen/microchip/Libero_SoC_2025.2/Libero_SoC/Synplify_Pro
Hostname:    9yn89w3.freeipa.astranis.corp
Date:        Sat May  2 10:36:43 2026
Version:     W-2025.03M-SP1-1

Arguments:   -product synplify_base -licensetype synplifypro_actel -batch -log synplify.log spi_controller_tmr_syn.tcl
ProductType: synplify_pro

License checkout: synplifypro_actel
License: synplifypro_actel from server corp-flexnet-00 
Licensed Vendor: actel
License Option: actel_oem

Running in Vendor Mode




log file: "/home/hagen/school/fpga_comparison_project/libero_project/libero_project/synthesis/spi_controller_tmr.srr"
Running: synthesis in foreground

Running spi_controller_tmr_syn|synthesis

Running Flow: compile (Compile) on spi_controller_tmr_syn|synthesis
# Sat May  2 10:36:43 2026

Running Flow: compile_flow (Compile Process) on spi_controller_tmr_syn|synthesis
# Sat May  2 10:36:43 2026

Running: compiler (Compile Input) on spi_controller_tmr_syn|synthesis
# Sat May  2 10:36:43 2026
Process ID: 90243
Copied /home/hagen/school/fpga_comparison_project/libero_project/libero_project/synthesis/synwork/spi_controller_tmr_comp.srs to /home/hagen/school/fpga_comparison_project/libero_project/libero_project/synthesis/spi_controller_tmr.srs

compiler completed
# Sat May  2 10:36:45 2026

Return Code: 0
Run Time:00h:00m:01s

Running: multi_srs_gen (Multi-srs Generator) on spi_controller_tmr_syn|synthesis
# Sat May  2 10:36:45 2026
Process ID: 90330

multi_srs_gen completed
# Sat May  2 10:36:45 2026

Return Code: 0
Run Time:00h:00m:00s
Copied /home/hagen/school/fpga_comparison_project/libero_project/libero_project/synthesis/synwork/spi_controller_tmr_mult.srs to /home/hagen/school/fpga_comparison_project/libero_project/libero_project/synthesis/spi_controller_tmr.srs
Complete: Compile Process on spi_controller_tmr_syn|synthesis

Running: premap (Premap) on spi_controller_tmr_syn|synthesis
# Sat May  2 10:36:45 2026
Process ID: 90346

premap completed with warnings
# Sat May  2 10:36:47 2026

Return Code: 1
Run Time:00h:00m:02s
Complete: Compile on spi_controller_tmr_syn|synthesis

Running Flow: map (Map) on spi_controller_tmr_syn|synthesis
# Sat May  2 10:36:47 2026
License granted for 4 parallel jobs

Running: fpga_mapper (Map & Optimize) on spi_controller_tmr_syn|synthesis
# Sat May  2 10:36:47 2026
Process ID: 90362
Copied /home/hagen/school/fpga_comparison_project/libero_project/libero_project/synthesis/synwork/spi_controller_tmr_m.srm to /home/hagen/school/fpga_comparison_project/libero_project/libero_project/synthesis/spi_controller_tmr.srm

fpga_mapper completed with warnings
# Sat May  2 10:36:50 2026

Return Code: 1
Run Time:00h:00m:03s
Complete: Map on spi_controller_tmr_syn|synthesis
Complete: Logic Synthesis on spi_controller_tmr_syn|synthesis
TCL script complete: "spi_controller_tmr_syn.tcl"
exit status=0
exit status=0
License checkin: synplifypro_actel
