{
"Synplify Pro (R) Job Log" : {
	"Date" : "10:36:50    02-May-2026",
	"Working Directory" : "/home/hagen/school/fpga_comparison_project/libero_project/libero_project/synthesis",
	"CDPL Log file" : "-",
	"Install" : "/home/hagen/microchip/Libero_SoC_2025.2/Libero_SoC/Synplify_Pro"
},
"synthesis" :{
   "Job Flow" : "Sequential",
   "Start Time" : "10:36:43",
   "Runtime" : "07s",
   "Executable Run Time" : "06s",
   "synthesis" : {
      "Job Flow" : "Sequential",
      "Start Time" : "10:36:43",
      "Runtime" : "07s",
      "Executable Run Time" : "06s",
      "compile" : {
         "Job Flow" : "Sequential",
         "Start Time" : "10:36:43",
         "Runtime" : "04s",
         "Executable Run Time" : "03s",
         "compile_flow" : {
            "Job Flow" : "Sequential",
            "Start Time" : "10:36:43",
            "Runtime" : "02s",
            "Executable Run Time" : "01s",
            "compiler" : {
               "executable" : "bin/c_hdl",
               "Run Directory" : "/home/hagen/school/fpga_comparison_project/libero_project/libero_project/synthesis",
               "Run State" : "Complete",
               "Return Code" : "0",
               "Run Success" : "yes",
               "Run Start Time" : "10:36:43",
               "Run Time" : "02s",
               "Exe Run Time" : "01s",
               "max_parallel_jobs" : "4",
               "Memory Usage" : "8.448000",
               "CDPL" : "off",
               "Up-to-date (run skipped)" : "no"
            },
            "multi_srs_gen" : {
               "executable" : "bin/syn_nfilter",
               "Run Directory" : "/home/hagen/school/fpga_comparison_project/libero_project/libero_project/synthesis",
               "Run State" : "Complete",
               "Return Code" : "0",
               "Run Success" : "yes",
               "Run Start Time" : "10:36:45",
               "Run Time" : "00s",
               "Exe Run Time" : "00s",
               "Memory Usage" : "8.448000",
               "CDPL" : "off",
               "Up-to-date (run skipped)" : "no"
            }
         },
         "premap" : {
            "executable" : "bin/m_generic",
            "Run Directory" : "/home/hagen/school/fpga_comparison_project/libero_project/libero_project/synthesis",
            "Run State" : "Complete",
            "Return Code" : "1",
            "Run Success" : "yes",
            "Run Start Time" : "10:36:45",
            "Run Time" : "02s",
            "Exe Run Time" : "02s",
            "max_parallel_jobs" : "4",
            "Memory Usage" : "8.452000",
            "CDPL" : "off",
            "Up-to-date (run skipped)" : "no"
         }
      },
      "map" : {
         "Job Flow" : "Sequential",
         "Start Time" : "10:36:47",
         "Runtime" : "03s",
         "Executable Run Time" : "03s",
         "fpga_mapper" : {
            "executable" : "bin/m_generic",
            "Run Directory" : "/home/hagen/school/fpga_comparison_project/libero_project/libero_project/synthesis",
            "Run State" : "Complete",
            "Return Code" : "1",
            "Run Success" : "yes",
            "Run Start Time" : "10:36:47",
            "Run Time" : "03s",
            "Exe Run Time" : "03s",
            "max_parallel_jobs" : "4",
            "Memory Usage" : "8.452000",
            "CDPL" : "off",
            "Up-to-date (run skipped)" : "no"
         }
      }
   }
}
}