
Efinix Static Timing Analysis Report
Version: 2025.2.288.2.10
Date: Sun Apr 19 14:10:15 2026

Copyright (C) 2013 - 2025 Efinix, Inc. All rights reserved.

Top-level Entity Name: up_counter

SDC Filename: Not Specified

Timing Model: C4
	process : typical
	temperature : 0C to 85C
	voltage : 0.95 +/-30mV
	speedgrade : 4
	technology : t16ff
	status : final

---------- Table of Contents (begin) ----------
   1. Clock Frequency Summary
   2. Clock Relationship Summary
   3. Path Details for Max Critical Paths
   4. Path Details for Min Critical Paths
---------- Table of Contents (end) ------------

---------- 1. Clock Frequency Summary (begin) ----------

User target constrained clocks
 Clock Name  Period (ns)  Frequency (MHz)   Waveform      Targets
    clk         1.000        1000.000     {0.000 0.500}    {clk}

Maximum possible analyzed clocks frequency
 Clock Name  Period (ns)  Frequency (MHz)     Edge
    clk         0.633        1579.779*       (R-R)

* CAUTION: Frequency is limited to 1000.000 MHz by global clock network

Geomean max period: 0.633

---------- Clock Frequency Summary (end) ---------------

---------- 2. Clock Relationship Summary (begin) ----------

Setup (Max) Clock Relationship
  Launch Clock    Capture Clock   Constraint (ns)     Slack (ns)          Edge
      clk              clk             1.000            0.367            (R-R)

Hold (Min) Clock Relationship
  Launch Clock    Capture Clock   Constraint (ns)     Slack (ns)          Edge
      clk              clk             0.000            0.097            (R-R)

NOTE: Values are in nanoseconds.

---------- Clock Relationship Summary (end) ---------------

---------- 3. Path Details for Max Critical Paths (begin) ----------

################################################################################
Path Detail Report (clk vs clk)
################################################################################


++++ Path 1 ++++++++++++++++++++++++++++++++++++++++++++++++++++++++++++++++++++

Path Begin    : count[0]~FF|CLK                     
Path End      : count[1]~FF_frt_8|D                 
Launch Clock  : clk (RISE)                          
Capture Clock : clk (RISE)                          
Slack         : 0.367 (required time - arrival time)
Delay         : 0.407                               

Logic Level             : 7
Non-global nets on path : 8
Global nets on path     : 0

Launch Clock Path Delay        : 1.858
+ Clock To Q + Data Path Delay : 0.523
--------------------------------------
End-of-path arrival time       : 2.381

Constraint                     : 1.000
+ Capture Clock Path Delay     : 1.858
- Clock Uncertainty            : 0.110
--------------------------------------
End-of-path required time      : 2.748

Launch Clock Path
     name        model name   delay (ns)  cumulative delay (ns) pins on net    location
=========================================================================================
clk                input        0.000             0.000               0        (111,0) 
clk                input        0.110             0.110              18        (111,0) 
clk                net          1.748             1.858              18        (111,0) 
   Routing elements:
      Manhattan distance of X:31, Y:97
count[0]~FF|CLK    EFX_FF       0.000             1.858              18        (142,97)

Data Path
       name          model name   delay (ns)  cumulative delay (ns) pins on net    location
=============================================================================================
count[0]~FF|Q         EFX_FF        0.113             0.113              5         (142,97)
count[0]              net           0.168             0.281              5         (142,97)
   Routing elements:
      Manhattan distance of X:0, Y:9
add_10/i1|I1          EFX_ADD       0.050             0.331              5         (142,88)
add_10/i1|CO          EFX_ADD       0.000             0.331              2         (142,88)
add_10/n2             net           0.000             0.331              2         (142,88)
   Routing elements:
      Manhattan distance of X:0, Y:1
add_10/i2|CI          EFX_ADD       0.021             0.352              2         (142,89)
add_10/i2|CO          EFX_ADD       0.000             0.352              2         (142,89)
add_10/n4             net           0.000             0.352              2         (142,89)
   Routing elements:
      Manhattan distance of X:0, Y:1
add_10/i3|CI          EFX_ADD       0.021             0.373              2         (142,90)
add_10/i3|CO          EFX_ADD       0.000             0.373              2         (142,90)
add_10/n6             net           0.000             0.373              2         (142,90)
   Routing elements:
      Manhattan distance of X:0, Y:1
add_10/i4|CI          EFX_ADD       0.021             0.394              2         (142,91)
add_10/i4|CO          EFX_ADD       0.000             0.394              2         (142,91)
add_10/n8             net           0.000             0.394              2         (142,91)
   Routing elements:
      Manhattan distance of X:0, Y:1
add_10/i5|CI          EFX_ADD       0.021             0.415              2         (142,92)
add_10/i5|CO          EFX_ADD       0.000             0.415              2         (142,92)
add_10/n10            net           0.000             0.415              2         (142,92)
   Routing elements:
      Manhattan distance of X:0, Y:1
add_10/i6|CI          EFX_ADD       0.021             0.436              2         (142,93)
add_10/i6|CO          EFX_ADD       0.000             0.436              2         (142,93)
add_10/n12            net           0.000             0.436              2         (142,93)
   Routing elements:
      Manhattan distance of X:0, Y:1
add_10/i7|CI          EFX_ADD       0.084             0.520              2         (142,94)
add_10/i7|O           EFX_ADD       0.000             0.520              2         (142,94)
n7                    net           0.000             0.520              2         (142,94)
count[1]~FF_frt_8|D   EFX_FF        0.003             0.523              2         (142,94)

Capture Clock Path
        name           model name   delay (ns)  cumulative delay (ns) pins on net    location
===============================================================================================
clk                      input        0.000             0.000               0        (111,0) 
clk                      input        0.110             0.110              18        (111,0) 
clk                      net          1.748             1.858              18        (111,0) 
   Routing elements:
      Manhattan distance of X:31, Y:94
count[1]~FF_frt_8|CLK    EFX_FF       0.000             1.858              18        (142,94)

++++ Path 2 ++++++++++++++++++++++++++++++++++++++++++++++++++++++++++++++++++++

Path Begin    : count[0]~FF|CLK                     
Path End      : count[1]~FF_frt_7|D                 
Launch Clock  : clk (RISE)                          
Capture Clock : clk (RISE)                          
Slack         : 0.388 (required time - arrival time)
Delay         : 0.386                               

Logic Level             : 6
Non-global nets on path : 7
Global nets on path     : 0

Launch Clock Path Delay        : 1.858
+ Clock To Q + Data Path Delay : 0.502
--------------------------------------
End-of-path arrival time       : 2.360

Constraint                     : 1.000
+ Capture Clock Path Delay     : 1.858
- Clock Uncertainty            : 0.110
--------------------------------------
End-of-path required time      : 2.748

Launch Clock Path
     name        model name   delay (ns)  cumulative delay (ns) pins on net    location
=========================================================================================
clk                input        0.000             0.000               0        (111,0) 
clk                input        0.110             0.110              18        (111,0) 
clk                net          1.748             1.858              18        (111,0) 
   Routing elements:
      Manhattan distance of X:31, Y:97
count[0]~FF|CLK    EFX_FF       0.000             1.858              18        (142,97)

Data Path
       name          model name   delay (ns)  cumulative delay (ns) pins on net    location
=============================================================================================
count[0]~FF|Q         EFX_FF        0.113             0.113              5         (142,97)
count[0]              net           0.168             0.281              5         (142,97)
   Routing elements:
      Manhattan distance of X:0, Y:9
add_10/i1|I1          EFX_ADD       0.050             0.331              5         (142,88)
add_10/i1|CO          EFX_ADD       0.000             0.331              2         (142,88)
add_10/n2             net           0.000             0.331              2         (142,88)
   Routing elements:
      Manhattan distance of X:0, Y:1
add_10/i2|CI          EFX_ADD       0.021             0.352              2         (142,89)
add_10/i2|CO          EFX_ADD       0.000             0.352              2         (142,89)
add_10/n4             net           0.000             0.352              2         (142,89)
   Routing elements:
      Manhattan distance of X:0, Y:1
add_10/i3|CI          EFX_ADD       0.021             0.373              2         (142,90)
add_10/i3|CO          EFX_ADD       0.000             0.373              2         (142,90)
add_10/n6             net           0.000             0.373              2         (142,90)
   Routing elements:
      Manhattan distance of X:0, Y:1
add_10/i4|CI          EFX_ADD       0.021             0.394              2         (142,91)
add_10/i4|CO          EFX_ADD       0.000             0.394              2         (142,91)
add_10/n8             net           0.000             0.394              2         (142,91)
   Routing elements:
      Manhattan distance of X:0, Y:1
add_10/i5|CI          EFX_ADD       0.021             0.415              2         (142,92)
add_10/i5|CO          EFX_ADD       0.000             0.415              2         (142,92)
add_10/n10            net           0.000             0.415              2         (142,92)
   Routing elements:
      Manhattan distance of X:0, Y:1
add_10/i6|CI          EFX_ADD       0.084             0.499              2         (142,93)
add_10/i6|O           EFX_ADD       0.000             0.499              2         (142,93)
n8                    net           0.000             0.499              2         (142,93)
count[1]~FF_frt_7|D   EFX_FF        0.003             0.502              2         (142,93)

Capture Clock Path
        name           model name   delay (ns)  cumulative delay (ns) pins on net    location
===============================================================================================
clk                      input        0.000             0.000               0        (111,0) 
clk                      input        0.110             0.110              18        (111,0) 
clk                      net          1.748             1.858              18        (111,0) 
   Routing elements:
      Manhattan distance of X:31, Y:93
count[1]~FF_frt_7|CLK    EFX_FF       0.000             1.858              18        (142,93)

++++ Path 3 ++++++++++++++++++++++++++++++++++++++++++++++++++++++++++++++++++++

Path Begin    : count[0]~FF|CLK                     
Path End      : count[1]~FF_frt_6|D                 
Launch Clock  : clk (RISE)                          
Capture Clock : clk (RISE)                          
Slack         : 0.409 (required time - arrival time)
Delay         : 0.365                               

Logic Level             : 5
Non-global nets on path : 6
Global nets on path     : 0

Launch Clock Path Delay        : 1.858
+ Clock To Q + Data Path Delay : 0.481
--------------------------------------
End-of-path arrival time       : 2.339

Constraint                     : 1.000
+ Capture Clock Path Delay     : 1.858
- Clock Uncertainty            : 0.110
--------------------------------------
End-of-path required time      : 2.748

Launch Clock Path
     name        model name   delay (ns)  cumulative delay (ns) pins on net    location
=========================================================================================
clk                input        0.000             0.000               0        (111,0) 
clk                input        0.110             0.110              18        (111,0) 
clk                net          1.748             1.858              18        (111,0) 
   Routing elements:
      Manhattan distance of X:31, Y:97
count[0]~FF|CLK    EFX_FF       0.000             1.858              18        (142,97)

Data Path
       name          model name   delay (ns)  cumulative delay (ns) pins on net    location
=============================================================================================
count[0]~FF|Q         EFX_FF        0.113             0.113              5         (142,97)
count[0]              net           0.168             0.281              5         (142,97)
   Routing elements:
      Manhattan distance of X:0, Y:9
add_10/i1|I1          EFX_ADD       0.050             0.331              5         (142,88)
add_10/i1|CO          EFX_ADD       0.000             0.331              2         (142,88)
add_10/n2             net           0.000             0.331              2         (142,88)
   Routing elements:
      Manhattan distance of X:0, Y:1
add_10/i2|CI          EFX_ADD       0.021             0.352              2         (142,89)
add_10/i2|CO          EFX_ADD       0.000             0.352              2         (142,89)
add_10/n4             net           0.000             0.352              2         (142,89)
   Routing elements:
      Manhattan distance of X:0, Y:1
add_10/i3|CI          EFX_ADD       0.021             0.373              2         (142,90)
add_10/i3|CO          EFX_ADD       0.000             0.373              2         (142,90)
add_10/n6             net           0.000             0.373              2         (142,90)
   Routing elements:
      Manhattan distance of X:0, Y:1
add_10/i4|CI          EFX_ADD       0.021             0.394              2         (142,91)
add_10/i4|CO          EFX_ADD       0.000             0.394              2         (142,91)
add_10/n8             net           0.000             0.394              2         (142,91)
   Routing elements:
      Manhattan distance of X:0, Y:1
add_10/i5|CI          EFX_ADD       0.084             0.478              2         (142,92)
add_10/i5|O           EFX_ADD       0.000             0.478              2         (142,92)
n9                    net           0.000             0.478              2         (142,92)
count[1]~FF_frt_6|D   EFX_FF        0.003             0.481              2         (142,92)

Capture Clock Path
        name           model name   delay (ns)  cumulative delay (ns) pins on net    location
===============================================================================================
clk                      input        0.000             0.000               0        (111,0) 
clk                      input        0.110             0.110              18        (111,0) 
clk                      net          1.748             1.858              18        (111,0) 
   Routing elements:
      Manhattan distance of X:31, Y:92
count[1]~FF_frt_6|CLK    EFX_FF       0.000             1.858              18        (142,92)

++++ Path 4 ++++++++++++++++++++++++++++++++++++++++++++++++++++++++++++++++++++

Path Begin    : count[1]~FF_frt_2|CLK               
Path End      : count[1]~FF_frt_8|D                 
Launch Clock  : clk (RISE)                          
Capture Clock : clk (RISE)                          
Slack         : 0.421 (required time - arrival time)
Delay         : 0.353                               

Logic Level             : 7
Non-global nets on path : 8
Global nets on path     : 0

Launch Clock Path Delay        : 1.858
+ Clock To Q + Data Path Delay : 0.469
--------------------------------------
End-of-path arrival time       : 2.327

Constraint                     : 1.000
+ Capture Clock Path Delay     : 1.858
- Clock Uncertainty            : 0.110
--------------------------------------
End-of-path required time      : 2.748

Launch Clock Path
        name           model name   delay (ns)  cumulative delay (ns) pins on net    location
===============================================================================================
clk                      input        0.000             0.000               0        (111,0) 
clk                      input        0.110             0.110              18        (111,0) 
clk                      net          1.748             1.858              18        (111,0) 
   Routing elements:
      Manhattan distance of X:31, Y:88
count[1]~FF_frt_2|CLK    EFX_FF       0.000             1.858              18        (142,88)

Data Path
       name          model name   delay (ns)  cumulative delay (ns) pins on net    location
=============================================================================================
count[1]~FF_frt_2|Q   EFX_FF        0.113             0.113              4         (142,88)
n13_q                 net           0.119             0.232              4         (142,88)
add_10/i1|I0          EFX_ADD       0.045             0.277              4         (142,88)
add_10/i1|CO          EFX_ADD       0.000             0.277              2         (142,88)
add_10/n2             net           0.000             0.277              2         (142,88)
   Routing elements:
      Manhattan distance of X:0, Y:1
add_10/i2|CI          EFX_ADD       0.021             0.298              2         (142,89)
add_10/i2|CO          EFX_ADD       0.000             0.298              2         (142,89)
add_10/n4             net           0.000             0.298              2         (142,89)
   Routing elements:
      Manhattan distance of X:0, Y:1
add_10/i3|CI          EFX_ADD       0.021             0.319              2         (142,90)
add_10/i3|CO          EFX_ADD       0.000             0.319              2         (142,90)
add_10/n6             net           0.000             0.319              2         (142,90)
   Routing elements:
      Manhattan distance of X:0, Y:1
add_10/i4|CI          EFX_ADD       0.021             0.340              2         (142,91)
add_10/i4|CO          EFX_ADD       0.000             0.340              2         (142,91)
add_10/n8             net           0.000             0.340              2         (142,91)
   Routing elements:
      Manhattan distance of X:0, Y:1
add_10/i5|CI          EFX_ADD       0.021             0.361              2         (142,92)
add_10/i5|CO          EFX_ADD       0.000             0.361              2         (142,92)
add_10/n10            net           0.000             0.361              2         (142,92)
   Routing elements:
      Manhattan distance of X:0, Y:1
add_10/i6|CI          EFX_ADD       0.021             0.382              2         (142,93)
add_10/i6|CO          EFX_ADD       0.000             0.382              2         (142,93)
add_10/n12            net           0.000             0.382              2         (142,93)
   Routing elements:
      Manhattan distance of X:0, Y:1
add_10/i7|CI          EFX_ADD       0.084             0.466              2         (142,94)
add_10/i7|O           EFX_ADD       0.000             0.466              2         (142,94)
n7                    net           0.000             0.466              2         (142,94)
count[1]~FF_frt_8|D   EFX_FF        0.003             0.469              2         (142,94)

Capture Clock Path
        name           model name   delay (ns)  cumulative delay (ns) pins on net    location
===============================================================================================
clk                      input        0.000             0.000               0        (111,0) 
clk                      input        0.110             0.110              18        (111,0) 
clk                      net          1.748             1.858              18        (111,0) 
   Routing elements:
      Manhattan distance of X:31, Y:94
count[1]~FF_frt_8|CLK    EFX_FF       0.000             1.858              18        (142,94)

++++ Path 5 ++++++++++++++++++++++++++++++++++++++++++++++++++++++++++++++++++++

Path Begin    : count[0]~FF|CLK                     
Path End      : count[1]~FF_frt_5|D                 
Launch Clock  : clk (RISE)                          
Capture Clock : clk (RISE)                          
Slack         : 0.430 (required time - arrival time)
Delay         : 0.344                               

Logic Level             : 4
Non-global nets on path : 5
Global nets on path     : 0

Launch Clock Path Delay        : 1.858
+ Clock To Q + Data Path Delay : 0.460
--------------------------------------
End-of-path arrival time       : 2.318

Constraint                     : 1.000
+ Capture Clock Path Delay     : 1.858
- Clock Uncertainty            : 0.110
--------------------------------------
End-of-path required time      : 2.748

Launch Clock Path
     name        model name   delay (ns)  cumulative delay (ns) pins on net    location
=========================================================================================
clk                input        0.000             0.000               0        (111,0) 
clk                input        0.110             0.110              18        (111,0) 
clk                net          1.748             1.858              18        (111,0) 
   Routing elements:
      Manhattan distance of X:31, Y:97
count[0]~FF|CLK    EFX_FF       0.000             1.858              18        (142,97)

Data Path
       name          model name   delay (ns)  cumulative delay (ns) pins on net    location
=============================================================================================
count[0]~FF|Q         EFX_FF        0.113             0.113              5         (142,97)
count[0]              net           0.168             0.281              5         (142,97)
   Routing elements:
      Manhattan distance of X:0, Y:9
add_10/i1|I1          EFX_ADD       0.050             0.331              5         (142,88)
add_10/i1|CO          EFX_ADD       0.000             0.331              2         (142,88)
add_10/n2             net           0.000             0.331              2         (142,88)
   Routing elements:
      Manhattan distance of X:0, Y:1
add_10/i2|CI          EFX_ADD       0.021             0.352              2         (142,89)
add_10/i2|CO          EFX_ADD       0.000             0.352              2         (142,89)
add_10/n4             net           0.000             0.352              2         (142,89)
   Routing elements:
      Manhattan distance of X:0, Y:1
add_10/i3|CI          EFX_ADD       0.021             0.373              2         (142,90)
add_10/i3|CO          EFX_ADD       0.000             0.373              2         (142,90)
add_10/n6             net           0.000             0.373              2         (142,90)
   Routing elements:
      Manhattan distance of X:0, Y:1
add_10/i4|CI          EFX_ADD       0.084             0.457              2         (142,91)
add_10/i4|O           EFX_ADD       0.000             0.457              2         (142,91)
n10                   net           0.000             0.457              2         (142,91)
count[1]~FF_frt_5|D   EFX_FF        0.003             0.460              2         (142,91)

Capture Clock Path
        name           model name   delay (ns)  cumulative delay (ns) pins on net    location
===============================================================================================
clk                      input        0.000             0.000               0        (111,0) 
clk                      input        0.110             0.110              18        (111,0) 
clk                      net          1.748             1.858              18        (111,0) 
   Routing elements:
      Manhattan distance of X:31, Y:91
count[1]~FF_frt_5|CLK    EFX_FF       0.000             1.858              18        (142,91)

++++ Path 6 ++++++++++++++++++++++++++++++++++++++++++++++++++++++++++++++++++++

Path Begin    : count[1]~FF_frt_2|CLK               
Path End      : count[1]~FF_frt_7|D                 
Launch Clock  : clk (RISE)                          
Capture Clock : clk (RISE)                          
Slack         : 0.442 (required time - arrival time)
Delay         : 0.332                               

Logic Level             : 6
Non-global nets on path : 7
Global nets on path     : 0

Launch Clock Path Delay        : 1.858
+ Clock To Q + Data Path Delay : 0.448
--------------------------------------
End-of-path arrival time       : 2.306

Constraint                     : 1.000
+ Capture Clock Path Delay     : 1.858
- Clock Uncertainty            : 0.110
--------------------------------------
End-of-path required time      : 2.748

Launch Clock Path
        name           model name   delay (ns)  cumulative delay (ns) pins on net    location
===============================================================================================
clk                      input        0.000             0.000               0        (111,0) 
clk                      input        0.110             0.110              18        (111,0) 
clk                      net          1.748             1.858              18        (111,0) 
   Routing elements:
      Manhattan distance of X:31, Y:88
count[1]~FF_frt_2|CLK    EFX_FF       0.000             1.858              18        (142,88)

Data Path
       name          model name   delay (ns)  cumulative delay (ns) pins on net    location
=============================================================================================
count[1]~FF_frt_2|Q   EFX_FF        0.113             0.113              4         (142,88)
n13_q                 net           0.119             0.232              4         (142,88)
add_10/i1|I0          EFX_ADD       0.045             0.277              4         (142,88)
add_10/i1|CO          EFX_ADD       0.000             0.277              2         (142,88)
add_10/n2             net           0.000             0.277              2         (142,88)
   Routing elements:
      Manhattan distance of X:0, Y:1
add_10/i2|CI          EFX_ADD       0.021             0.298              2         (142,89)
add_10/i2|CO          EFX_ADD       0.000             0.298              2         (142,89)
add_10/n4             net           0.000             0.298              2         (142,89)
   Routing elements:
      Manhattan distance of X:0, Y:1
add_10/i3|CI          EFX_ADD       0.021             0.319              2         (142,90)
add_10/i3|CO          EFX_ADD       0.000             0.319              2         (142,90)
add_10/n6             net           0.000             0.319              2         (142,90)
   Routing elements:
      Manhattan distance of X:0, Y:1
add_10/i4|CI          EFX_ADD       0.021             0.340              2         (142,91)
add_10/i4|CO          EFX_ADD       0.000             0.340              2         (142,91)
add_10/n8             net           0.000             0.340              2         (142,91)
   Routing elements:
      Manhattan distance of X:0, Y:1
add_10/i5|CI          EFX_ADD       0.021             0.361              2         (142,92)
add_10/i5|CO          EFX_ADD       0.000             0.361              2         (142,92)
add_10/n10            net           0.000             0.361              2         (142,92)
   Routing elements:
      Manhattan distance of X:0, Y:1
add_10/i6|CI          EFX_ADD       0.084             0.445              2         (142,93)
add_10/i6|O           EFX_ADD       0.000             0.445              2         (142,93)
n8                    net           0.000             0.445              2         (142,93)
count[1]~FF_frt_7|D   EFX_FF        0.003             0.448              2         (142,93)

Capture Clock Path
        name           model name   delay (ns)  cumulative delay (ns) pins on net    location
===============================================================================================
clk                      input        0.000             0.000               0        (111,0) 
clk                      input        0.110             0.110              18        (111,0) 
clk                      net          1.748             1.858              18        (111,0) 
   Routing elements:
      Manhattan distance of X:31, Y:93
count[1]~FF_frt_7|CLK    EFX_FF       0.000             1.858              18        (142,93)

++++ Path 7 ++++++++++++++++++++++++++++++++++++++++++++++++++++++++++++++++++++

Path Begin    : count[1]~FF_frt_3|CLK               
Path End      : count[1]~FF_frt_8|D                 
Launch Clock  : clk (RISE)                          
Capture Clock : clk (RISE)                          
Slack         : 0.448 (required time - arrival time)
Delay         : 0.326                               

Logic Level             : 6
Non-global nets on path : 7
Global nets on path     : 0

Launch Clock Path Delay        : 1.858
+ Clock To Q + Data Path Delay : 0.442
--------------------------------------
End-of-path arrival time       : 2.300

Constraint                     : 1.000
+ Capture Clock Path Delay     : 1.858
- Clock Uncertainty            : 0.110
--------------------------------------
End-of-path required time      : 2.748

Launch Clock Path
        name           model name   delay (ns)  cumulative delay (ns) pins on net    location
===============================================================================================
clk                      input        0.000             0.000               0        (111,0) 
clk                      input        0.110             0.110              18        (111,0) 
clk                      net          1.748             1.858              18        (111,0) 
   Routing elements:
      Manhattan distance of X:31, Y:89
count[1]~FF_frt_3|CLK    EFX_FF       0.000             1.858              18        (142,89)

Data Path
       name          model name   delay (ns)  cumulative delay (ns) pins on net    location
=============================================================================================
count[1]~FF_frt_3|Q   EFX_FF        0.113             0.113              4         (142,89)
n12_q                 net           0.113             0.226              4         (142,89)
add_10/i2|I0          EFX_ADD       0.045             0.271              4         (142,89)
add_10/i2|CO          EFX_ADD       0.000             0.271              2         (142,89)
add_10/n4             net           0.000             0.271              2         (142,89)
   Routing elements:
      Manhattan distance of X:0, Y:1
add_10/i3|CI          EFX_ADD       0.021             0.292              2         (142,90)
add_10/i3|CO          EFX_ADD       0.000             0.292              2         (142,90)
add_10/n6             net           0.000             0.292              2         (142,90)
   Routing elements:
      Manhattan distance of X:0, Y:1
add_10/i4|CI          EFX_ADD       0.021             0.313              2         (142,91)
add_10/i4|CO          EFX_ADD       0.000             0.313              2         (142,91)
add_10/n8             net           0.000             0.313              2         (142,91)
   Routing elements:
      Manhattan distance of X:0, Y:1
add_10/i5|CI          EFX_ADD       0.021             0.334              2         (142,92)
add_10/i5|CO          EFX_ADD       0.000             0.334              2         (142,92)
add_10/n10            net           0.000             0.334              2         (142,92)
   Routing elements:
      Manhattan distance of X:0, Y:1
add_10/i6|CI          EFX_ADD       0.021             0.355              2         (142,93)
add_10/i6|CO          EFX_ADD       0.000             0.355              2         (142,93)
add_10/n12            net           0.000             0.355              2         (142,93)
   Routing elements:
      Manhattan distance of X:0, Y:1
add_10/i7|CI          EFX_ADD       0.084             0.439              2         (142,94)
add_10/i7|O           EFX_ADD       0.000             0.439              2         (142,94)
n7                    net           0.000             0.439              2         (142,94)
count[1]~FF_frt_8|D   EFX_FF        0.003             0.442              2         (142,94)

Capture Clock Path
        name           model name   delay (ns)  cumulative delay (ns) pins on net    location
===============================================================================================
clk                      input        0.000             0.000               0        (111,0) 
clk                      input        0.110             0.110              18        (111,0) 
clk                      net          1.748             1.858              18        (111,0) 
   Routing elements:
      Manhattan distance of X:31, Y:94
count[1]~FF_frt_8|CLK    EFX_FF       0.000             1.858              18        (142,94)

++++ Path 8 ++++++++++++++++++++++++++++++++++++++++++++++++++++++++++++++++++++

Path Begin    : count[0]~FF|CLK                     
Path End      : count[1]~FF_frt_4|D                 
Launch Clock  : clk (RISE)                          
Capture Clock : clk (RISE)                          
Slack         : 0.451 (required time - arrival time)
Delay         : 0.323                               

Logic Level             : 3
Non-global nets on path : 4
Global nets on path     : 0

Launch Clock Path Delay        : 1.858
+ Clock To Q + Data Path Delay : 0.439
--------------------------------------
End-of-path arrival time       : 2.297

Constraint                     : 1.000
+ Capture Clock Path Delay     : 1.858
- Clock Uncertainty            : 0.110
--------------------------------------
End-of-path required time      : 2.748

Launch Clock Path
     name        model name   delay (ns)  cumulative delay (ns) pins on net    location
=========================================================================================
clk                input        0.000             0.000               0        (111,0) 
clk                input        0.110             0.110              18        (111,0) 
clk                net          1.748             1.858              18        (111,0) 
   Routing elements:
      Manhattan distance of X:31, Y:97
count[0]~FF|CLK    EFX_FF       0.000             1.858              18        (142,97)

Data Path
       name          model name   delay (ns)  cumulative delay (ns) pins on net    location
=============================================================================================
count[0]~FF|Q         EFX_FF        0.113             0.113              5         (142,97)
count[0]              net           0.168             0.281              5         (142,97)
   Routing elements:
      Manhattan distance of X:0, Y:9
add_10/i1|I1          EFX_ADD       0.050             0.331              5         (142,88)
add_10/i1|CO          EFX_ADD       0.000             0.331              2         (142,88)
add_10/n2             net           0.000             0.331              2         (142,88)
   Routing elements:
      Manhattan distance of X:0, Y:1
add_10/i2|CI          EFX_ADD       0.021             0.352              2         (142,89)
add_10/i2|CO          EFX_ADD       0.000             0.352              2         (142,89)
add_10/n4             net           0.000             0.352              2         (142,89)
   Routing elements:
      Manhattan distance of X:0, Y:1
add_10/i3|CI          EFX_ADD       0.084             0.436              2         (142,90)
add_10/i3|O           EFX_ADD       0.000             0.436              2         (142,90)
n11                   net           0.000             0.436              2         (142,90)
count[1]~FF_frt_4|D   EFX_FF        0.003             0.439              2         (142,90)

Capture Clock Path
        name           model name   delay (ns)  cumulative delay (ns) pins on net    location
===============================================================================================
clk                      input        0.000             0.000               0        (111,0) 
clk                      input        0.110             0.110              18        (111,0) 
clk                      net          1.748             1.858              18        (111,0) 
   Routing elements:
      Manhattan distance of X:31, Y:90
count[1]~FF_frt_4|CLK    EFX_FF       0.000             1.858              18        (142,90)

++++ Path 9 ++++++++++++++++++++++++++++++++++++++++++++++++++++++++++++++++++++

Path Begin    : count[1]~FF_frt_2|CLK               
Path End      : count[1]~FF_frt_6|D                 
Launch Clock  : clk (RISE)                          
Capture Clock : clk (RISE)                          
Slack         : 0.463 (required time - arrival time)
Delay         : 0.311                               

Logic Level             : 5
Non-global nets on path : 6
Global nets on path     : 0

Launch Clock Path Delay        : 1.858
+ Clock To Q + Data Path Delay : 0.427
--------------------------------------
End-of-path arrival time       : 2.285

Constraint                     : 1.000
+ Capture Clock Path Delay     : 1.858
- Clock Uncertainty            : 0.110
--------------------------------------
End-of-path required time      : 2.748

Launch Clock Path
        name           model name   delay (ns)  cumulative delay (ns) pins on net    location
===============================================================================================
clk                      input        0.000             0.000               0        (111,0) 
clk                      input        0.110             0.110              18        (111,0) 
clk                      net          1.748             1.858              18        (111,0) 
   Routing elements:
      Manhattan distance of X:31, Y:88
count[1]~FF_frt_2|CLK    EFX_FF       0.000             1.858              18        (142,88)

Data Path
       name          model name   delay (ns)  cumulative delay (ns) pins on net    location
=============================================================================================
count[1]~FF_frt_2|Q   EFX_FF        0.113             0.113              4         (142,88)
n13_q                 net           0.119             0.232              4         (142,88)
add_10/i1|I0          EFX_ADD       0.045             0.277              4         (142,88)
add_10/i1|CO          EFX_ADD       0.000             0.277              2         (142,88)
add_10/n2             net           0.000             0.277              2         (142,88)
   Routing elements:
      Manhattan distance of X:0, Y:1
add_10/i2|CI          EFX_ADD       0.021             0.298              2         (142,89)
add_10/i2|CO          EFX_ADD       0.000             0.298              2         (142,89)
add_10/n4             net           0.000             0.298              2         (142,89)
   Routing elements:
      Manhattan distance of X:0, Y:1
add_10/i3|CI          EFX_ADD       0.021             0.319              2         (142,90)
add_10/i3|CO          EFX_ADD       0.000             0.319              2         (142,90)
add_10/n6             net           0.000             0.319              2         (142,90)
   Routing elements:
      Manhattan distance of X:0, Y:1
add_10/i4|CI          EFX_ADD       0.021             0.340              2         (142,91)
add_10/i4|CO          EFX_ADD       0.000             0.340              2         (142,91)
add_10/n8             net           0.000             0.340              2         (142,91)
   Routing elements:
      Manhattan distance of X:0, Y:1
add_10/i5|CI          EFX_ADD       0.084             0.424              2         (142,92)
add_10/i5|O           EFX_ADD       0.000             0.424              2         (142,92)
n9                    net           0.000             0.424              2         (142,92)
count[1]~FF_frt_6|D   EFX_FF        0.003             0.427              2         (142,92)

Capture Clock Path
        name           model name   delay (ns)  cumulative delay (ns) pins on net    location
===============================================================================================
clk                      input        0.000             0.000               0        (111,0) 
clk                      input        0.110             0.110              18        (111,0) 
clk                      net          1.748             1.858              18        (111,0) 
   Routing elements:
      Manhattan distance of X:31, Y:92
count[1]~FF_frt_6|CLK    EFX_FF       0.000             1.858              18        (142,92)

++++ Path 10 +++++++++++++++++++++++++++++++++++++++++++++++++++++++++++++++++++

Path Begin    : count[1]~FF_frt_4|CLK               
Path End      : count[1]~FF_frt_8|D                 
Launch Clock  : clk (RISE)                          
Capture Clock : clk (RISE)                          
Slack         : 0.469 (required time - arrival time)
Delay         : 0.305                               

Logic Level             : 5
Non-global nets on path : 6
Global nets on path     : 0

Launch Clock Path Delay        : 1.858
+ Clock To Q + Data Path Delay : 0.421
--------------------------------------
End-of-path arrival time       : 2.279

Constraint                     : 1.000
+ Capture Clock Path Delay     : 1.858
- Clock Uncertainty            : 0.110
--------------------------------------
End-of-path required time      : 2.748

Launch Clock Path
        name           model name   delay (ns)  cumulative delay (ns) pins on net    location
===============================================================================================
clk                      input        0.000             0.000               0        (111,0) 
clk                      input        0.110             0.110              18        (111,0) 
clk                      net          1.748             1.858              18        (111,0) 
   Routing elements:
      Manhattan distance of X:31, Y:90
count[1]~FF_frt_4|CLK    EFX_FF       0.000             1.858              18        (142,90)

Data Path
       name          model name   delay (ns)  cumulative delay (ns) pins on net    location
=============================================================================================
count[1]~FF_frt_4|Q   EFX_FF        0.113             0.113              4         (142,90)
n11_q                 net           0.113             0.226              4         (142,90)
add_10/i3|I0          EFX_ADD       0.045             0.271              4         (142,90)
add_10/i3|CO          EFX_ADD       0.000             0.271              2         (142,90)
add_10/n6             net           0.000             0.271              2         (142,90)
   Routing elements:
      Manhattan distance of X:0, Y:1
add_10/i4|CI          EFX_ADD       0.021             0.292              2         (142,91)
add_10/i4|CO          EFX_ADD       0.000             0.292              2         (142,91)
add_10/n8             net           0.000             0.292              2         (142,91)
   Routing elements:
      Manhattan distance of X:0, Y:1
add_10/i5|CI          EFX_ADD       0.021             0.313              2         (142,92)
add_10/i5|CO          EFX_ADD       0.000             0.313              2         (142,92)
add_10/n10            net           0.000             0.313              2         (142,92)
   Routing elements:
      Manhattan distance of X:0, Y:1
add_10/i6|CI          EFX_ADD       0.021             0.334              2         (142,93)
add_10/i6|CO          EFX_ADD       0.000             0.334              2         (142,93)
add_10/n12            net           0.000             0.334              2         (142,93)
   Routing elements:
      Manhattan distance of X:0, Y:1
add_10/i7|CI          EFX_ADD       0.084             0.418              2         (142,94)
add_10/i7|O           EFX_ADD       0.000             0.418              2         (142,94)
n7                    net           0.000             0.418              2         (142,94)
count[1]~FF_frt_8|D   EFX_FF        0.003             0.421              2         (142,94)

Capture Clock Path
        name           model name   delay (ns)  cumulative delay (ns) pins on net    location
===============================================================================================
clk                      input        0.000             0.000               0        (111,0) 
clk                      input        0.110             0.110              18        (111,0) 
clk                      net          1.748             1.858              18        (111,0) 
   Routing elements:
      Manhattan distance of X:31, Y:94
count[1]~FF_frt_8|CLK    EFX_FF       0.000             1.858              18        (142,94)

---------- Path Details for Max Critical Paths (end) ---------------

---------- 4. Path Details for Min Critical Paths (begin) ----------

################################################################################
Path Detail Report (clk vs clk)
################################################################################


++++ Path 1 ++++++++++++++++++++++++++++++++++++++++++++++++++++++++++++++++++++

Path Begin    : count[1]~FF_frt_3|CLK               
Path End      : count[2]~FF_frt_1|D                 
Launch Clock  : clk (RISE)                          
Capture Clock : clk (RISE)                          
Slack         : 0.097 (arrival time - required time)
Delay         : 0.095                               

Logic Level             : 1
Non-global nets on path : 2
Global nets on path     : 0

Launch Clock Path Delay        : 1.203
+ Clock To Q + Data Path Delay : 0.167
--------------------------------------
End-of-path arrival time       : 1.370

Constraint                     : 0.000
+ Capture Clock Path Delay     : 1.203
+ Clock Uncertainty            : 0.070
--------------------------------------
End-of-path required time      : 1.273

Launch Clock Path
        name           model name   delay (ns)  cumulative delay (ns) pins on net    location
===============================================================================================
clk                      input        0.000             0.000               0        (111,0) 
clk                      input        0.070             0.070              18        (111,0) 
clk                      net          1.133             1.203              18        (111,0) 
   Routing elements:
      Manhattan distance of X:31, Y:89
count[1]~FF_frt_3|CLK    EFX_FF       0.000             1.203              18        (142,89)

Data Path
       name          model name   delay (ns)  cumulative delay (ns) pins on net    location
=============================================================================================
count[1]~FF_frt_3|Q   EFX_FF        0.072             0.072              4         (142,89)
n12_q                 net           0.061             0.133              4         (142,89)
   Routing elements:
      Manhattan distance of X:0, Y:2
LUT__83|in[0]         EFX_LUT4      0.034             0.167              4         (142,87)
LUT__83|out           EFX_LUT4      0.000             0.167              2         (142,87)
n39                   net           0.000             0.167              2         (142,87)
count[2]~FF_frt_1|D   EFX_FF        0.000             0.167              2         (142,87)

Capture Clock Path
        name           model name   delay (ns)  cumulative delay (ns) pins on net    location
===============================================================================================
clk                      input        0.000             0.000               0        (111,0) 
clk                      input        0.070             0.070              18        (111,0) 
clk                      net          1.133             1.203              18        (111,0) 
   Routing elements:
      Manhattan distance of X:31, Y:87
count[2]~FF_frt_1|CLK    EFX_FF       0.000             1.203              18        (142,87)

++++ Path 2 ++++++++++++++++++++++++++++++++++++++++++++++++++++++++++++++++++++

Path Begin    : count[1]~FF_frt_5|CLK               
Path End      : count[4]~FF_frt_0|D                 
Launch Clock  : clk (RISE)                          
Capture Clock : clk (RISE)                          
Slack         : 0.101 (arrival time - required time)
Delay         : 0.099                               

Logic Level             : 1
Non-global nets on path : 2
Global nets on path     : 0

Launch Clock Path Delay        : 1.203
+ Clock To Q + Data Path Delay : 0.171
--------------------------------------
End-of-path arrival time       : 1.374

Constraint                     : 0.000
+ Capture Clock Path Delay     : 1.203
+ Clock Uncertainty            : 0.070
--------------------------------------
End-of-path required time      : 1.273

Launch Clock Path
        name           model name   delay (ns)  cumulative delay (ns) pins on net    location
===============================================================================================
clk                      input        0.000             0.000               0        (111,0) 
clk                      input        0.070             0.070              18        (111,0) 
clk                      net          1.133             1.203              18        (111,0) 
   Routing elements:
      Manhattan distance of X:31, Y:91
count[1]~FF_frt_5|CLK    EFX_FF       0.000             1.203              18        (142,91)

Data Path
       name          model name   delay (ns)  cumulative delay (ns) pins on net    location
=============================================================================================
count[1]~FF_frt_5|Q   EFX_FF        0.072             0.072              4         (142,91)
n10_q                 net           0.065             0.137              4         (142,91)
   Routing elements:
      Manhattan distance of X:0, Y:4
LUT__84|in[0]         EFX_LUT4      0.034             0.171              4         (142,95)
LUT__84|out           EFX_LUT4      0.000             0.171              2         (142,95)
n40                   net           0.000             0.171              2         (142,95)
count[4]~FF_frt_0|D   EFX_FF        0.000             0.171              2         (142,95)

Capture Clock Path
        name           model name   delay (ns)  cumulative delay (ns) pins on net    location
===============================================================================================
clk                      input        0.000             0.000               0        (111,0) 
clk                      input        0.070             0.070              18        (111,0) 
clk                      net          1.133             1.203              18        (111,0) 
   Routing elements:
      Manhattan distance of X:31, Y:95
count[4]~FF_frt_0|CLK    EFX_FF       0.000             1.203              18        (142,95)

++++ Path 3 ++++++++++++++++++++++++++++++++++++++++++++++++++++++++++++++++++++

Path Begin    : count[1]~FF_frt_7|CLK               
Path End      : count[4]~FF_frt_0|D                 
Launch Clock  : clk (RISE)                          
Capture Clock : clk (RISE)                          
Slack         : 0.103 (arrival time - required time)
Delay         : 0.101                               

Logic Level             : 1
Non-global nets on path : 2
Global nets on path     : 0

Launch Clock Path Delay        : 1.203
+ Clock To Q + Data Path Delay : 0.173
--------------------------------------
End-of-path arrival time       : 1.376

Constraint                     : 0.000
+ Capture Clock Path Delay     : 1.203
+ Clock Uncertainty            : 0.070
--------------------------------------
End-of-path required time      : 1.273

Launch Clock Path
        name           model name   delay (ns)  cumulative delay (ns) pins on net    location
===============================================================================================
clk                      input        0.000             0.000               0        (111,0) 
clk                      input        0.070             0.070              18        (111,0) 
clk                      net          1.133             1.203              18        (111,0) 
   Routing elements:
      Manhattan distance of X:31, Y:93
count[1]~FF_frt_7|CLK    EFX_FF       0.000             1.203              18        (142,93)

Data Path
       name          model name   delay (ns)  cumulative delay (ns) pins on net    location
=============================================================================================
count[1]~FF_frt_7|Q   EFX_FF        0.072             0.072              4         (142,93)
n8_q                  net           0.067             0.139              4         (142,93)
   Routing elements:
      Manhattan distance of X:0, Y:2
LUT__84|in[2]         EFX_LUT4      0.034             0.173              4         (142,95)
LUT__84|out           EFX_LUT4      0.000             0.173              2         (142,95)
n40                   net           0.000             0.173              2         (142,95)
count[4]~FF_frt_0|D   EFX_FF        0.000             0.173              2         (142,95)

Capture Clock Path
        name           model name   delay (ns)  cumulative delay (ns) pins on net    location
===============================================================================================
clk                      input        0.000             0.000               0        (111,0) 
clk                      input        0.070             0.070              18        (111,0) 
clk                      net          1.133             1.203              18        (111,0) 
   Routing elements:
      Manhattan distance of X:31, Y:95
count[4]~FF_frt_0|CLK    EFX_FF       0.000             1.203              18        (142,95)

++++ Path 4 ++++++++++++++++++++++++++++++++++++++++++++++++++++++++++++++++++++

Path Begin    : count[1]~FF_frt_4|CLK               
Path End      : count[2]~FF_frt_1|D                 
Launch Clock  : clk (RISE)                          
Capture Clock : clk (RISE)                          
Slack         : 0.104 (arrival time - required time)
Delay         : 0.102                               

Logic Level             : 1
Non-global nets on path : 2
Global nets on path     : 0

Launch Clock Path Delay        : 1.203
+ Clock To Q + Data Path Delay : 0.174
--------------------------------------
End-of-path arrival time       : 1.377

Constraint                     : 0.000
+ Capture Clock Path Delay     : 1.203
+ Clock Uncertainty            : 0.070
--------------------------------------
End-of-path required time      : 1.273

Launch Clock Path
        name           model name   delay (ns)  cumulative delay (ns) pins on net    location
===============================================================================================
clk                      input        0.000             0.000               0        (111,0) 
clk                      input        0.070             0.070              18        (111,0) 
clk                      net          1.133             1.203              18        (111,0) 
   Routing elements:
      Manhattan distance of X:31, Y:90
count[1]~FF_frt_4|CLK    EFX_FF       0.000             1.203              18        (142,90)

Data Path
       name          model name   delay (ns)  cumulative delay (ns) pins on net    location
=============================================================================================
count[1]~FF_frt_4|Q   EFX_FF        0.072             0.072              4         (142,90)
n11_q                 net           0.068             0.140              4         (142,90)
   Routing elements:
      Manhattan distance of X:0, Y:3
LUT__83|in[3]         EFX_LUT4      0.034             0.174              4         (142,87)
LUT__83|out           EFX_LUT4      0.000             0.174              2         (142,87)
n39                   net           0.000             0.174              2         (142,87)
count[2]~FF_frt_1|D   EFX_FF        0.000             0.174              2         (142,87)

Capture Clock Path
        name           model name   delay (ns)  cumulative delay (ns) pins on net    location
===============================================================================================
clk                      input        0.000             0.000               0        (111,0) 
clk                      input        0.070             0.070              18        (111,0) 
clk                      net          1.133             1.203              18        (111,0) 
   Routing elements:
      Manhattan distance of X:31, Y:87
count[2]~FF_frt_1|CLK    EFX_FF       0.000             1.203              18        (142,87)

++++ Path 5 ++++++++++++++++++++++++++++++++++++++++++++++++++++++++++++++++++++

Path Begin    : count[1]~FF_frt_4|CLK               
Path End      : count[1]~FF_frt_4|D                 
Launch Clock  : clk (RISE)                          
Capture Clock : clk (RISE)                          
Slack         : 0.109 (arrival time - required time)
Delay         : 0.107                               

Logic Level             : 1
Non-global nets on path : 2
Global nets on path     : 0

Launch Clock Path Delay        : 1.203
+ Clock To Q + Data Path Delay : 0.179
--------------------------------------
End-of-path arrival time       : 1.382

Constraint                     : 0.000
+ Capture Clock Path Delay     : 1.203
+ Clock Uncertainty            : 0.070
--------------------------------------
End-of-path required time      : 1.273

Launch Clock Path
        name           model name   delay (ns)  cumulative delay (ns) pins on net    location
===============================================================================================
clk                      input        0.000             0.000               0        (111,0) 
clk                      input        0.070             0.070              18        (111,0) 
clk                      net          1.133             1.203              18        (111,0) 
   Routing elements:
      Manhattan distance of X:31, Y:90
count[1]~FF_frt_4|CLK    EFX_FF       0.000             1.203              18        (142,90)

Data Path
       name          model name   delay (ns)  cumulative delay (ns) pins on net    location
=============================================================================================
count[1]~FF_frt_4|Q   EFX_FF        0.072             0.072              4         (142,90)
n11_q                 net           0.073             0.145              4         (142,90)
add_10/i3|I0          EFX_ADD       0.034             0.179              4         (142,90)
add_10/i3|O           EFX_ADD       0.000             0.179              2         (142,90)
n11                   net           0.000             0.179              2         (142,90)
count[1]~FF_frt_4|D   EFX_FF        0.000             0.179              2         (142,90)

Capture Clock Path
        name           model name   delay (ns)  cumulative delay (ns) pins on net    location
===============================================================================================
clk                      input        0.000             0.000               0        (111,0) 
clk                      input        0.070             0.070              18        (111,0) 
clk                      net          1.133             1.203              18        (111,0) 
   Routing elements:
      Manhattan distance of X:31, Y:90
count[1]~FF_frt_4|CLK    EFX_FF       0.000             1.203              18        (142,90)

++++ Path 6 ++++++++++++++++++++++++++++++++++++++++++++++++++++++++++++++++++++

Path Begin    : count[1]~FF_frt_3|CLK               
Path End      : count[1]~FF_frt_3|D                 
Launch Clock  : clk (RISE)                          
Capture Clock : clk (RISE)                          
Slack         : 0.109 (arrival time - required time)
Delay         : 0.107                               

Logic Level             : 1
Non-global nets on path : 2
Global nets on path     : 0

Launch Clock Path Delay        : 1.203
+ Clock To Q + Data Path Delay : 0.179
--------------------------------------
End-of-path arrival time       : 1.382

Constraint                     : 0.000
+ Capture Clock Path Delay     : 1.203
+ Clock Uncertainty            : 0.070
--------------------------------------
End-of-path required time      : 1.273

Launch Clock Path
        name           model name   delay (ns)  cumulative delay (ns) pins on net    location
===============================================================================================
clk                      input        0.000             0.000               0        (111,0) 
clk                      input        0.070             0.070              18        (111,0) 
clk                      net          1.133             1.203              18        (111,0) 
   Routing elements:
      Manhattan distance of X:31, Y:89
count[1]~FF_frt_3|CLK    EFX_FF       0.000             1.203              18        (142,89)

Data Path
       name          model name   delay (ns)  cumulative delay (ns) pins on net    location
=============================================================================================
count[1]~FF_frt_3|Q   EFX_FF        0.072             0.072              4         (142,89)
n12_q                 net           0.073             0.145              4         (142,89)
add_10/i2|I0          EFX_ADD       0.034             0.179              4         (142,89)
add_10/i2|O           EFX_ADD       0.000             0.179              2         (142,89)
n12                   net           0.000             0.179              2         (142,89)
count[1]~FF_frt_3|D   EFX_FF        0.000             0.179              2         (142,89)

Capture Clock Path
        name           model name   delay (ns)  cumulative delay (ns) pins on net    location
===============================================================================================
clk                      input        0.000             0.000               0        (111,0) 
clk                      input        0.070             0.070              18        (111,0) 
clk                      net          1.133             1.203              18        (111,0) 
   Routing elements:
      Manhattan distance of X:31, Y:89
count[1]~FF_frt_3|CLK    EFX_FF       0.000             1.203              18        (142,89)

++++ Path 7 ++++++++++++++++++++++++++++++++++++++++++++++++++++++++++++++++++++

Path Begin    : count[1]~FF_frt_7|CLK               
Path End      : count[1]~FF_frt_7|D                 
Launch Clock  : clk (RISE)                          
Capture Clock : clk (RISE)                          
Slack         : 0.110 (arrival time - required time)
Delay         : 0.108                               

Logic Level             : 1
Non-global nets on path : 2
Global nets on path     : 0

Launch Clock Path Delay        : 1.203
+ Clock To Q + Data Path Delay : 0.180
--------------------------------------
End-of-path arrival time       : 1.383

Constraint                     : 0.000
+ Capture Clock Path Delay     : 1.203
+ Clock Uncertainty            : 0.070
--------------------------------------
End-of-path required time      : 1.273

Launch Clock Path
        name           model name   delay (ns)  cumulative delay (ns) pins on net    location
===============================================================================================
clk                      input        0.000             0.000               0        (111,0) 
clk                      input        0.070             0.070              18        (111,0) 
clk                      net          1.133             1.203              18        (111,0) 
   Routing elements:
      Manhattan distance of X:31, Y:93
count[1]~FF_frt_7|CLK    EFX_FF       0.000             1.203              18        (142,93)

Data Path
       name          model name   delay (ns)  cumulative delay (ns) pins on net    location
=============================================================================================
count[1]~FF_frt_7|Q   EFX_FF        0.072             0.072              4         (142,93)
n8_q                  net           0.074             0.146              4         (142,93)
add_10/i6|I0          EFX_ADD       0.034             0.180              4         (142,93)
add_10/i6|O           EFX_ADD       0.000             0.180              2         (142,93)
n8                    net           0.000             0.180              2         (142,93)
count[1]~FF_frt_7|D   EFX_FF        0.000             0.180              2         (142,93)

Capture Clock Path
        name           model name   delay (ns)  cumulative delay (ns) pins on net    location
===============================================================================================
clk                      input        0.000             0.000               0        (111,0) 
clk                      input        0.070             0.070              18        (111,0) 
clk                      net          1.133             1.203              18        (111,0) 
   Routing elements:
      Manhattan distance of X:31, Y:93
count[1]~FF_frt_7|CLK    EFX_FF       0.000             1.203              18        (142,93)

++++ Path 8 ++++++++++++++++++++++++++++++++++++++++++++++++++++++++++++++++++++

Path Begin    : count[1]~FF_frt_8|CLK               
Path End      : count[1]~FF_frt_8|D                 
Launch Clock  : clk (RISE)                          
Capture Clock : clk (RISE)                          
Slack         : 0.110 (arrival time - required time)
Delay         : 0.108                               

Logic Level             : 1
Non-global nets on path : 2
Global nets on path     : 0

Launch Clock Path Delay        : 1.203
+ Clock To Q + Data Path Delay : 0.180
--------------------------------------
End-of-path arrival time       : 1.383

Constraint                     : 0.000
+ Capture Clock Path Delay     : 1.203
+ Clock Uncertainty            : 0.070
--------------------------------------
End-of-path required time      : 1.273

Launch Clock Path
        name           model name   delay (ns)  cumulative delay (ns) pins on net    location
===============================================================================================
clk                      input        0.000             0.000               0        (111,0) 
clk                      input        0.070             0.070              18        (111,0) 
clk                      net          1.133             1.203              18        (111,0) 
   Routing elements:
      Manhattan distance of X:31, Y:94
count[1]~FF_frt_8|CLK    EFX_FF       0.000             1.203              18        (142,94)

Data Path
       name          model name   delay (ns)  cumulative delay (ns) pins on net    location
=============================================================================================
count[1]~FF_frt_8|Q   EFX_FF        0.072             0.072              4         (142,94)
n7_q                  net           0.074             0.146              4         (142,94)
add_10/i7|I0          EFX_ADD       0.034             0.180              4         (142,94)
add_10/i7|O           EFX_ADD       0.000             0.180              2         (142,94)
n7                    net           0.000             0.180              2         (142,94)
count[1]~FF_frt_8|D   EFX_FF        0.000             0.180              2         (142,94)

Capture Clock Path
        name           model name   delay (ns)  cumulative delay (ns) pins on net    location
===============================================================================================
clk                      input        0.000             0.000               0        (111,0) 
clk                      input        0.070             0.070              18        (111,0) 
clk                      net          1.133             1.203              18        (111,0) 
   Routing elements:
      Manhattan distance of X:31, Y:94
count[1]~FF_frt_8|CLK    EFX_FF       0.000             1.203              18        (142,94)

++++ Path 9 ++++++++++++++++++++++++++++++++++++++++++++++++++++++++++++++++++++

Path Begin    : count[1]~FF_frt_6|CLK               
Path End      : count[1]~FF_frt_6|D                 
Launch Clock  : clk (RISE)                          
Capture Clock : clk (RISE)                          
Slack         : 0.110 (arrival time - required time)
Delay         : 0.108                               

Logic Level             : 1
Non-global nets on path : 2
Global nets on path     : 0

Launch Clock Path Delay        : 1.203
+ Clock To Q + Data Path Delay : 0.180
--------------------------------------
End-of-path arrival time       : 1.383

Constraint                     : 0.000
+ Capture Clock Path Delay     : 1.203
+ Clock Uncertainty            : 0.070
--------------------------------------
End-of-path required time      : 1.273

Launch Clock Path
        name           model name   delay (ns)  cumulative delay (ns) pins on net    location
===============================================================================================
clk                      input        0.000             0.000               0        (111,0) 
clk                      input        0.070             0.070              18        (111,0) 
clk                      net          1.133             1.203              18        (111,0) 
   Routing elements:
      Manhattan distance of X:31, Y:92
count[1]~FF_frt_6|CLK    EFX_FF       0.000             1.203              18        (142,92)

Data Path
       name          model name   delay (ns)  cumulative delay (ns) pins on net    location
=============================================================================================
count[1]~FF_frt_6|Q   EFX_FF        0.072             0.072              4         (142,92)
n9_q                  net           0.074             0.146              4         (142,92)
add_10/i5|I0          EFX_ADD       0.034             0.180              4         (142,92)
add_10/i5|O           EFX_ADD       0.000             0.180              2         (142,92)
n9                    net           0.000             0.180              2         (142,92)
count[1]~FF_frt_6|D   EFX_FF        0.000             0.180              2         (142,92)

Capture Clock Path
        name           model name   delay (ns)  cumulative delay (ns) pins on net    location
===============================================================================================
clk                      input        0.000             0.000               0        (111,0) 
clk                      input        0.070             0.070              18        (111,0) 
clk                      net          1.133             1.203              18        (111,0) 
   Routing elements:
      Manhattan distance of X:31, Y:92
count[1]~FF_frt_6|CLK    EFX_FF       0.000             1.203              18        (142,92)

++++ Path 10 +++++++++++++++++++++++++++++++++++++++++++++++++++++++++++++++++++

Path Begin    : count[1]~FF_frt_8|CLK               
Path End      : count[4]~FF_frt_0|D                 
Launch Clock  : clk (RISE)                          
Capture Clock : clk (RISE)                          
Slack         : 0.110 (arrival time - required time)
Delay         : 0.108                               

Logic Level             : 1
Non-global nets on path : 2
Global nets on path     : 0

Launch Clock Path Delay        : 1.203
+ Clock To Q + Data Path Delay : 0.180
--------------------------------------
End-of-path arrival time       : 1.383

Constraint                     : 0.000
+ Capture Clock Path Delay     : 1.203
+ Clock Uncertainty            : 0.070
--------------------------------------
End-of-path required time      : 1.273

Launch Clock Path
        name           model name   delay (ns)  cumulative delay (ns) pins on net    location
===============================================================================================
clk                      input        0.000             0.000               0        (111,0) 
clk                      input        0.070             0.070              18        (111,0) 
clk                      net          1.133             1.203              18        (111,0) 
   Routing elements:
      Manhattan distance of X:31, Y:94
count[1]~FF_frt_8|CLK    EFX_FF       0.000             1.203              18        (142,94)

Data Path
       name          model name   delay (ns)  cumulative delay (ns) pins on net    location
=============================================================================================
count[1]~FF_frt_8|Q   EFX_FF        0.072             0.072              4         (142,94)
n7_q                  net           0.074             0.146              4         (142,94)
   Routing elements:
      Manhattan distance of X:0, Y:1
LUT__84|in[3]         EFX_LUT4      0.034             0.180              4         (142,95)
LUT__84|out           EFX_LUT4      0.000             0.180              2         (142,95)
n40                   net           0.000             0.180              2         (142,95)
count[4]~FF_frt_0|D   EFX_FF        0.000             0.180              2         (142,95)

Capture Clock Path
        name           model name   delay (ns)  cumulative delay (ns) pins on net    location
===============================================================================================
clk                      input        0.000             0.000               0        (111,0) 
clk                      input        0.070             0.070              18        (111,0) 
clk                      net          1.133             1.203              18        (111,0) 
   Routing elements:
      Manhattan distance of X:31, Y:95
count[4]~FF_frt_0|CLK    EFX_FF       0.000             1.203              18        (142,95)

---------- Path Details for Min Critical Paths (end) ---------------

