
Efinix Static Timing Analysis Report
Version: 2025.2.288.2.10
Date: Sun Apr  5 13:06:55 2026

Copyright (C) 2013 - 2025 Efinix, Inc. All rights reserved.

Top-level Entity Name: spi_controller_tmr

SDC Filename: Not Specified

Timing Model: C4
	process : typical
	temperature : 0C to 85C
	voltage : 0.95 +/-30mV
	speedgrade : 4
	technology : t16ff
	status : final

---------- Table of Contents (begin) ----------
   1. Clock Frequency Summary
   2. Clock Relationship Summary
   3. Path Details for Max Critical Paths
   4. Path Details for Min Critical Paths
---------- Table of Contents (end) ------------

---------- 1. Clock Frequency Summary (begin) ----------

User target constrained clocks
 Clock Name  Period (ns)  Frequency (MHz)   Waveform      Targets
    clk         1.000        1000.000     {0.000 0.500}    {clk}

Maximum possible analyzed clocks frequency
 Clock Name  Period (ns)  Frequency (MHz)     Edge
    clk         1.035        966.184         (R-R)

Geomean max period: 1.035

---------- Clock Frequency Summary (end) ---------------

---------- 2. Clock Relationship Summary (begin) ----------

Setup (Max) Clock Relationship
  Launch Clock    Capture Clock   Constraint (ns)     Slack (ns)          Edge
      clk              clk             1.000            -0.035           (R-R)

Hold (Min) Clock Relationship
  Launch Clock    Capture Clock   Constraint (ns)     Slack (ns)          Edge
      clk              clk             0.000            0.069            (R-R)

NOTE: Values are in nanoseconds.

---------- Clock Relationship Summary (end) ---------------

---------- 3. Path Details for Max Critical Paths (begin) ----------

################################################################################
Path Detail Report (clk vs clk)
################################################################################


++++ Path 1 ++++++++++++++++++++++++++++++++++++++++++++++++++++++++++++++++++++

Path Begin    : gen_cores[0].u_spi/clk_cnt[1]~FF|CLK 
Path End      : gen_cores[0].u_spi/bit_cnt[2]~FF|CE  
Launch Clock  : clk (RISE)                           
Capture Clock : clk (RISE)                           
Slack         : -0.035 (required time - arrival time)
Delay         : 0.721                                

Logic Level             : 3
Non-global nets on path : 4
Global nets on path     : 0

Launch Clock Path Delay        : 1.858
+ Clock To Q + Data Path Delay : 0.925
--------------------------------------
End-of-path arrival time       : 2.783

Constraint                     : 1.000
+ Capture Clock Path Delay     : 1.858
- Clock Uncertainty            : 0.110
--------------------------------------
End-of-path required time      : 2.748

Launch Clock Path
                name                  model name   delay (ns)  cumulative delay (ns) pins on net    location
==============================================================================================================
clk                                     input        0.000             0.000               0       (111,0)  
clk                                     input        0.110             0.110              36       (111,0)  
clk                                     net          1.748             1.858              36       (111,0)  
   Routing elements:
      Manhattan distance of X:29, Y:109
gen_cores[0].u_spi/clk_cnt[1]~FF|CLK    EFX_FF       0.000             1.858              36       (140,109)

Data Path
               name                  model name   delay (ns)  cumulative delay (ns) pins on net    location
=============================================================================================================
gen_cores[0].u_spi/clk_cnt[1]~FF|Q    EFX_FF        0.113             0.113              5        (140,109)
gen_cores[0].u_spi/clk_cnt[1]         net           0.146             0.259              5        (140,109)
   Routing elements:
      Manhattan distance of X:0, Y:8
LUT__152|in[2]                        EFX_LUT4      0.054             0.313              5        (140,101)
LUT__152|out                          EFX_LUT4      0.000             0.313              4        (140,101)
n93                                   net           0.094             0.407              4        (140,101)
   Routing elements:
      Manhattan distance of X:1, Y:0
LUT__153|in[3]                        EFX_LUT4      0.054             0.461              4        (139,101)
LUT__153|out                          EFX_LUT4      0.000             0.461              2        (139,101)
n94                                   net           0.053             0.514              2        (139,101)
   Routing elements:
      Manhattan distance of X:0, Y:1
LUT__154|in[0]                        EFX_LUT4      0.054             0.568              2        (139,100)
LUT__154|out                          EFX_LUT4      0.000             0.568              4        (139,100)
ceg_net10                             net           0.266             0.834              4        (139,100)
   Routing elements:
      Manhattan distance of X:1, Y:1
gen_cores[0].u_spi/bit_cnt[2]~FF|CE   EFX_FF        0.091             0.925              4        (140,99) 

Capture Clock Path
                name                  model name   delay (ns)  cumulative delay (ns) pins on net    location
==============================================================================================================
clk                                     input        0.000             0.000               0        (111,0) 
clk                                     input        0.110             0.110              36        (111,0) 
clk                                     net          1.748             1.858              36        (111,0) 
   Routing elements:
      Manhattan distance of X:29, Y:99
gen_cores[0].u_spi/bit_cnt[2]~FF|CLK    EFX_FF       0.000             1.858              36        (140,99)

++++ Path 2 ++++++++++++++++++++++++++++++++++++++++++++++++++++++++++++++++++++

Path Begin    : gen_cores[0].u_spi/bit_cnt[2]~FF|CLK 
Path End      : gen_cores[0].u_spi/bit_cnt[2]~FF|CE  
Launch Clock  : clk (RISE)                           
Capture Clock : clk (RISE)                           
Slack         : -0.031 (required time - arrival time)
Delay         : 0.717                                

Logic Level             : 2
Non-global nets on path : 3
Global nets on path     : 0

Launch Clock Path Delay        : 1.858
+ Clock To Q + Data Path Delay : 0.921
--------------------------------------
End-of-path arrival time       : 2.779

Constraint                     : 1.000
+ Capture Clock Path Delay     : 1.858
- Clock Uncertainty            : 0.110
--------------------------------------
End-of-path required time      : 2.748

Launch Clock Path
                name                  model name   delay (ns)  cumulative delay (ns) pins on net    location
==============================================================================================================
clk                                     input        0.000             0.000               0        (111,0) 
clk                                     input        0.110             0.110              36        (111,0) 
clk                                     net          1.748             1.858              36        (111,0) 
   Routing elements:
      Manhattan distance of X:29, Y:99
gen_cores[0].u_spi/bit_cnt[2]~FF|CLK    EFX_FF       0.000             1.858              36        (140,99)

Data Path
               name                  model name   delay (ns)  cumulative delay (ns) pins on net    location
=============================================================================================================
gen_cores[0].u_spi/bit_cnt[2]~FF|Q    EFX_FF        0.113             0.113              4        (140,99) 
gen_cores[0].u_spi/bit_cnt[2]         net           0.290             0.403              4        (140,99) 
   Routing elements:
      Manhattan distance of X:1, Y:2
LUT__153|in[0]                        EFX_LUT4      0.054             0.457              4        (139,101)
LUT__153|out                          EFX_LUT4      0.000             0.457              2        (139,101)
n94                                   net           0.053             0.510              2        (139,101)
   Routing elements:
      Manhattan distance of X:0, Y:1
LUT__154|in[0]                        EFX_LUT4      0.054             0.564              2        (139,100)
LUT__154|out                          EFX_LUT4      0.000             0.564              4        (139,100)
ceg_net10                             net           0.266             0.830              4        (139,100)
   Routing elements:
      Manhattan distance of X:1, Y:1
gen_cores[0].u_spi/bit_cnt[2]~FF|CE   EFX_FF        0.091             0.921              4        (140,99) 

Capture Clock Path
                name                  model name   delay (ns)  cumulative delay (ns) pins on net    location
==============================================================================================================
clk                                     input        0.000             0.000               0        (111,0) 
clk                                     input        0.110             0.110              36        (111,0) 
clk                                     net          1.748             1.858              36        (111,0) 
   Routing elements:
      Manhattan distance of X:29, Y:99
gen_cores[0].u_spi/bit_cnt[2]~FF|CLK    EFX_FF       0.000             1.858              36        (140,99)

++++ Path 3 ++++++++++++++++++++++++++++++++++++++++++++++++++++++++++++++++++++

Path Begin    : gen_cores[0].u_spi/bit_cnt[1]~FF|CLK 
Path End      : mosi~FF|D                            
Launch Clock  : clk (RISE)                           
Capture Clock : clk (RISE)                           
Slack         : -0.024 (required time - arrival time)
Delay         : 0.798                                

Logic Level             : 3
Non-global nets on path : 4
Global nets on path     : 0

Launch Clock Path Delay        : 1.858
+ Clock To Q + Data Path Delay : 0.914
--------------------------------------
End-of-path arrival time       : 2.772

Constraint                     : 1.000
+ Capture Clock Path Delay     : 1.858
- Clock Uncertainty            : 0.110
--------------------------------------
End-of-path required time      : 2.748

Launch Clock Path
                name                  model name   delay (ns)  cumulative delay (ns) pins on net    location
==============================================================================================================
clk                                     input        0.000             0.000               0       (111,0)  
clk                                     input        0.110             0.110              36       (111,0)  
clk                                     net          1.748             1.858              36       (111,0)  
   Routing elements:
      Manhattan distance of X:29, Y:100
gen_cores[0].u_spi/bit_cnt[1]~FF|CLK    EFX_FF       0.000             1.858              36       (140,100)

Data Path
               name                 model name   delay (ns)  cumulative delay (ns) pins on net    location
============================================================================================================
gen_cores[0].u_spi/bit_cnt[1]~FF|Q   EFX_FF        0.113             0.113              9        (140,100)
gen_cores[0].u_spi/bit_cnt[1]        net           0.306             0.419              9        (140,100)
   Routing elements:
      Manhattan distance of X:4, Y:1
LUT__157|in[1]                       EFX_LUT4      0.054             0.473              9        (136,99) 
LUT__157|out                         EFX_LUT4      0.000             0.473              4        (136,99) 
n97                                  net           0.205             0.678              4        (136,99) 
   Routing elements:
      Manhattan distance of X:1, Y:4
LUT__158|in[3]                       EFX_LUT4      0.054             0.732              4        (137,95) 
LUT__158|out                         EFX_LUT4      0.000             0.732              2        (137,95) 
n98                                  net           0.125             0.857              2        (137,95) 
   Routing elements:
      Manhattan distance of X:2, Y:0
LUT__163|in[1]                       EFX_LUT4      0.054             0.911              2        (139,95) 
LUT__163|out                         EFX_LUT4      0.000             0.911              2        (139,95) 
gen_cores[0].u_spi/n88               net           0.000             0.911              2        (139,95) 
mosi~FF|D                            EFX_FF        0.003             0.914              2        (139,95) 

Capture Clock Path
    name      model name   delay (ns)  cumulative delay (ns) pins on net    location
======================================================================================
clk             input        0.000             0.000               0        (111,0) 
clk             input        0.110             0.110              36        (111,0) 
clk             net          1.748             1.858              36        (111,0) 
   Routing elements:
      Manhattan distance of X:28, Y:95
mosi~FF|CLK     EFX_FF       0.000             1.858              36        (139,95)

++++ Path 4 ++++++++++++++++++++++++++++++++++++++++++++++++++++++++++++++++++++

Path Begin    : sclk~FF|CLK                          
Path End      : gen_cores[0].u_spi/bit_cnt[2]~FF|CE  
Launch Clock  : clk (RISE)                           
Capture Clock : clk (RISE)                           
Slack         : -0.023 (required time - arrival time)
Delay         : 0.709                                

Logic Level             : 3
Non-global nets on path : 4
Global nets on path     : 0

Launch Clock Path Delay        : 1.858
+ Clock To Q + Data Path Delay : 0.913
--------------------------------------
End-of-path arrival time       : 2.771

Constraint                     : 1.000
+ Capture Clock Path Delay     : 1.858
- Clock Uncertainty            : 0.110
--------------------------------------
End-of-path required time      : 2.748

Launch Clock Path
    name      model name   delay (ns)  cumulative delay (ns) pins on net    location
======================================================================================
clk             input        0.000             0.000               0       (111,0)  
clk             input        0.110             0.110              36       (111,0)  
clk             net          1.748             1.858              36       (111,0)  
   Routing elements:
      Manhattan distance of X:29, Y:102
sclk~FF|CLK     EFX_FF       0.000             1.858              36       (140,102)

Data Path
               name                  model name   delay (ns)  cumulative delay (ns) pins on net    location
=============================================================================================================
sclk~FF|Q                             EFX_FF        0.113             0.113              5        (140,102)
sclk                                  net           0.134             0.247              5        (140,102)
   Routing elements:
      Manhattan distance of X:0, Y:1
LUT__152|in[0]                        EFX_LUT4      0.054             0.301              5        (140,101)
LUT__152|out                          EFX_LUT4      0.000             0.301              4        (140,101)
n93                                   net           0.094             0.395              4        (140,101)
   Routing elements:
      Manhattan distance of X:1, Y:0
LUT__153|in[3]                        EFX_LUT4      0.054             0.449              4        (139,101)
LUT__153|out                          EFX_LUT4      0.000             0.449              2        (139,101)
n94                                   net           0.053             0.502              2        (139,101)
   Routing elements:
      Manhattan distance of X:0, Y:1
LUT__154|in[0]                        EFX_LUT4      0.054             0.556              2        (139,100)
LUT__154|out                          EFX_LUT4      0.000             0.556              4        (139,100)
ceg_net10                             net           0.266             0.822              4        (139,100)
   Routing elements:
      Manhattan distance of X:1, Y:1
gen_cores[0].u_spi/bit_cnt[2]~FF|CE   EFX_FF        0.091             0.913              4        (140,99) 

Capture Clock Path
                name                  model name   delay (ns)  cumulative delay (ns) pins on net    location
==============================================================================================================
clk                                     input        0.000             0.000               0        (111,0) 
clk                                     input        0.110             0.110              36        (111,0) 
clk                                     net          1.748             1.858              36        (111,0) 
   Routing elements:
      Manhattan distance of X:29, Y:99
gen_cores[0].u_spi/bit_cnt[2]~FF|CLK    EFX_FF       0.000             1.858              36        (140,99)

++++ Path 5 ++++++++++++++++++++++++++++++++++++++++++++++++++++++++++++++++++++

Path Begin    : gen_cores[0].u_spi/state[1]~FF|CLK   
Path End      : sclk~FF|CE                           
Launch Clock  : clk (RISE)                           
Capture Clock : clk (RISE)                           
Slack         : -0.011 (required time - arrival time)
Delay         : 0.697                                

Logic Level             : 2
Non-global nets on path : 3
Global nets on path     : 0

Launch Clock Path Delay        : 1.858
+ Clock To Q + Data Path Delay : 0.901
--------------------------------------
End-of-path arrival time       : 2.759

Constraint                     : 1.000
+ Capture Clock Path Delay     : 1.858
- Clock Uncertainty            : 0.110
--------------------------------------
End-of-path required time      : 2.748

Launch Clock Path
               name                 model name   delay (ns)  cumulative delay (ns) pins on net    location
============================================================================================================
clk                                   input        0.000             0.000               0        (111,0) 
clk                                   input        0.110             0.110              36        (111,0) 
clk                                   net          1.748             1.858              36        (111,0) 
   Routing elements:
      Manhattan distance of X:29, Y:96
gen_cores[0].u_spi/state[1]~FF|CLK    EFX_FF       0.000             1.858              36        (140,96)

Data Path
              name                model name   delay (ns)  cumulative delay (ns) pins on net    location
==========================================================================================================
gen_cores[0].u_spi/state[1]~FF|Q   EFX_FF        0.113             0.113              9        (140,96) 
gen_cores[0].u_spi/state[1]        net           0.256             0.369              9        (140,96) 
LUT__167|in[0]                     EFX_LUT4      0.054             0.423              9        (140,96) 
LUT__167|out                       EFX_LUT4      0.000             0.423              7        (140,96) 
~gen_cores[0].u_spi/equal_6/n3     net           0.152             0.575              7        (140,96) 
   Routing elements:
      Manhattan distance of X:0, Y:7
LUT__173|in[2]                     EFX_LUT4      0.054             0.629              7        (140,103)
LUT__173|out                       EFX_LUT4      0.000             0.629              2        (140,103)
~gen_cores[0].u_spi/n211           net           0.181             0.810              2        (140,103)
   Routing elements:
      Manhattan distance of X:0, Y:1
sclk~FF|CE                         EFX_FF        0.091             0.901              2        (140,102)

Capture Clock Path
    name      model name   delay (ns)  cumulative delay (ns) pins on net    location
======================================================================================
clk             input        0.000             0.000               0       (111,0)  
clk             input        0.110             0.110              36       (111,0)  
clk             net          1.748             1.858              36       (111,0)  
   Routing elements:
      Manhattan distance of X:29, Y:102
sclk~FF|CLK     EFX_FF       0.000             1.858              36       (140,102)

++++ Path 6 ++++++++++++++++++++++++++++++++++++++++++++++++++++++++++++++++++++

Path Begin    : gen_cores[0].u_spi/state[0]~FF|CLK   
Path End      : sclk~FF|CE                           
Launch Clock  : clk (RISE)                           
Capture Clock : clk (RISE)                           
Slack         : -0.011 (required time - arrival time)
Delay         : 0.697                                

Logic Level             : 2
Non-global nets on path : 3
Global nets on path     : 0

Launch Clock Path Delay        : 1.858
+ Clock To Q + Data Path Delay : 0.901
--------------------------------------
End-of-path arrival time       : 2.759

Constraint                     : 1.000
+ Capture Clock Path Delay     : 1.858
- Clock Uncertainty            : 0.110
--------------------------------------
End-of-path required time      : 2.748

Launch Clock Path
               name                 model name   delay (ns)  cumulative delay (ns) pins on net    location
============================================================================================================
clk                                   input        0.000             0.000               0        (111,0) 
clk                                   input        0.110             0.110              36        (111,0) 
clk                                   net          1.748             1.858              36        (111,0) 
   Routing elements:
      Manhattan distance of X:30, Y:97
gen_cores[0].u_spi/state[0]~FF|CLK    EFX_FF       0.000             1.858              36        (141,97)

Data Path
              name                model name   delay (ns)  cumulative delay (ns) pins on net    location
==========================================================================================================
gen_cores[0].u_spi/state[0]~FF|Q   EFX_FF        0.113             0.113              13       (141,97) 
gen_cores[0].u_spi/state[0]        net           0.256             0.369              13       (141,97) 
   Routing elements:
      Manhattan distance of X:1, Y:1
LUT__167|in[1]                     EFX_LUT4      0.054             0.423              13       (140,96) 
LUT__167|out                       EFX_LUT4      0.000             0.423               7       (140,96) 
~gen_cores[0].u_spi/equal_6/n3     net           0.152             0.575               7       (140,96) 
   Routing elements:
      Manhattan distance of X:0, Y:7
LUT__173|in[2]                     EFX_LUT4      0.054             0.629               7       (140,103)
LUT__173|out                       EFX_LUT4      0.000             0.629               2       (140,103)
~gen_cores[0].u_spi/n211           net           0.181             0.810               2       (140,103)
   Routing elements:
      Manhattan distance of X:0, Y:1
sclk~FF|CE                         EFX_FF        0.091             0.901               2       (140,102)

Capture Clock Path
    name      model name   delay (ns)  cumulative delay (ns) pins on net    location
======================================================================================
clk             input        0.000             0.000               0       (111,0)  
clk             input        0.110             0.110              36       (111,0)  
clk             net          1.748             1.858              36       (111,0)  
   Routing elements:
      Manhattan distance of X:29, Y:102
sclk~FF|CLK     EFX_FF       0.000             1.858              36       (140,102)

++++ Path 7 ++++++++++++++++++++++++++++++++++++++++++++++++++++++++++++++++++++

Path Begin    : gen_cores[0].u_spi/bit_cnt[1]~FF|CLK 
Path End      : gen_cores[0].u_spi/bit_cnt[2]~FF|CE  
Launch Clock  : clk (RISE)                           
Capture Clock : clk (RISE)                           
Slack         : -0.010 (required time - arrival time)
Delay         : 0.696                                

Logic Level             : 2
Non-global nets on path : 3
Global nets on path     : 0

Launch Clock Path Delay        : 1.858
+ Clock To Q + Data Path Delay : 0.900
--------------------------------------
End-of-path arrival time       : 2.758

Constraint                     : 1.000
+ Capture Clock Path Delay     : 1.858
- Clock Uncertainty            : 0.110
--------------------------------------
End-of-path required time      : 2.748

Launch Clock Path
                name                  model name   delay (ns)  cumulative delay (ns) pins on net    location
==============================================================================================================
clk                                     input        0.000             0.000               0       (111,0)  
clk                                     input        0.110             0.110              36       (111,0)  
clk                                     net          1.748             1.858              36       (111,0)  
   Routing elements:
      Manhattan distance of X:29, Y:100
gen_cores[0].u_spi/bit_cnt[1]~FF|CLK    EFX_FF       0.000             1.858              36       (140,100)

Data Path
               name                  model name   delay (ns)  cumulative delay (ns) pins on net    location
=============================================================================================================
gen_cores[0].u_spi/bit_cnt[1]~FF|Q    EFX_FF        0.113             0.113              9        (140,100)
gen_cores[0].u_spi/bit_cnt[1]         net           0.269             0.382              9        (140,100)
   Routing elements:
      Manhattan distance of X:1, Y:1
LUT__153|in[2]                        EFX_LUT4      0.054             0.436              9        (139,101)
LUT__153|out                          EFX_LUT4      0.000             0.436              2        (139,101)
n94                                   net           0.053             0.489              2        (139,101)
   Routing elements:
      Manhattan distance of X:0, Y:1
LUT__154|in[0]                        EFX_LUT4      0.054             0.543              2        (139,100)
LUT__154|out                          EFX_LUT4      0.000             0.543              4        (139,100)
ceg_net10                             net           0.266             0.809              4        (139,100)
   Routing elements:
      Manhattan distance of X:1, Y:1
gen_cores[0].u_spi/bit_cnt[2]~FF|CE   EFX_FF        0.091             0.900              4        (140,99) 

Capture Clock Path
                name                  model name   delay (ns)  cumulative delay (ns) pins on net    location
==============================================================================================================
clk                                     input        0.000             0.000               0        (111,0) 
clk                                     input        0.110             0.110              36        (111,0) 
clk                                     net          1.748             1.858              36        (111,0) 
   Routing elements:
      Manhattan distance of X:29, Y:99
gen_cores[0].u_spi/bit_cnt[2]~FF|CLK    EFX_FF       0.000             1.858              36        (140,99)

++++ Path 8 ++++++++++++++++++++++++++++++++++++++++++++++++++++++++++++++++++++

Path Begin    : gen_cores[0].u_spi/clk_cnt[0]~FF|CLK 
Path End      : gen_cores[0].u_spi/bit_cnt[2]~FF|CE  
Launch Clock  : clk (RISE)                           
Capture Clock : clk (RISE)                           
Slack         : -0.007 (required time - arrival time)
Delay         : 0.693                                

Logic Level             : 3
Non-global nets on path : 4
Global nets on path     : 0

Launch Clock Path Delay        : 1.858
+ Clock To Q + Data Path Delay : 0.897
--------------------------------------
End-of-path arrival time       : 2.755

Constraint                     : 1.000
+ Capture Clock Path Delay     : 1.858
- Clock Uncertainty            : 0.110
--------------------------------------
End-of-path required time      : 2.748

Launch Clock Path
                name                  model name   delay (ns)  cumulative delay (ns) pins on net    location
==============================================================================================================
clk                                     input        0.000             0.000               0       (111,0)  
clk                                     input        0.110             0.110              36       (111,0)  
clk                                     net          1.748             1.858              36       (111,0)  
   Routing elements:
      Manhattan distance of X:29, Y:106
gen_cores[0].u_spi/clk_cnt[0]~FF|CLK    EFX_FF       0.000             1.858              36       (140,106)

Data Path
               name                  model name   delay (ns)  cumulative delay (ns) pins on net    location
=============================================================================================================
gen_cores[0].u_spi/clk_cnt[0]~FF|Q    EFX_FF        0.113             0.113              6        (140,106)
gen_cores[0].u_spi/clk_cnt[0]         net           0.118             0.231              6        (140,106)
   Routing elements:
      Manhattan distance of X:0, Y:5
LUT__152|in[1]                        EFX_LUT4      0.054             0.285              6        (140,101)
LUT__152|out                          EFX_LUT4      0.000             0.285              4        (140,101)
n93                                   net           0.094             0.379              4        (140,101)
   Routing elements:
      Manhattan distance of X:1, Y:0
LUT__153|in[3]                        EFX_LUT4      0.054             0.433              4        (139,101)
LUT__153|out                          EFX_LUT4      0.000             0.433              2        (139,101)
n94                                   net           0.053             0.486              2        (139,101)
   Routing elements:
      Manhattan distance of X:0, Y:1
LUT__154|in[0]                        EFX_LUT4      0.054             0.540              2        (139,100)
LUT__154|out                          EFX_LUT4      0.000             0.540              4        (139,100)
ceg_net10                             net           0.266             0.806              4        (139,100)
   Routing elements:
      Manhattan distance of X:1, Y:1
gen_cores[0].u_spi/bit_cnt[2]~FF|CE   EFX_FF        0.091             0.897              4        (140,99) 

Capture Clock Path
                name                  model name   delay (ns)  cumulative delay (ns) pins on net    location
==============================================================================================================
clk                                     input        0.000             0.000               0        (111,0) 
clk                                     input        0.110             0.110              36        (111,0) 
clk                                     net          1.748             1.858              36        (111,0) 
   Routing elements:
      Manhattan distance of X:29, Y:99
gen_cores[0].u_spi/bit_cnt[2]~FF|CLK    EFX_FF       0.000             1.858              36        (140,99)

++++ Path 9 ++++++++++++++++++++++++++++++++++++++++++++++++++++++++++++++++++++

Path Begin    : gen_cores[0].u_spi/clk_cnt[0]~FF|CLK
Path End      : mosi~FF|CE                          
Launch Clock  : clk (RISE)                          
Capture Clock : clk (RISE)                          
Slack         : 0.004 (required time - arrival time)
Delay         : 0.682                               

Logic Level             : 2
Non-global nets on path : 3
Global nets on path     : 0

Launch Clock Path Delay        : 1.858
+ Clock To Q + Data Path Delay : 0.886
--------------------------------------
End-of-path arrival time       : 2.744

Constraint                     : 1.000
+ Capture Clock Path Delay     : 1.858
- Clock Uncertainty            : 0.110
--------------------------------------
End-of-path required time      : 2.748

Launch Clock Path
                name                  model name   delay (ns)  cumulative delay (ns) pins on net    location
==============================================================================================================
clk                                     input        0.000             0.000               0       (111,0)  
clk                                     input        0.110             0.110              36       (111,0)  
clk                                     net          1.748             1.858              36       (111,0)  
   Routing elements:
      Manhattan distance of X:29, Y:106
gen_cores[0].u_spi/clk_cnt[0]~FF|CLK    EFX_FF       0.000             1.858              36       (140,106)

Data Path
               name                 model name   delay (ns)  cumulative delay (ns) pins on net    location
============================================================================================================
gen_cores[0].u_spi/clk_cnt[0]~FF|Q   EFX_FF        0.113             0.113              6        (140,106)
gen_cores[0].u_spi/clk_cnt[0]        net           0.250             0.363              6        (140,106)
   Routing elements:
      Manhattan distance of X:5, Y:5
LUT__164|in[1]                       EFX_LUT4      0.055             0.418              6        (135,101)
LUT__164|out                         EFX_LUT4      0.000             0.418              2        (135,101)
n103                                 net           0.142             0.560              2        (135,101)
   Routing elements:
      Manhattan distance of X:4, Y:5
LUT__165|in[1]                       EFX_LUT4      0.054             0.614              2        (139,96) 
LUT__165|out                         EFX_LUT4      0.000             0.614              2        (139,96) 
ceg_net21                            net           0.181             0.795              2        (139,96) 
   Routing elements:
      Manhattan distance of X:0, Y:1
mosi~FF|CE                           EFX_FF        0.091             0.886              2        (139,95) 

Capture Clock Path
    name      model name   delay (ns)  cumulative delay (ns) pins on net    location
======================================================================================
clk             input        0.000             0.000               0        (111,0) 
clk             input        0.110             0.110              36        (111,0) 
clk             net          1.748             1.858              36        (111,0) 
   Routing elements:
      Manhattan distance of X:28, Y:95
mosi~FF|CLK     EFX_FF       0.000             1.858              36        (139,95)

++++ Path 10 +++++++++++++++++++++++++++++++++++++++++++++++++++++++++++++++++++

Path Begin    : gen_cores[0].u_spi/shift_reg_tx[5]~FF|CLK
Path End      : mosi~FF|D                                
Launch Clock  : clk (RISE)                               
Capture Clock : clk (RISE)                               
Slack         : 0.023 (required time - arrival time)     
Delay         : 0.577                                    

Logic Level             : 3
Non-global nets on path : 4
Global nets on path     : 0

Launch Clock Path Delay        : 2.019
+ Clock To Q + Data Path Delay : 0.706
--------------------------------------
End-of-path arrival time       : 2.725

Constraint                     : 1.000
+ Capture Clock Path Delay     : 1.858
- Clock Uncertainty            : 0.110
--------------------------------------
End-of-path required time      : 2.748

Launch Clock Path
                  name                     model name   delay (ns)  cumulative delay (ns) pins on net    location
===================================================================================================================
clk                                          input        0.000             0.000               0       (111,0)  
clk                                          input        0.110             0.110              36       (111,0)  
clk                                          net          1.909             2.019              36       (111,0)  
   Routing elements:
      Manhattan distance of X:30, Y:104
gen_cores[0].u_spi/shift_reg_tx[5]~FF|CLK    EFX_FF       0.000             2.019              36       (141,104)

Data Path
                 name                    model name   delay (ns)  cumulative delay (ns) pins on net    location
=================================================================================================================
gen_cores[0].u_spi/shift_reg_tx[5]~FF|Q   EFX_FF        0.126             0.126              2        (141,104)
gen_cores[0].u_spi/shift_reg_tx[5]        net           0.184             0.310              2        (141,104)
   Routing elements:
      Manhattan distance of X:4, Y:5
LUT__156|in[1]                            EFX_LUT4      0.054             0.364              2        (137,99) 
LUT__156|out                              EFX_LUT4      0.000             0.364              2        (137,99) 
n96                                       net           0.106             0.470              2        (137,99) 
   Routing elements:
      Manhattan distance of X:0, Y:4
LUT__158|in[0]                            EFX_LUT4      0.054             0.524              2        (137,95) 
LUT__158|out                              EFX_LUT4      0.000             0.524              2        (137,95) 
n98                                       net           0.125             0.649              2        (137,95) 
   Routing elements:
      Manhattan distance of X:2, Y:0
LUT__163|in[1]                            EFX_LUT4      0.054             0.703              2        (139,95) 
LUT__163|out                              EFX_LUT4      0.000             0.703              2        (139,95) 
gen_cores[0].u_spi/n88                    net           0.000             0.703              2        (139,95) 
mosi~FF|D                                 EFX_FF        0.003             0.706              2        (139,95) 

Capture Clock Path
    name      model name   delay (ns)  cumulative delay (ns) pins on net    location
======================================================================================
clk             input        0.000             0.000               0        (111,0) 
clk             input        0.110             0.110              36        (111,0) 
clk             net          1.748             1.858              36        (111,0) 
   Routing elements:
      Manhattan distance of X:28, Y:95
mosi~FF|CLK     EFX_FF       0.000             1.858              36        (139,95)

---------- Path Details for Max Critical Paths (end) ---------------

---------- 4. Path Details for Min Critical Paths (begin) ----------

################################################################################
Path Detail Report (clk vs clk)
################################################################################


++++ Path 1 ++++++++++++++++++++++++++++++++++++++++++++++++++++++++++++++++++++

Path Begin    : gen_cores[0].u_spi/shift_reg_rx[3]~FF|CLK
Path End      : gen_cores[0].u_spi/shift_reg_rx[4]~FF|D  
Launch Clock  : clk (RISE)                               
Capture Clock : clk (RISE)                               
Slack         : 0.069 (arrival time - required time)     
Delay         : 0.209                                    

Logic Level             : 0
Non-global nets on path : 1
Global nets on path     : 0

Launch Clock Path Delay        : 1.352
+ Clock To Q + Data Path Delay : 0.243
--------------------------------------
End-of-path arrival time       : 1.595

Constraint                     : 0.000
+ Capture Clock Path Delay     : 1.456
+ Clock Uncertainty            : 0.070
--------------------------------------
End-of-path required time      : 1.526

Launch Clock Path
                  name                     model name   delay (ns)  cumulative delay (ns) pins on net    location
===================================================================================================================
clk                                          input        0.000             0.000               0        (111,0) 
clk                                          input        0.070             0.070              36        (111,0) 
clk                                          net          1.282             1.352              36        (111,0) 
   Routing elements:
      Manhattan distance of X:30, Y:94
gen_cores[0].u_spi/shift_reg_rx[3]~FF|CLK    EFX_FF       0.000             1.352              36        (141,94)

Data Path
                 name                    model name   delay (ns)  cumulative delay (ns) pins on net    location
=================================================================================================================
gen_cores[0].u_spi/shift_reg_rx[3]~FF|Q    EFX_FF        0.072            0.072              3         (141,94)
gen_cores[0].u_spi/shift_reg_rx[3]         net           0.209            0.281              3         (141,94)
   Routing elements:
      Manhattan distance of X:1, Y:5
gen_cores[0].u_spi/shift_reg_rx[4]~FF|D    EFX_FF       -0.038            0.243              3         (140,89)

Capture Clock Path
                  name                     model name   delay (ns)  cumulative delay (ns) pins on net    location
===================================================================================================================
clk                                          input        0.000             0.000               0        (111,0) 
clk                                          input        0.070             0.070              36        (111,0) 
clk                                          net          1.386             1.456              36        (111,0) 
   Routing elements:
      Manhattan distance of X:29, Y:89
gen_cores[0].u_spi/shift_reg_rx[4]~FF|CLK    EFX_FF       0.000             1.456              36        (140,89)

++++ Path 2 ++++++++++++++++++++++++++++++++++++++++++++++++++++++++++++++++++++

Path Begin    : gen_cores[0].u_spi/clk_cnt[0]~FF|CLK    
Path End      : gen_cores[0].u_spi/shift_reg_rx[0]~FF|CE
Launch Clock  : clk (RISE)                              
Capture Clock : clk (RISE)                              
Slack         : 0.083 (arrival time - required time)    
Delay         : 0.462                                   

Logic Level             : 2
Non-global nets on path : 3
Global nets on path     : 0

Launch Clock Path Delay        : 1.203
+ Clock To Q + Data Path Delay : 0.489
--------------------------------------
End-of-path arrival time       : 1.692

Constraint                     : 0.000
+ Capture Clock Path Delay     : 1.539
+ Clock Uncertainty            : 0.070
--------------------------------------
End-of-path required time      : 1.609

Launch Clock Path
                name                  model name   delay (ns)  cumulative delay (ns) pins on net    location
==============================================================================================================
clk                                     input        0.000             0.000               0       (111,0)  
clk                                     input        0.070             0.070              36       (111,0)  
clk                                     net          1.133             1.203              36       (111,0)  
   Routing elements:
      Manhattan distance of X:29, Y:106
gen_cores[0].u_spi/clk_cnt[0]~FF|CLK    EFX_FF       0.000             1.203              36       (140,106)

Data Path
                  name                    model name   delay (ns)  cumulative delay (ns) pins on net    location
==================================================================================================================
gen_cores[0].u_spi/clk_cnt[0]~FF|Q         EFX_FF         0.072            0.072              6        (140,106)
gen_cores[0].u_spi/clk_cnt[0]              net            0.078            0.150              6        (140,106)
   Routing elements:
      Manhattan distance of X:0, Y:5
LUT__152|in[1]                             EFX_LUT4       0.034            0.184              6        (140,101)
LUT__152|out                               EFX_LUT4       0.000            0.184              4        (140,101)
n93                                        net            0.108            0.292              4        (140,101)
   Routing elements:
      Manhattan distance of X:0, Y:6
LUT__168|in[0]                             EFX_LUT4       0.034            0.326              4        (140,95) 
LUT__168|out                               EFX_LUT4       0.000            0.326              9        (140,95) 
gen_cores[0].u_spi/n431                    net            0.208            0.534              9        (140,95) 
   Routing elements:
      Manhattan distance of X:1, Y:5
gen_cores[0].u_spi/shift_reg_rx[0]~FF|CE   EFX_FF        -0.045            0.489              9        (141,90) 

Capture Clock Path
                  name                     model name   delay (ns)  cumulative delay (ns) pins on net    location
===================================================================================================================
clk                                          input        0.000             0.000               0        (111,0) 
clk                                          input        0.070             0.070              36        (111,0) 
clk                                          net          1.469             1.539              36        (111,0) 
   Routing elements:
      Manhattan distance of X:30, Y:90
gen_cores[0].u_spi/shift_reg_rx[0]~FF|CLK    EFX_FF       0.000             1.539              36        (141,90)

++++ Path 3 ++++++++++++++++++++++++++++++++++++++++++++++++++++++++++++++++++++

Path Begin    : gen_cores[0].u_spi/clk_cnt[0]~FF|CLK    
Path End      : gen_cores[0].u_spi/shift_reg_rx[1]~FF|CE
Launch Clock  : clk (RISE)                              
Capture Clock : clk (RISE)                              
Slack         : 0.083 (arrival time - required time)    
Delay         : 0.462                                   

Logic Level             : 2
Non-global nets on path : 3
Global nets on path     : 0

Launch Clock Path Delay        : 1.203
+ Clock To Q + Data Path Delay : 0.489
--------------------------------------
End-of-path arrival time       : 1.692

Constraint                     : 0.000
+ Capture Clock Path Delay     : 1.539
+ Clock Uncertainty            : 0.070
--------------------------------------
End-of-path required time      : 1.609

Launch Clock Path
                name                  model name   delay (ns)  cumulative delay (ns) pins on net    location
==============================================================================================================
clk                                     input        0.000             0.000               0       (111,0)  
clk                                     input        0.070             0.070              36       (111,0)  
clk                                     net          1.133             1.203              36       (111,0)  
   Routing elements:
      Manhattan distance of X:29, Y:106
gen_cores[0].u_spi/clk_cnt[0]~FF|CLK    EFX_FF       0.000             1.203              36       (140,106)

Data Path
                  name                    model name   delay (ns)  cumulative delay (ns) pins on net    location
==================================================================================================================
gen_cores[0].u_spi/clk_cnt[0]~FF|Q         EFX_FF         0.072            0.072              6        (140,106)
gen_cores[0].u_spi/clk_cnt[0]              net            0.078            0.150              6        (140,106)
   Routing elements:
      Manhattan distance of X:0, Y:5
LUT__152|in[1]                             EFX_LUT4       0.034            0.184              6        (140,101)
LUT__152|out                               EFX_LUT4       0.000            0.184              4        (140,101)
n93                                        net            0.108            0.292              4        (140,101)
   Routing elements:
      Manhattan distance of X:0, Y:6
LUT__168|in[0]                             EFX_LUT4       0.034            0.326              4        (140,95) 
LUT__168|out                               EFX_LUT4       0.000            0.326              9        (140,95) 
gen_cores[0].u_spi/n431                    net            0.208            0.534              9        (140,95) 
   Routing elements:
      Manhattan distance of X:1, Y:6
gen_cores[0].u_spi/shift_reg_rx[1]~FF|CE   EFX_FF        -0.045            0.489              9        (141,89) 

Capture Clock Path
                  name                     model name   delay (ns)  cumulative delay (ns) pins on net    location
===================================================================================================================
clk                                          input        0.000             0.000               0        (111,0) 
clk                                          input        0.070             0.070              36        (111,0) 
clk                                          net          1.469             1.539              36        (111,0) 
   Routing elements:
      Manhattan distance of X:30, Y:89
gen_cores[0].u_spi/shift_reg_rx[1]~FF|CLK    EFX_FF       0.000             1.539              36        (141,89)

++++ Path 4 ++++++++++++++++++++++++++++++++++++++++++++++++++++++++++++++++++++

Path Begin    : gen_cores[0].u_spi/shift_reg_rx[6]~FF|CLK
Path End      : gen_cores[0].u_spi/shift_reg_rx[7]~FF|D  
Launch Clock  : clk (RISE)                               
Capture Clock : clk (RISE)                               
Slack         : 0.087 (arrival time - required time)     
Delay         : 0.123                                    

Logic Level             : 0
Non-global nets on path : 1
Global nets on path     : 0

Launch Clock Path Delay        : 1.456
+ Clock To Q + Data Path Delay : 0.157
--------------------------------------
End-of-path arrival time       : 1.613

Constraint                     : 0.000
+ Capture Clock Path Delay     : 1.456
+ Clock Uncertainty            : 0.070
--------------------------------------
End-of-path required time      : 1.526

Launch Clock Path
                  name                     model name   delay (ns)  cumulative delay (ns) pins on net    location
===================================================================================================================
clk                                          input        0.000             0.000               0        (111,0) 
clk                                          input        0.070             0.070              36        (111,0) 
clk                                          net          1.386             1.456              36        (111,0) 
   Routing elements:
      Manhattan distance of X:29, Y:94
gen_cores[0].u_spi/shift_reg_rx[6]~FF|CLK    EFX_FF       0.000             1.456              36        (140,94)

Data Path
                 name                    model name   delay (ns)  cumulative delay (ns) pins on net    location
=================================================================================================================
gen_cores[0].u_spi/shift_reg_rx[6]~FF|Q    EFX_FF        0.072            0.072              3         (140,94)
gen_cores[0].u_spi/shift_reg_rx[6]         net           0.123            0.195              3         (140,94)
   Routing elements:
      Manhattan distance of X:0, Y:1
gen_cores[0].u_spi/shift_reg_rx[7]~FF|D    EFX_FF       -0.038            0.157              3         (140,93)

Capture Clock Path
                  name                     model name   delay (ns)  cumulative delay (ns) pins on net    location
===================================================================================================================
clk                                          input        0.000             0.000               0        (111,0) 
clk                                          input        0.070             0.070              36        (111,0) 
clk                                          net          1.386             1.456              36        (111,0) 
   Routing elements:
      Manhattan distance of X:29, Y:93
gen_cores[0].u_spi/shift_reg_rx[7]~FF|CLK    EFX_FF       0.000             1.456              36        (140,93)

++++ Path 5 ++++++++++++++++++++++++++++++++++++++++++++++++++++++++++++++++++++

Path Begin    : sclk~FF|CLK                             
Path End      : gen_cores[0].u_spi/shift_reg_rx[1]~FF|CE
Launch Clock  : clk (RISE)                              
Capture Clock : clk (RISE)                              
Slack         : 0.092 (arrival time - required time)    
Delay         : 0.471                                   

Logic Level             : 2
Non-global nets on path : 3
Global nets on path     : 0

Launch Clock Path Delay        : 1.203
+ Clock To Q + Data Path Delay : 0.498
--------------------------------------
End-of-path arrival time       : 1.701

Constraint                     : 0.000
+ Capture Clock Path Delay     : 1.539
+ Clock Uncertainty            : 0.070
--------------------------------------
End-of-path required time      : 1.609

Launch Clock Path
    name      model name   delay (ns)  cumulative delay (ns) pins on net    location
======================================================================================
clk             input        0.000             0.000               0       (111,0)  
clk             input        0.070             0.070              36       (111,0)  
clk             net          1.133             1.203              36       (111,0)  
   Routing elements:
      Manhattan distance of X:29, Y:102
sclk~FF|CLK     EFX_FF       0.000             1.203              36       (140,102)

Data Path
                  name                    model name   delay (ns)  cumulative delay (ns) pins on net    location
==================================================================================================================
sclk~FF|Q                                  EFX_FF         0.072            0.072              5        (140,102)
sclk                                       net            0.087            0.159              5        (140,102)
   Routing elements:
      Manhattan distance of X:0, Y:1
LUT__152|in[0]                             EFX_LUT4       0.034            0.193              5        (140,101)
LUT__152|out                               EFX_LUT4       0.000            0.193              4        (140,101)
n93                                        net            0.108            0.301              4        (140,101)
   Routing elements:
      Manhattan distance of X:0, Y:6
LUT__168|in[0]                             EFX_LUT4       0.034            0.335              4        (140,95) 
LUT__168|out                               EFX_LUT4       0.000            0.335              9        (140,95) 
gen_cores[0].u_spi/n431                    net            0.208            0.543              9        (140,95) 
   Routing elements:
      Manhattan distance of X:1, Y:6
gen_cores[0].u_spi/shift_reg_rx[1]~FF|CE   EFX_FF        -0.045            0.498              9        (141,89) 

Capture Clock Path
                  name                     model name   delay (ns)  cumulative delay (ns) pins on net    location
===================================================================================================================
clk                                          input        0.000             0.000               0        (111,0) 
clk                                          input        0.070             0.070              36        (111,0) 
clk                                          net          1.469             1.539              36        (111,0) 
   Routing elements:
      Manhattan distance of X:30, Y:89
gen_cores[0].u_spi/shift_reg_rx[1]~FF|CLK    EFX_FF       0.000             1.539              36        (141,89)

++++ Path 6 ++++++++++++++++++++++++++++++++++++++++++++++++++++++++++++++++++++

Path Begin    : sclk~FF|CLK                             
Path End      : gen_cores[0].u_spi/shift_reg_rx[0]~FF|CE
Launch Clock  : clk (RISE)                              
Capture Clock : clk (RISE)                              
Slack         : 0.092 (arrival time - required time)    
Delay         : 0.471                                   

Logic Level             : 2
Non-global nets on path : 3
Global nets on path     : 0

Launch Clock Path Delay        : 1.203
+ Clock To Q + Data Path Delay : 0.498
--------------------------------------
End-of-path arrival time       : 1.701

Constraint                     : 0.000
+ Capture Clock Path Delay     : 1.539
+ Clock Uncertainty            : 0.070
--------------------------------------
End-of-path required time      : 1.609

Launch Clock Path
    name      model name   delay (ns)  cumulative delay (ns) pins on net    location
======================================================================================
clk             input        0.000             0.000               0       (111,0)  
clk             input        0.070             0.070              36       (111,0)  
clk             net          1.133             1.203              36       (111,0)  
   Routing elements:
      Manhattan distance of X:29, Y:102
sclk~FF|CLK     EFX_FF       0.000             1.203              36       (140,102)

Data Path
                  name                    model name   delay (ns)  cumulative delay (ns) pins on net    location
==================================================================================================================
sclk~FF|Q                                  EFX_FF         0.072            0.072              5        (140,102)
sclk                                       net            0.087            0.159              5        (140,102)
   Routing elements:
      Manhattan distance of X:0, Y:1
LUT__152|in[0]                             EFX_LUT4       0.034            0.193              5        (140,101)
LUT__152|out                               EFX_LUT4       0.000            0.193              4        (140,101)
n93                                        net            0.108            0.301              4        (140,101)
   Routing elements:
      Manhattan distance of X:0, Y:6
LUT__168|in[0]                             EFX_LUT4       0.034            0.335              4        (140,95) 
LUT__168|out                               EFX_LUT4       0.000            0.335              9        (140,95) 
gen_cores[0].u_spi/n431                    net            0.208            0.543              9        (140,95) 
   Routing elements:
      Manhattan distance of X:1, Y:5
gen_cores[0].u_spi/shift_reg_rx[0]~FF|CE   EFX_FF        -0.045            0.498              9        (141,90) 

Capture Clock Path
                  name                     model name   delay (ns)  cumulative delay (ns) pins on net    location
===================================================================================================================
clk                                          input        0.000             0.000               0        (111,0) 
clk                                          input        0.070             0.070              36        (111,0) 
clk                                          net          1.469             1.539              36        (111,0) 
   Routing elements:
      Manhattan distance of X:30, Y:90
gen_cores[0].u_spi/shift_reg_rx[0]~FF|CLK    EFX_FF       0.000             1.539              36        (141,90)

++++ Path 7 ++++++++++++++++++++++++++++++++++++++++++++++++++++++++++++++++++++

Path Begin    : gen_cores[0].u_spi/shift_reg_rx[0]~FF|CLK
Path End      : gen_cores[0].u_spi/shift_reg_rx[1]~FF|D  
Launch Clock  : clk (RISE)                               
Capture Clock : clk (RISE)                               
Slack         : 0.098 (arrival time - required time)     
Delay         : 0.141                                    

Logic Level             : 0
Non-global nets on path : 1
Global nets on path     : 0

Launch Clock Path Delay        : 1.539
+ Clock To Q + Data Path Delay : 0.168
--------------------------------------
End-of-path arrival time       : 1.707

Constraint                     : 0.000
+ Capture Clock Path Delay     : 1.539
+ Clock Uncertainty            : 0.070
--------------------------------------
End-of-path required time      : 1.609

Launch Clock Path
                  name                     model name   delay (ns)  cumulative delay (ns) pins on net    location
===================================================================================================================
clk                                          input        0.000             0.000               0        (111,0) 
clk                                          input        0.070             0.070              36        (111,0) 
clk                                          net          1.469             1.539              36        (111,0) 
   Routing elements:
      Manhattan distance of X:30, Y:90
gen_cores[0].u_spi/shift_reg_rx[0]~FF|CLK    EFX_FF       0.000             1.539              36        (141,90)

Data Path
                 name                    model name   delay (ns)  cumulative delay (ns) pins on net    location
=================================================================================================================
gen_cores[0].u_spi/shift_reg_rx[0]~FF|Q    EFX_FF        0.072            0.072              3         (141,90)
gen_cores[0].u_spi/shift_reg_rx[0]         net           0.141            0.213              3         (141,90)
   Routing elements:
      Manhattan distance of X:0, Y:1
gen_cores[0].u_spi/shift_reg_rx[1]~FF|D    EFX_FF       -0.045            0.168              3         (141,89)

Capture Clock Path
                  name                     model name   delay (ns)  cumulative delay (ns) pins on net    location
===================================================================================================================
clk                                          input        0.000             0.000               0        (111,0) 
clk                                          input        0.070             0.070              36        (111,0) 
clk                                          net          1.469             1.539              36        (111,0) 
   Routing elements:
      Manhattan distance of X:30, Y:89
gen_cores[0].u_spi/shift_reg_rx[1]~FF|CLK    EFX_FF       0.000             1.539              36        (141,89)

++++ Path 8 ++++++++++++++++++++++++++++++++++++++++++++++++++++++++++++++++++++

Path Begin    : gen_cores[0].u_spi/clk_cnt[1]~FF|CLK    
Path End      : gen_cores[0].u_spi/shift_reg_rx[1]~FF|CE
Launch Clock  : clk (RISE)                              
Capture Clock : clk (RISE)                              
Slack         : 0.101 (arrival time - required time)    
Delay         : 0.480                                   

Logic Level             : 2
Non-global nets on path : 3
Global nets on path     : 0

Launch Clock Path Delay        : 1.203
+ Clock To Q + Data Path Delay : 0.507
--------------------------------------
End-of-path arrival time       : 1.710

Constraint                     : 0.000
+ Capture Clock Path Delay     : 1.539
+ Clock Uncertainty            : 0.070
--------------------------------------
End-of-path required time      : 1.609

Launch Clock Path
                name                  model name   delay (ns)  cumulative delay (ns) pins on net    location
==============================================================================================================
clk                                     input        0.000             0.000               0       (111,0)  
clk                                     input        0.070             0.070              36       (111,0)  
clk                                     net          1.133             1.203              36       (111,0)  
   Routing elements:
      Manhattan distance of X:29, Y:109
gen_cores[0].u_spi/clk_cnt[1]~FF|CLK    EFX_FF       0.000             1.203              36       (140,109)

Data Path
                  name                    model name   delay (ns)  cumulative delay (ns) pins on net    location
==================================================================================================================
gen_cores[0].u_spi/clk_cnt[1]~FF|Q         EFX_FF         0.072            0.072              5        (140,109)
gen_cores[0].u_spi/clk_cnt[1]              net            0.096            0.168              5        (140,109)
   Routing elements:
      Manhattan distance of X:0, Y:8
LUT__152|in[2]                             EFX_LUT4       0.034            0.202              5        (140,101)
LUT__152|out                               EFX_LUT4       0.000            0.202              4        (140,101)
n93                                        net            0.108            0.310              4        (140,101)
   Routing elements:
      Manhattan distance of X:0, Y:6
LUT__168|in[0]                             EFX_LUT4       0.034            0.344              4        (140,95) 
LUT__168|out                               EFX_LUT4       0.000            0.344              9        (140,95) 
gen_cores[0].u_spi/n431                    net            0.208            0.552              9        (140,95) 
   Routing elements:
      Manhattan distance of X:1, Y:6
gen_cores[0].u_spi/shift_reg_rx[1]~FF|CE   EFX_FF        -0.045            0.507              9        (141,89) 

Capture Clock Path
                  name                     model name   delay (ns)  cumulative delay (ns) pins on net    location
===================================================================================================================
clk                                          input        0.000             0.000               0        (111,0) 
clk                                          input        0.070             0.070              36        (111,0) 
clk                                          net          1.469             1.539              36        (111,0) 
   Routing elements:
      Manhattan distance of X:30, Y:89
gen_cores[0].u_spi/shift_reg_rx[1]~FF|CLK    EFX_FF       0.000             1.539              36        (141,89)

++++ Path 9 ++++++++++++++++++++++++++++++++++++++++++++++++++++++++++++++++++++

Path Begin    : gen_cores[0].u_spi/clk_cnt[1]~FF|CLK    
Path End      : gen_cores[0].u_spi/shift_reg_rx[0]~FF|CE
Launch Clock  : clk (RISE)                              
Capture Clock : clk (RISE)                              
Slack         : 0.101 (arrival time - required time)    
Delay         : 0.480                                   

Logic Level             : 2
Non-global nets on path : 3
Global nets on path     : 0

Launch Clock Path Delay        : 1.203
+ Clock To Q + Data Path Delay : 0.507
--------------------------------------
End-of-path arrival time       : 1.710

Constraint                     : 0.000
+ Capture Clock Path Delay     : 1.539
+ Clock Uncertainty            : 0.070
--------------------------------------
End-of-path required time      : 1.609

Launch Clock Path
                name                  model name   delay (ns)  cumulative delay (ns) pins on net    location
==============================================================================================================
clk                                     input        0.000             0.000               0       (111,0)  
clk                                     input        0.070             0.070              36       (111,0)  
clk                                     net          1.133             1.203              36       (111,0)  
   Routing elements:
      Manhattan distance of X:29, Y:109
gen_cores[0].u_spi/clk_cnt[1]~FF|CLK    EFX_FF       0.000             1.203              36       (140,109)

Data Path
                  name                    model name   delay (ns)  cumulative delay (ns) pins on net    location
==================================================================================================================
gen_cores[0].u_spi/clk_cnt[1]~FF|Q         EFX_FF         0.072            0.072              5        (140,109)
gen_cores[0].u_spi/clk_cnt[1]              net            0.096            0.168              5        (140,109)
   Routing elements:
      Manhattan distance of X:0, Y:8
LUT__152|in[2]                             EFX_LUT4       0.034            0.202              5        (140,101)
LUT__152|out                               EFX_LUT4       0.000            0.202              4        (140,101)
n93                                        net            0.108            0.310              4        (140,101)
   Routing elements:
      Manhattan distance of X:0, Y:6
LUT__168|in[0]                             EFX_LUT4       0.034            0.344              4        (140,95) 
LUT__168|out                               EFX_LUT4       0.000            0.344              9        (140,95) 
gen_cores[0].u_spi/n431                    net            0.208            0.552              9        (140,95) 
   Routing elements:
      Manhattan distance of X:1, Y:5
gen_cores[0].u_spi/shift_reg_rx[0]~FF|CE   EFX_FF        -0.045            0.507              9        (141,90) 

Capture Clock Path
                  name                     model name   delay (ns)  cumulative delay (ns) pins on net    location
===================================================================================================================
clk                                          input        0.000             0.000               0        (111,0) 
clk                                          input        0.070             0.070              36        (111,0) 
clk                                          net          1.469             1.539              36        (111,0) 
   Routing elements:
      Manhattan distance of X:30, Y:90
gen_cores[0].u_spi/shift_reg_rx[0]~FF|CLK    EFX_FF       0.000             1.539              36        (141,90)

++++ Path 10 +++++++++++++++++++++++++++++++++++++++++++++++++++++++++++++++++++

Path Begin    : sclk~FF|CLK                         
Path End      : sclk~FF|D                           
Launch Clock  : clk (RISE)                          
Capture Clock : clk (RISE)                          
Slack         : 0.109 (arrival time - required time)
Delay         : 0.107                               

Logic Level             : 1
Non-global nets on path : 2
Global nets on path     : 0

Launch Clock Path Delay        : 1.203
+ Clock To Q + Data Path Delay : 0.179
--------------------------------------
End-of-path arrival time       : 1.382

Constraint                     : 0.000
+ Capture Clock Path Delay     : 1.203
+ Clock Uncertainty            : 0.070
--------------------------------------
End-of-path required time      : 1.273

Launch Clock Path
    name      model name   delay (ns)  cumulative delay (ns) pins on net    location
======================================================================================
clk             input        0.000             0.000               0       (111,0)  
clk             input        0.070             0.070              36       (111,0)  
clk             net          1.133             1.203              36       (111,0)  
   Routing elements:
      Manhattan distance of X:29, Y:102
sclk~FF|CLK     EFX_FF       0.000             1.203              36       (140,102)

Data Path
         name           model name   delay (ns)  cumulative delay (ns) pins on net    location
================================================================================================
sclk~FF|Q                EFX_FF        0.072             0.072              5        (140,102)
sclk                     net           0.073             0.145              5        (140,102)
LUT__172|in[0]           EFX_LUT4      0.034             0.179              5        (140,102)
LUT__172|out             EFX_LUT4      0.000             0.179              2        (140,102)
gen_cores[0].u_spi/n21   net           0.000             0.179              2        (140,102)
sclk~FF|D                EFX_FF        0.000             0.179              2        (140,102)

Capture Clock Path
    name      model name   delay (ns)  cumulative delay (ns) pins on net    location
======================================================================================
clk             input        0.000             0.000               0       (111,0)  
clk             input        0.070             0.070              36       (111,0)  
clk             net          1.133             1.203              36       (111,0)  
   Routing elements:
      Manhattan distance of X:29, Y:102
sclk~FF|CLK     EFX_FF       0.000             1.203              36       (140,102)

---------- Path Details for Min Critical Paths (end) ---------------

