INFO     : Efinix FPGA Synthesis.
INFO     : Version: 2025.2.288.2.10
INFO     : Compiled: Dec 18 2025.
INFO     : 
INFO     : Copyright (C) 2013 - 2025 Efinix, Inc. All rights reserved.

INFO     : Reading project database "/home/hagen/school/fpga_comparison_project/efinity_project/efinity_project.xml" [FlowMsg::ProjectDatabaseReading]
INFO     : Analyzing Verilog file '/home/hagen/Downloads/efinity-2025.2.288.2.10-linux-x64/efinity/2025.2/sim_models/maplib/efinix_peri_lib.v' [VERI-1482]
INFO     : /home/hagen/Downloads/efinity-2025.2.288.2.10-linux-x64/efinity/2025.2/sim_models/maplib/efinix_peri_lib.v(8): compiling module 'EFX_IBUF' [VERI-1018]
INFO     : /home/hagen/Downloads/efinity-2025.2.288.2.10-linux-x64/efinity/2025.2/sim_models/maplib/efinix_peri_lib.v(16): compiling module 'EFX_OBUF' [VERI-1018]
INFO     : /home/hagen/Downloads/efinity-2025.2.288.2.10-linux-x64/efinity/2025.2/sim_models/maplib/efinix_peri_lib.v(23): compiling module 'EFX_IO_BUF' [VERI-1018]
INFO     : /home/hagen/Downloads/efinity-2025.2.288.2.10-linux-x64/efinity/2025.2/sim_models/maplib/efinix_peri_lib.v(33): compiling module 'EFX_CLKOUT' [VERI-1018]
INFO     : /home/hagen/Downloads/efinity-2025.2.288.2.10-linux-x64/efinity/2025.2/sim_models/maplib/efinix_peri_lib.v(41): compiling module 'EFX_IREG' [VERI-1018]
INFO     : /home/hagen/Downloads/efinity-2025.2.288.2.10-linux-x64/efinity/2025.2/sim_models/maplib/efinix_peri_lib.v(51): compiling module 'EFX_OREG' [VERI-1018]
INFO     : /home/hagen/Downloads/efinity-2025.2.288.2.10-linux-x64/efinity/2025.2/sim_models/maplib/efinix_peri_lib.v(60): compiling module 'EFX_IOREG' [VERI-1018]
INFO     : /home/hagen/Downloads/efinity-2025.2.288.2.10-linux-x64/efinity/2025.2/sim_models/maplib/efinix_peri_lib.v(75): compiling module 'EFX_IDDIO' [VERI-1018]
INFO     : /home/hagen/Downloads/efinity-2025.2.288.2.10-linux-x64/efinity/2025.2/sim_models/maplib/efinix_peri_lib.v(87): compiling module 'EFX_ODDIO' [VERI-1018]
INFO     : /home/hagen/Downloads/efinity-2025.2.288.2.10-linux-x64/efinity/2025.2/sim_models/maplib/efinix_peri_lib.v(99): compiling module 'EFX_GPIO_V1' [VERI-1018]
INFO     : /home/hagen/Downloads/efinity-2025.2.288.2.10-linux-x64/efinity/2025.2/sim_models/maplib/efinix_peri_lib.v(124): compiling module 'EFX_GPIO_V2' [VERI-1018]
INFO     : /home/hagen/Downloads/efinity-2025.2.288.2.10-linux-x64/efinity/2025.2/sim_models/maplib/efinix_peri_lib.v(149): compiling module 'EFX_GPIO_V3' [VERI-1018]
INFO     : /home/hagen/Downloads/efinity-2025.2.288.2.10-linux-x64/efinity/2025.2/sim_models/maplib/efinix_peri_lib.v(186): compiling module 'EFX_PLL_V1' [VERI-1018]
INFO     : /home/hagen/Downloads/efinity-2025.2.288.2.10-linux-x64/efinity/2025.2/sim_models/maplib/efinix_peri_lib.v(205): compiling module 'EFX_PLL_V2' [VERI-1018]
INFO     : /home/hagen/Downloads/efinity-2025.2.288.2.10-linux-x64/efinity/2025.2/sim_models/maplib/efinix_peri_lib.v(231): compiling module 'EFX_PLL_V3' [VERI-1018]
INFO     : /home/hagen/Downloads/efinity-2025.2.288.2.10-linux-x64/efinity/2025.2/sim_models/maplib/efinix_peri_lib.v(279): compiling module 'EFX_OSC_V1' [VERI-1018]
INFO     : /home/hagen/Downloads/efinity-2025.2.288.2.10-linux-x64/efinity/2025.2/sim_models/maplib/efinix_peri_lib.v(285): compiling module 'EFX_OSC_V3' [VERI-1018]
INFO     : /home/hagen/Downloads/efinity-2025.2.288.2.10-linux-x64/efinity/2025.2/sim_models/maplib/efinix_peri_lib.v(294): compiling module 'EFX_FPLL_V1' [VERI-1018]
INFO     : /home/hagen/Downloads/efinity-2025.2.288.2.10-linux-x64/efinity/2025.2/sim_models/maplib/efinix_peri_lib.v(348): compiling module 'EFX_JTAG_V1' [VERI-1018]
INFO     : /home/hagen/Downloads/efinity-2025.2.288.2.10-linux-x64/efinity/2025.2/sim_models/maplib/efinix_peri_lib.v(357): compiling module 'EFX_JTAG_CTRL' [VERI-1018]
INFO     : /home/hagen/Downloads/efinity-2025.2.288.2.10-linux-x64/efinity/2025.2/sim_models/maplib/efinix_peri_lib.v(364): compiling module 'EFX_LVDS_RX_V1' [VERI-1018]
INFO     : /home/hagen/Downloads/efinity-2025.2.288.2.10-linux-x64/efinity/2025.2/sim_models/maplib/efinix_peri_lib.v(381): compiling module 'EFX_LVDS_TX_V1' [VERI-1018]
INFO     : /home/hagen/Downloads/efinity-2025.2.288.2.10-linux-x64/efinity/2025.2/sim_models/maplib/efinix_peri_lib.v(399): compiling module 'EFX_LVDS_RX_V2' [VERI-1018]
INFO     : /home/hagen/Downloads/efinity-2025.2.288.2.10-linux-x64/efinity/2025.2/sim_models/maplib/efinix_peri_lib.v(426): compiling module 'EFX_LVDS_TX_V2' [VERI-1018]
INFO     : /home/hagen/Downloads/efinity-2025.2.288.2.10-linux-x64/efinity/2025.2/sim_models/maplib/efinix_peri_lib.v(446): compiling module 'EFX_LVDS_BIDIR_V2' [VERI-1018]
INFO     : /home/hagen/Downloads/efinity-2025.2.288.2.10-linux-x64/efinity/2025.2/sim_models/maplib/efinix_peri_lib.v(485): compiling module 'EFX_MIPI_TX_LN_V1' [VERI-1018]
INFO     : /home/hagen/Downloads/efinity-2025.2.288.2.10-linux-x64/efinity/2025.2/sim_models/maplib/efinix_peri_lib.v(508): compiling module 'EFX_MIPI_RX_LN_V1' [VERI-1018]
INFO     : /home/hagen/Downloads/efinity-2025.2.288.2.10-linux-x64/efinity/2025.2/sim_models/maplib/efinix_peri_lib.v(543): compiling module 'EFX_MIPI_RX_CLK_LN_V1' [VERI-1018]
INFO     : Reading project database "/home/hagen/school/fpga_comparison_project/efinity_project/efinity_project.xml" [FlowMsg::ProjectDatabaseReading]
INFO     : ***** Beginning Analysis ... *****
INFO     : default VHDL library search path is now "/home/hagen/Downloads/efinity-2025.2.288.2.10-linux-x64/efinity/2025.2/sim_models/vhdl/packages/vhdl_2008" [VHDL-1504]
INFO     : Analyzing Verilog file '/home/hagen/Downloads/efinity-2025.2.288.2.10-linux-x64/efinity/2025.2/sim_models/maplib/efinix_maplib.v' [VERI-1482]
INFO     : Analyzing Verilog file '/home/hagen/Downloads/efinity-2025.2.288.2.10-linux-x64/efinity/2025.2/sim_models/maplib/efinix_peri_lib.v' [VERI-1482]
INFO     : Analyzing Verilog file '/home/hagen/Downloads/efinity-2025.2.288.2.10-linux-x64/efinity/2025.2/sim_models/maplib/efinix_maplib.v' [VERI-1482]
INFO     : Analyzing Verilog file '/home/hagen/Downloads/efinity-2025.2.288.2.10-linux-x64/efinity/2025.2/sim_models/maplib/efinix_peri_lib.v' [VERI-1482]
INFO     : Analyzing Verilog file '/home/hagen/school/fpga_comparison_project/up_counter.sv' [VERI-1482]
INFO     : Analyzing Verilog file '/home/hagen/school/fpga_comparison_project/spi_controller.sv' [VERI-1482]
INFO     : Analyzing Verilog file '/home/hagen/school/fpga_comparison_project/down_counter.sv' [VERI-1482]
INFO     : Analyzing Verilog file '/home/hagen/school/fpga_comparison_project/spi_controller_tmr.sv' [VERI-1482]
INFO     : Analysis took 0.031077051 seconds [FlowMsg::StageDuration]
INFO     :     Analysis took 0.03 seconds (approximately) in total CPU time [FlowMsg::StageDuration::CPUTime]
INFO     : Analysis virtual memory usage: begin = 130.636 MB, end = 131.66 MB, delta = 1.024 MB [FlowMsg::VMUsage]
INFO     : Analysis resident set memory usage: begin = 73.244 MB, end = 74.6 MB, delta = 1.356 MB [FlowMsg::RSSUsage]
INFO     :     Analysis peak resident set memory usage = 261.84 MB [FlowMsg::RSSUsage::Peak]
INFO     : ***** Ending Analysis ... *****
INFO     : ***** Beginning Elaboration ... *****
ERROR    : No module or design unit efinity_project found [FlowMsg::NoModuleOrDesignUnitFound]
INFO     : Elaboration took 6.2259e-05 seconds [FlowMsg::StageDuration]
INFO     :     Elaboration took 0 seconds (approximately) in total CPU time [FlowMsg::StageDuration::CPUTime]
INFO     : Elaboration virtual memory usage: begin = 131.66 MB, end = 131.66 MB, delta = 0 MB [FlowMsg::VMUsage]
INFO     : Elaboration resident set memory usage: begin = 74.732 MB, end = 74.9 MB, delta = 0.168 MB [FlowMsg::RSSUsage]
INFO     :     Elaboration peak resident set memory usage = 261.84 MB [FlowMsg::RSSUsage::Peak]
INFO     : ***** Ending Elaboration ... *****
ERROR    : Elaboration of module 'efinity_project' failed. Please check previous error messages. [EFX-0021]
INFO     : The entire flow of EFX_MAP took 0.811773987 seconds [FlowMsg::StageDuration]
INFO     :     The entire flow of EFX_MAP took 0.75 seconds (approximately) in total CPU time [FlowMsg::StageDuration::CPUTime]
INFO     : The entire flow of EFX_MAP virtual memory usage: begin = 94.476 MB, end = 131.66 MB, delta = 37.184 MB [FlowMsg::VMUsage]
INFO     : The entire flow of EFX_MAP resident set memory usage: begin = 29.412 MB, end = 74.9 MB, delta = 45.488 MB [FlowMsg::RSSUsage]
INFO     :     The entire flow of EFX_MAP peak resident set memory usage = 261.84 MB [FlowMsg::RSSUsage::Peak]
