           
           Efinix FPGA Placement and Routing.
           Version: 2025.2.288.2.10 
           Compiled: Dec 18 2025.
           
           Copyright (C) 2013 - 2025 Efinix, Inc. All rights reserved.

           
           The Tool Is Based on VPR of University of Toronto,
           a free open source code under MIT license.
           
INFO     : Reading core interface constraints file "/home/hagen/school/fpga_comparison_project/efinity_project/up_counter/outflow/up_counter.interface.csv" [DBMsg::CoreInterfaceConstraintsFileReading]
INFO     : Successfully read core interface constraints file "/home/hagen/school/fpga_comparison_project/efinity_project/up_counter/outflow/up_counter.interface.csv" [DBMsg::CoreInterfaceConstraintsFileLoadSuccess]
INFO     : Packed 9 lut->ffs and 0 ff->luts out of 17 (8 were lonely) [PackerMsg::CellPackingStatistics]
INFO     : XLR count after merging: 19
INFO     : Netlist has 4 luts, 17 ffs and 7 adders [PackerMsg::NetlistStatistics]
INFO     : Packed into 19 clusters with 1.6842105(1) inputs(outputs) per cluster for a total of 32(19) inputs(outputs) [PackerMsg::ClusterPackingStatistics]
INFO     : Packed into 19 xlrs with 1.6842105(1) inputs(outputs) per xlr for a total of 32(19) inputs(outputs) [PackerMsg::XLRPackingStatistics]
INFO     : Packed 0 fracturable DSPs into 0 clusters [PackerMsg::DSPPackingStatistics]
INFO     : Packing took 0.191092818 seconds [FlowMsg::StageDuration]
INFO     :     Packing took 0.17 seconds (approximately) in total CPU time [FlowMsg::StageDuration::CPUTime]
INFO     : Packing virtual memory usage: begin = 191.432 MB, end = 234.932 MB, delta = 43.5 MB [FlowMsg::VMUsage]
INFO     : Packing resident set memory usage: begin = 108.656 MB, end = 116.44 MB, delta = 7.784 MB [FlowMsg::RSSUsage]
INFO     :     Packing peak resident set memory usage = 275.104 MB [FlowMsg::RSSUsage::Peak]
INFO     : No SDC file found.  Using default timing constraint of 1 ns.
INFO     : NOTE:  Use --sdc_file <SDC_FILE> to override this behavior.
INFO     : Creating clock 'clk' with 1 sources
INFO     : Reading core interface constraints file "/home/hagen/school/fpga_comparison_project/efinity_project/up_counter/outflow/up_counter.interface.csv" [DBMsg::CoreInterfaceConstraintsFileReading]
INFO     : Successfully read core interface constraints file "/home/hagen/school/fpga_comparison_project/efinity_project/up_counter/outflow/up_counter.interface.csv" [DBMsg::CoreInterfaceConstraintsFileLoadSuccess]
WARNING  : IO cell "count[0]" has no assigned placement; it will be placed randomly
WARNING  : IO cell "clk" has no assigned placement; it will be placed randomly
WARNING  : IO cell "en" has no assigned placement; it will be placed randomly
WARNING  : IO cell "count[7]" has no assigned placement; it will be placed randomly
WARNING  : IO cell "count[6]" has no assigned placement; it will be placed randomly
WARNING  : IO cell "count[5]" has no assigned placement; it will be placed randomly
WARNING  : IO cell "count[4]" has no assigned placement; it will be placed randomly
WARNING  : IO cell "rst" has no assigned placement; it will be placed randomly
WARNING  : IO cell "count[3]" has no assigned placement; it will be placed randomly
WARNING  : IO cell "count[2]" has no assigned placement; it will be placed randomly
WARNING  : IO cell "count[1]" has no assigned placement; it will be placed randomly
WARNING  : IO cell "count_up" has no assigned placement; it will be placed randomly
INFO     : 12 IO cells will have random placement
INFO     : Counting 1 clocks that are not assigned to clock resources as global clocks.
INFO     : Reading core interface constraints file "/home/hagen/school/fpga_comparison_project/efinity_project/up_counter/outflow/up_counter.interface.csv" [DBMsg::CoreInterfaceConstraintsFileReading]
INFO     : Successfully read core interface constraints file "/home/hagen/school/fpga_comparison_project/efinity_project/up_counter/outflow/up_counter.interface.csv" [DBMsg::CoreInterfaceConstraintsFileLoadSuccess]
INFO     : Counting 1 clocks that are not assigned to clock resources as global clocks.
INFO     : Starting Global Placer with 10 threads ...
            ----------     -------  --------------     -------
             Iteration       WHPWL Worst Slack (ps) Convergence
            ----------     -------  --------------     -------
INFO     :           1        1615             410        91.4%
INFO     :           2        1559             410        95.3%
INFO     :           3        1512             410        97.6%
INFO     :           4        1508             410        99.0%
INFO     :           5        1500             410        99.1%
INFO     :           6        1501             410        99.4%
INFO     :           7        1500             392        99.4%
INFO     :           8        1485             246        99.5%
INFO     :           9        1492             246        99.5%
INFO     :          10        1492             246        99.5%
INFO     :          11        1494             246        99.5%
INFO     :          12        1493             246        99.7%
INFO     :          13        1496             246        99.7%
INFO     :          14        1497             336        99.7%
INFO     : Starting Annealer
            ----------     -------  --------------     -------
             Iteration       WHPWL  Delay Max (ps)     R Limit
            ----------     -------  --------------     -------
INFO     :           0          13             634        30.0
INFO     :           1          10             543        29.2
INFO     :           2          11             543        28.1
INFO     :           3          11             543        27.1
INFO     :           4          11             543        26.0
INFO     :           5          10             543        25.2
INFO     :           6          10             543        24.2
INFO     :           7          10             543        23.3
INFO     :           8          10             543        22.2
INFO     :           9          10             543        21.2
INFO     :          10          10             543        20.2
INFO     :          11          10             543        19.3
INFO     :          12          10             543        18.3
INFO     :          13          10             543        17.4
INFO     :          14          10             543        16.5
INFO     :          15          10             543        15.6
INFO     :          16           9             543        14.8
INFO     :          17           9             543        14.0
INFO     :          18          10             543        13.3
INFO     :          19          10             543        12.6
INFO     :          20          11             543        12.0
INFO     :          21          10             543        11.4
INFO     :          22          10             543        10.8
INFO     :          23          10             543        10.2
INFO     :          24          10             543         9.7
INFO     : Placement successful: 19 cells are placed
INFO     : Peak congestion smeared over 4x4 of the chip is 0.0702648 at 146,90
INFO     : Peak congestion smeared over 1/16 of the chip is 0.0164184 at 155,87
INFO     : Peak congestion smeared over 1/4 of the chip is 0.00301285 at 197,137
INFO     : Congestion-weighted HPWL per net: 52.2219
INFO     : Placement took 2.952747017 seconds [FlowMsg::StageDuration]
INFO     :     Placement took 3.67 seconds (approximately) in total CPU time [FlowMsg::StageDuration::CPUTime]
INFO     : Placement virtual memory usage: begin = 309.308 MB, end = 327.744 MB, delta = 18.436 MB [FlowMsg::VMUsage]
INFO     : Placement resident set memory usage: begin = 180.176 MB, end = 154.08 MB, delta = -26.096 MB [FlowMsg::RSSUsage]
INFO     :     Placement peak resident set memory usage = 275.104 MB [FlowMsg::RSSUsage::Peak]
INFO     : Post-placement cluster-level checks is successful
INFO     : Post-placement primitive-level checks is successful
