
Copyright (C) 1994-2025 Synopsys, Inc.
This Synopsys software and all associated documentation are proprietary to Synopsys, Inc.
and may only be used pursuant to the terms and conditions of a written license agreement
with Synopsys, Inc. All other use, reproduction, modification, or distribution of the
Synopsys software or the associated documentation is strictly prohibited.
Tool: Synplify Pro (R)
Build: W-2025.03LR-SP1
Install: C:\lscc\radiant\2025.2\synpbase
OS: Windows 10 or later
Hostname: DESKTOP-9LKF312

Implementation : impl_1

# Written on Sun Mar 22 10:38:19 2026

##### FILES SYNTAX CHECKED ##############################################
Constraint File(s):      "C:\lscc\radiant\2025.2\scripts\tcl\flow\radiant_synplify_vars.tcl"

#Run constraint checker to find more issues with constraints.
#########################################################################



No issues found in constraint syntax.



Clock Summary
*************

          Start                  Requested     Requested     Clock        Clock                                          Clock
Level     Clock                  Frequency     Period        Type         Group                                          Load 
------------------------------------------------------------------------------------------------------------------------------
0 -       spi_controller|clk     200.0 MHz     5.000         inferred     Inferred_clkgroup_0, Inferred_clkgroup_0_1     35   
==============================================================================================================================


Clock Load Summary
******************

                       Clock     Source        Clock Pin       Non-clock Pin     Non-clock Pin
Clock                  Load      Pin           Seq Example     Seq Example       Comb Example 
----------------------------------------------------------------------------------------------
spi_controller|clk     35        clk(port)     done.C          -                 -            
==============================================================================================
