
Copyright (C) 1994-2025 Synopsys, Inc.
This Synopsys software and all associated documentation are proprietary to Synopsys, Inc.
and may only be used pursuant to the terms and conditions of a written license agreement
with Synopsys, Inc. All other use, reproduction, modification, or distribution of the
Synopsys software or the associated documentation is strictly prohibited.
Tool: Synplify Pro (R)
Build: W-2025.03LR-SP1
Install: C:\lscc\radiant\2025.2\synpbase
OS: Windows 10 or later
Hostname: DESKTOP-9LKF312

Implementation : impl_1

# Written on Sun Apr 19 14:36:02 2026

##### DESIGN INFO #######################################################

Top View:                "down_counter"
Constraint File(s):      "C:\lscc\radiant\2025.2\scripts\tcl\flow\radiant_synplify_vars.tcl"




##### SUMMARY ############################################################

Found 0 issues in 0 out of 0 constraints


##### DETAILS ############################################################


Clock Summary
*************

          Start                Requested     Requested     Clock        Clock                                          Clock
Level     Clock                Frequency     Period        Type         Group                                          Load 
----------------------------------------------------------------------------------------------------------------------------
0 -       down_counter|clk     200.0 MHz     5.000         inferred     Inferred_clkgroup_0, Inferred_clkgroup_0_1     8    
============================================================================================================================


Clock Load Summary
******************

                     Clock     Source        Clock Pin       Non-clock Pin     Non-clock Pin
Clock                Load      Pin           Seq Example     Seq Example       Comb Example 
--------------------------------------------------------------------------------------------
down_counter|clk     8         clk(port)     count[0].C      -                 -            
============================================================================================



Clock Relationships
*******************

Starting             Ending               |     rise to rise     |     fall to fall     |     rise to fall     |     fall to rise                     
-----------------------------------------------------------------------------------------------------------------------------------------------------
down_counter|clk     down_counter|clk     |     5.000            |     No paths         |     No paths         |     No paths                         
=====================================================================================================================================================
 Note: 'No paths' indicates there are no paths in the design for that pair of clock edges.
       'Diff grp' indicates that paths exist but the starting clock and ending clock are in different clock groups.


Unconstrained Start/End Points
******************************

p:count[0]
p:count[1]
p:count[2]
p:count[3]
p:count[4]
p:count[5]
p:count[6]
p:count[7]
p:count_up
p:en
p:rst


Inapplicable constraints
************************

(none)


Applicable constraints with issues
**********************************

(none)


Constraints with matching wildcard expressions
**********************************************

(none)


Library Report
**************


# End of Constraint Checker Report
