
Copyright (C) 1994-2025 Synopsys, Inc.
This Synopsys software and all associated documentation are proprietary to Synopsys, Inc.
and may only be used pursuant to the terms and conditions of a written license agreement
with Synopsys, Inc. All other use, reproduction, modification, or distribution of the
Synopsys software or the associated documentation is strictly prohibited.
Tool: Synplify Pro (R)
Build: W-2025.03LR-SP1
Install: C:\lscc\radiant\2025.2\synpbase
OS: Windows 10 or later
Hostname: DESKTOP-9LKF312

Implementation : impl_1

# Written on Sun Mar 22 10:38:20 2026

##### DESIGN INFO #######################################################

Top View:                "spi_controller"
Constraint File(s):      "C:\lscc\radiant\2025.2\scripts\tcl\flow\radiant_synplify_vars.tcl"




##### SUMMARY ############################################################

Found 0 issues in 0 out of 0 constraints


##### DETAILS ############################################################


Clock Summary
*************

          Start                  Requested     Requested     Clock        Clock                                          Clock
Level     Clock                  Frequency     Period        Type         Group                                          Load 
------------------------------------------------------------------------------------------------------------------------------
0 -       spi_controller|clk     200.0 MHz     5.000         inferred     Inferred_clkgroup_0, Inferred_clkgroup_0_1     35   
==============================================================================================================================


Clock Load Summary
******************

                       Clock     Source        Clock Pin       Non-clock Pin     Non-clock Pin
Clock                  Load      Pin           Seq Example     Seq Example       Comb Example 
----------------------------------------------------------------------------------------------
spi_controller|clk     35        clk(port)     done.C          -                 -            
==============================================================================================



Clock Relationships
*******************

Starting               Ending                 |     rise to rise     |     fall to fall     |     rise to fall     |     fall to rise                     
---------------------------------------------------------------------------------------------------------------------------------------------------------
spi_controller|clk     spi_controller|clk     |     5.000            |     No paths         |     No paths         |     No paths                         
=========================================================================================================================================================
 Note: 'No paths' indicates there are no paths in the design for that pair of clock edges.
       'Diff grp' indicates that paths exist but the starting clock and ending clock are in different clock groups.


Unconstrained Start/End Points
******************************

p:busy
p:cs_n
p:done
p:miso
p:mosi
p:rst_n
p:rx_data[0]
p:rx_data[1]
p:rx_data[2]
p:rx_data[3]
p:rx_data[4]
p:rx_data[5]
p:rx_data[6]
p:rx_data[7]
p:sclk
p:start
p:tx_data[0]
p:tx_data[1]
p:tx_data[2]
p:tx_data[3]
p:tx_data[4]
p:tx_data[5]
p:tx_data[6]
p:tx_data[7]


Inapplicable constraints
************************

(none)


Applicable constraints with issues
**********************************

(none)


Constraints with matching wildcard expressions
**********************************************

(none)


Library Report
**************


# End of Constraint Checker Report

