{
"Synplify Pro (R) Job Log" : {
	"Date" : "14:36:06    19-Apr-2026",
	"Working Directory" : "C:/Users/carol/repos/fpga_comparison_project/radiant_project/impl_1",
	"Install" : "C:/lscc/radiant/2025.2/synpbase"
},
"impl_1" :{
   "Job Flow" : "Sequential",
   "Start Time" : "14:35:56",
   "Runtime" : "10s",
   "Executable Run Time" : "07s",
   "synthesis" : {
      "Job Flow" : "Sequential",
      "Start Time" : "14:35:56",
      "Runtime" : "10s",
      "Executable Run Time" : "07s",
      "compile" : {
         "Job Flow" : "Sequential",
         "Start Time" : "14:35:56",
         "Runtime" : "07s",
         "Executable Run Time" : "04s",
         "compile_flow" : {
            "Job Flow" : "Sequential",
            "Start Time" : "14:35:56",
            "Runtime" : "05s",
            "Executable Run Time" : "03s",
            "compiler" : {
               "executable" : "bin64/c_hdl.exe",
               "Run Directory" : "C:/Users/carol/repos/fpga_comparison_project/radiant_project/impl_1",
               "Run State" : "Complete",
               "Return Code" : "0",
               "Run Success" : "yes",
               "Run Start Time" : "14:35:56",
               "Run Time" : "04s",
               "Exe Run Time" : "03s",
               "max_parallel_jobs" : "4",
               "Memory Usage" : "-",
               "Up-to-date (run skipped)" : "no"
            },
            "multi_srs_gen" : {
               "executable" : "bin64/syn_nfilter.exe",
               "Run Directory" : "C:/Users/carol/repos/fpga_comparison_project/radiant_project/impl_1",
               "Run State" : "Complete",
               "Return Code" : "0",
               "Run Success" : "yes",
               "Run Start Time" : "14:36:00",
               "Run Time" : "00s",
               "Exe Run Time" : "00s",
               "Memory Usage" : "-",
               "Up-to-date (run skipped)" : "no"
            }
         },
         "premap" : {
            "executable" : "bin64/m_gen_lattice.exe",
            "Run Directory" : "C:/Users/carol/repos/fpga_comparison_project/radiant_project/impl_1",
            "Run State" : "Complete",
            "Return Code" : "1",
            "Run Success" : "yes",
            "Run Start Time" : "14:36:01",
            "Run Time" : "02s",
            "Exe Run Time" : "01s",
            "max_parallel_jobs" : "4",
            "Memory Usage" : "-",
            "Up-to-date (run skipped)" : "no"
         }
      },
      "map" : {
         "Job Flow" : "Sequential",
         "Start Time" : "14:36:03",
         "Runtime" : "03s",
         "Executable Run Time" : "03s",
         "fpga_mapper" : {
            "executable" : "bin64/m_gen_lattice.exe",
            "Run Directory" : "C:/Users/carol/repos/fpga_comparison_project/radiant_project/impl_1",
            "Run State" : "Complete",
            "Return Code" : "1",
            "Run Success" : "yes",
            "Run Start Time" : "14:36:03",
            "Run Time" : "03s",
            "Exe Run Time" : "03s",
            "max_parallel_jobs" : "4",
            "Memory Usage" : "-",
            "Up-to-date (run skipped)" : "no"
         }
      }
   }
}
}